<?xml version="1.0" encoding="UTF-8"?>
<testsuite name="com.example.individualproject.BusinessImpl.UserServiceImpl.UserServiceImlTest" tests="1" skipped="0" failures="0" errors="0" timestamp="2022-04-13T11:28:35" hostname="MSILARS" time="0.103">
  <properties/>
  <testcase name="getAllUsers()" classname="com.example.individualproject.BusinessImpl.UserServiceImpl.UserServiceImlTest" time="0.103"/>
  <system-out><![CDATA[]]></system-out>
  <system-err><![CDATA[]]></system-err>
</testsuite>
