<?xml version="1.0" encoding="UTF-8"?>
<testsuite name="com.example.individualproject.controller.ProductControllerTest" tests="11" skipped="0" failures="0" errors="0" timestamp="2022-05-13T18:57:29" hostname="MSILARS" time="0.198">
  <properties/>
  <testcase name="getAllProductsByName()" classname="com.example.individualproject.controller.ProductControllerTest" time="0.037"/>
  <testcase name="updateProduct()" classname="com.example.individualproject.controller.ProductControllerTest" time="0.061"/>
  <testcase name="createProduct_NotFound()" classname="com.example.individualproject.controller.ProductControllerTest" time="0.015"/>
  <testcase name="getProduct_NotFound()" classname="com.example.individualproject.controller.ProductControllerTest" time="0.014"/>
  <testcase name="getAllProducts()" classname="com.example.individualproject.controller.ProductControllerTest" time="0.011"/>
  <testcase name="getAllProducts_NoneFound()" classname="com.example.individualproject.controller.ProductControllerTest" time="0.01"/>
  <testcase name="getAllProductsByName_NotFound()" classname="com.example.individualproject.controller.ProductControllerTest" time="0.006"/>
  <testcase name="deleteProduct()" classname="com.example.individualproject.controller.ProductControllerTest" time="0.008"/>
  <testcase name="updateProduct_NotFound()" classname="com.example.individualproject.controller.ProductControllerTest" time="0.009"/>
  <testcase name="getProduct()" classname="com.example.individualproject.controller.ProductControllerTest" time="0.007"/>
  <testcase name="createProduct()" classname="com.example.individualproject.controller.ProductControllerTest" time="0.01"/>
  <system-out><![CDATA[2022-05-13 20:57:27.705  INFO 21480 --- [    Test worker] .b.t.c.SpringBootTestContextBootstrapper : Neither @ContextConfiguration nor @ContextHierarchy found for test class [com.example.individualproject.controller.ProductControllerTest], using SpringBootContextLoader
2022-05-13 20:57:27.706  INFO 21480 --- [    Test worker] o.s.t.c.support.AbstractContextLoader    : Could not detect default resource locations for test class [com.example.individualproject.controller.ProductControllerTest]: no resource found for suffixes {-context.xml, Context.groovy}.
2022-05-13 20:57:27.706  INFO 21480 --- [    Test worker] t.c.s.AnnotationConfigContextLoaderUtils : Could not detect default configuration classes for test class [com.example.individualproject.controller.ProductControllerTest]: ProductControllerTest does not declare any static, non-private, non-final, nested classes annotated with @Configuration.
2022-05-13 20:57:27.708  INFO 21480 --- [    Test worker] .b.t.c.SpringBootTestContextBootstrapper : Found @SpringBootConfiguration com.example.individualproject.IndividualProjectApplication for test class com.example.individualproject.controller.ProductControllerTest
2022-05-13 20:57:27.710  INFO 21480 --- [    Test worker] .b.t.c.SpringBootTestContextBootstrapper : Loaded default TestExecutionListener class names from location [META-INF/spring.factories]: [org.springframework.security.test.context.support.WithSecurityContextTestExecutionListener, org.springframework.security.test.context.support.ReactorContextTestExecutionListener, org.springframework.boot.test.autoconfigure.restdocs.RestDocsTestExecutionListener, org.springframework.boot.test.autoconfigure.web.client.MockRestServiceServerResetTestExecutionListener, org.springframework.boot.test.autoconfigure.web.servlet.MockMvcPrintOnlyOnFailureTestExecutionListener, org.springframework.boot.test.autoconfigure.web.servlet.WebDriverTestExecutionListener, org.springframework.boot.test.autoconfigure.webservices.client.MockWebServiceServerTestExecutionListener, org.springframework.boot.test.mock.mockito.MockitoTestExecutionListener, org.springframework.boot.test.mock.mockito.ResetMocksTestExecutionListener, org.springframework.test.context.web.ServletTestExecutionListener, org.springframework.test.context.support.DirtiesContextBeforeModesTestExecutionListener, org.springframework.test.context.event.ApplicationEventsTestExecutionListener, org.springframework.test.context.support.DependencyInjectionTestExecutionListener, org.springframework.test.context.support.DirtiesContextTestExecutionListener, org.springframework.test.context.transaction.TransactionalTestExecutionListener, org.springframework.test.context.jdbc.SqlScriptsTestExecutionListener, org.springframework.test.context.event.EventPublishingTestExecutionListener]
2022-05-13 20:57:27.711  INFO 21480 --- [    Test worker] .b.t.c.SpringBootTestContextBootstrapper : Using TestExecutionListeners: [org.springframework.test.context.web.ServletTestExecutionListener@670075f2, org.springframework.test.context.support.DirtiesContextBeforeModesTestExecutionListener@45ebf3d5, org.springframework.test.context.event.ApplicationEventsTestExecutionListener@57d2a49a, org.springframework.boot.test.mock.mockito.MockitoTestExecutionListener@61ac7d17, org.springframework.boot.test.autoconfigure.SpringBootDependencyInjectionTestExecutionListener@5672b35, org.springframework.test.context.support.DirtiesContextTestExecutionListener@1f081517, org.springframework.test.context.transaction.TransactionalTestExecutionListener@5d3c8418, org.springframework.test.context.jdbc.SqlScriptsTestExecutionListener@5ffa0e6d, org.springframework.security.test.context.support.WithSecurityContextTestExecutionListener@6378a824, org.springframework.test.context.event.EventPublishingTestExecutionListener@3c07a9f1, org.springframework.security.test.context.support.ReactorContextTestExecutionListener@5a2e62d, org.springframework.boot.test.autoconfigure.restdocs.RestDocsTestExecutionListener@a240992, org.springframework.boot.test.autoconfigure.web.client.MockRestServiceServerResetTestExecutionListener@2cbbb97a, org.springframework.boot.test.autoconfigure.web.servlet.MockMvcPrintOnlyOnFailureTestExecutionListener@2d72c53d, org.springframework.boot.test.autoconfigure.web.servlet.WebDriverTestExecutionListener@3ff3dd30, org.springframework.boot.test.autoconfigure.webservices.client.MockWebServiceServerTestExecutionListener@15b12bc5, org.springframework.boot.test.mock.mockito.ResetMocksTestExecutionListener@64b03060]

  .   ____          _            __ _ _
 /\\ / ___'_ __ _ _(_)_ __  __ _ \ \ \ \
( ( )\___ | '_ | '_| | '_ \/ _` | \ \ \ \
 \\/  ___)| |_)| | | | | || (_| |  ) ) ) )
  '  |____| .__|_| |_|_| |_\__, | / / / /
 =========|_|==============|___/=/_/_/_/
 :: Spring Boot ::                (v2.6.3)

2022-05-13 20:57:27.732  INFO 21480 --- [    Test worker] c.e.i.controller.ProductControllerTest   : Starting ProductControllerTest using Java 17.0.2 on MSILars with PID 21480 (started by lars in C:\Users\lars\Desktop\ict\sem3\IndividualTask\s3_idividual_project\Idividual_project)
2022-05-13 20:57:27.732  INFO 21480 --- [    Test worker] c.e.i.controller.ProductControllerTest   : No active profile set, falling back to default profiles: default
2022-05-13 20:57:27.943  INFO 21480 --- [    Test worker] .s.d.r.c.RepositoryConfigurationDelegate : Bootstrapping Spring Data JPA repositories in DEFAULT mode.
2022-05-13 20:57:27.970  INFO 21480 --- [    Test worker] .s.d.r.c.RepositoryConfigurationDelegate : Finished Spring Data repository scanning in 26 ms. Found 5 JPA repository interfaces.
2022-05-13 20:57:28.079  INFO 21480 --- [    Test worker] trationDelegate$BeanPostProcessorChecker : Bean 'methodSecurityConfig' of type [com.example.individualproject.configuration.security.MethodSecurityConfig$$EnhancerBySpringCGLIB$$2e6d8927] is not eligible for getting processed by all BeanPostProcessors (for example: not eligible for auto-proxying)
2022-05-13 20:57:28.146  INFO 21480 --- [    Test worker] o.f.c.internal.license.VersionPrinter    : Flyway Community Edition 8.5.5 by Redgate
2022-05-13 20:57:28.146  INFO 21480 --- [    Test worker] o.f.c.internal.license.VersionPrinter    : See what's new here: https://flywaydb.org/documentation/learnmore/releaseNotes#8.5.5
2022-05-13 20:57:28.146  INFO 21480 --- [    Test worker] o.f.c.internal.license.VersionPrinter    : 
2022-05-13 20:57:28.147  INFO 21480 --- [    Test worker] com.zaxxer.hikari.HikariDataSource       : HikariPool-2 - Starting...
2022-05-13 20:57:28.164  INFO 21480 --- [    Test worker] com.zaxxer.hikari.HikariDataSource       : HikariPool-2 - Start completed.
2022-05-13 20:57:28.165  INFO 21480 --- [    Test worker] o.f.c.i.database.base.BaseDatabaseType   : Database: jdbc:mysql://localhost:3306/game_marked (MySQL 8.0)
2022-05-13 20:57:28.179  INFO 21480 --- [    Test worker] o.f.core.internal.command.DbValidate     : Successfully validated 3 migrations (execution time 00:00.006s)
2022-05-13 20:57:28.187  INFO 21480 --- [    Test worker] o.f.core.internal.command.DbMigrate      : Current version of schema `game_marked`: 3
2022-05-13 20:57:28.188  INFO 21480 --- [    Test worker] o.f.core.internal.command.DbMigrate      : Schema `game_marked` is up to date. No migration necessary.
2022-05-13 20:57:28.237  INFO 21480 --- [    Test worker] o.hibernate.jpa.internal.util.LogHelper  : HHH000204: Processing PersistenceUnitInfo [name: default]
2022-05-13 20:57:28.242  INFO 21480 --- [    Test worker] org.hibernate.dialect.Dialect            : HHH000400: Using dialect: org.hibernate.dialect.MySQL8Dialect
2022-05-13 20:57:28.331  INFO 21480 --- [    Test worker] o.h.e.t.j.p.i.JtaPlatformInitiator       : HHH000490: Using JtaPlatform implementation: [org.hibernate.engine.transaction.jta.platform.internal.NoJtaPlatform]
2022-05-13 20:57:28.331  INFO 21480 --- [    Test worker] j.LocalContainerEntityManagerFactoryBean : Initialized JPA EntityManagerFactory for persistence unit 'default'
2022-05-13 20:57:28.712  INFO 21480 --- [    Test worker] .s.s.UserDetailsServiceAutoConfiguration : 

Using generated security password: 0547a48b-60ec-46a5-b0e2-a66b5d1153bf

2022-05-13 20:57:28.769  INFO 21480 --- [    Test worker] o.s.s.web.DefaultSecurityFilterChain     : Will secure any request with [org.springframework.security.web.context.request.async.WebAsyncManagerIntegrationFilter@6818bf62, org.springframework.security.web.context.SecurityContextPersistenceFilter@38dee549, org.springframework.security.web.header.HeaderWriterFilter@23b65ee5, org.springframework.security.web.authentication.logout.LogoutFilter@4fff479d, org.springframework.security.web.savedrequest.RequestCacheAwareFilter@71f0dd9e, org.springframework.security.web.servletapi.SecurityContextHolderAwareRequestFilter@53fc3725, org.springframework.security.web.authentication.AnonymousAuthenticationFilter@5d6ece53, org.springframework.security.web.session.SessionManagementFilter@3f831580, org.springframework.security.web.access.ExceptionTranslationFilter@36845346]
2022-05-13 20:57:29.702  INFO 21480 --- [    Test worker] o.s.b.t.m.w.SpringBootMockServletContext : Initializing Spring TestDispatcherServlet ''
2022-05-13 20:57:29.702  INFO 21480 --- [    Test worker] o.s.t.web.servlet.TestDispatcherServlet  : Initializing Servlet ''
2022-05-13 20:57:29.703  INFO 21480 --- [    Test worker] o.s.t.web.servlet.TestDispatcherServlet  : Completed initialization in 1 ms
2022-05-13 20:57:29.714  INFO 21480 --- [    Test worker] c.e.i.controller.ProductControllerTest   : Started ProductControllerTest in 2.001 seconds (JVM running for 12.566)

MockHttpServletRequest:
      HTTP Method = GET
      Request URI = /products/search/Pokemon
       Parameters = {}
          Headers = []
             Body = null
    Session Attrs = {}

Handler:
             Type = com.example.individualproject.controller.ProductController
           Method = com.example.individualproject.controller.ProductController#getAllProductsByName(String)

Async:
    Async started = false
     Async result = null

Resolved Exception:
             Type = null

ModelAndView:
        View name = null
             View = null
            Model = null

FlashMap:
       Attributes = null

MockHttpServletResponse:
           Status = 200
    Error message = null
          Headers = [Vary:"Origin", "Access-Control-Request-Method", "Access-Control-Request-Headers", Content-Type:"application/json", X-Content-Type-Options:"nosniff", X-XSS-Protection:"1; mode=block", Cache-Control:"no-cache, no-store, max-age=0, must-revalidate", Pragma:"no-cache", Expires:"0", X-Frame-Options:"DENY"]
     Content type = application/json
             Body = [{"id":1,"productInfo":{"title":"Pokemon","subTitle":"diamond","series":"Pokemon","year":2022,"price":10.01,"condition":"TRASH","description":"Pokemon game","genreId":1,"productType":"GAME","images":[]},"seller":null},{"id":2,"productInfo":{"title":"Pokemon","subTitle":"Pearl","series":"Pokemon","year":2022,"price":10.01,"condition":"TRASH","description":"Pokemon game","genreId":2,"productType":"GAME","images":[]},"seller":null}]
    Forwarded URL = null
   Redirected URL = null
          Cookies = []

MockHttpServletRequest:
      HTTP Method = PUT
      Request URI = /products
       Parameters = {}
          Headers = [Content-Type:"application/json;charset=UTF-8", Content-Length:"311"]
             Body = {
  "productId" : null,
  "productInfo" : {
    "title" : "Pokemon",
    "subTitle" : "diamond",
    "series" : "Pokemon",
    "year" : 2022,
    "price" : 10.01,
    "condition" : "TRASH",
    "description" : "Pokemon game",
    "genreId" : 1,
    "productType" : "GAME",
    "images" : [ ]
  }
}
    Session Attrs = {}

Handler:
             Type = com.example.individualproject.controller.ProductController
           Method = com.example.individualproject.controller.ProductController#updateProduct(UpdateProductRequestDTO)

Async:
    Async started = false
     Async result = null

Resolved Exception:
             Type = null

ModelAndView:
        View name = null
             View = null
            Model = null

FlashMap:
       Attributes = null

MockHttpServletResponse:
           Status = 204
    Error message = null
          Headers = [Vary:"Origin", "Access-Control-Request-Method", "Access-Control-Request-Headers", X-Content-Type-Options:"nosniff", X-XSS-Protection:"1; mode=block", Cache-Control:"no-cache, no-store, max-age=0, must-revalidate", Pragma:"no-cache", Expires:"0", X-Frame-Options:"DENY"]
     Content type = null
             Body = 
    Forwarded URL = null
   Redirected URL = null
          Cookies = []

MockHttpServletRequest:
      HTTP Method = POST
      Request URI = /products
       Parameters = {}
          Headers = [Content-Type:"application/json;charset=UTF-8", Content-Length:"308"]
             Body = {
  "productInfo" : {
    "title" : "Pokemon",
    "subTitle" : "diamond",
    "series" : "Pokemon",
    "year" : 2022,
    "price" : 10.01,
    "condition" : "TRASH",
    "description" : "Pokemon game",
    "genreId" : 1,
    "productType" : "GAME",
    "images" : [ ]
  },
  "seller" : null
}
    Session Attrs = {}

Handler:
             Type = com.example.individualproject.controller.ProductController
           Method = com.example.individualproject.controller.ProductController#createProduct(CreateProductRequestDTO)

Async:
    Async started = false
     Async result = null

Resolved Exception:
             Type = null

ModelAndView:
        View name = null
             View = null
            Model = null

FlashMap:
       Attributes = null

MockHttpServletResponse:
           Status = 409
    Error message = null
          Headers = [Vary:"Origin", "Access-Control-Request-Method", "Access-Control-Request-Headers", X-Content-Type-Options:"nosniff", X-XSS-Protection:"1; mode=block", Cache-Control:"no-cache, no-store, max-age=0, must-revalidate", Pragma:"no-cache", Expires:"0", X-Frame-Options:"DENY"]
     Content type = null
             Body = 
    Forwarded URL = null
   Redirected URL = null
          Cookies = []

MockHttpServletRequest:
      HTTP Method = GET
      Request URI = /products/1
       Parameters = {}
          Headers = []
             Body = null
    Session Attrs = {}

Handler:
             Type = com.example.individualproject.controller.ProductController
           Method = com.example.individualproject.controller.ProductController#getProduct(Long)

Async:
    Async started = false
     Async result = null

Resolved Exception:
             Type = null

ModelAndView:
        View name = null
             View = null
            Model = null

FlashMap:
       Attributes = null

MockHttpServletResponse:
           Status = 404
    Error message = null
          Headers = [Vary:"Origin", "Access-Control-Request-Method", "Access-Control-Request-Headers", X-Content-Type-Options:"nosniff", X-XSS-Protection:"1; mode=block", Cache-Control:"no-cache, no-store, max-age=0, must-revalidate", Pragma:"no-cache", Expires:"0", X-Frame-Options:"DENY"]
     Content type = null
             Body = 
    Forwarded URL = null
   Redirected URL = null
          Cookies = []

MockHttpServletRequest:
      HTTP Method = GET
      Request URI = /products
       Parameters = {}
          Headers = []
             Body = null
    Session Attrs = {}

Handler:
             Type = com.example.individualproject.controller.ProductController
           Method = com.example.individualproject.controller.ProductController#getAllProducts()

Async:
    Async started = false
     Async result = null

Resolved Exception:
             Type = null

ModelAndView:
        View name = null
             View = null
            Model = null

FlashMap:
       Attributes = null

MockHttpServletResponse:
           Status = 200
    Error message = null
          Headers = [Vary:"Origin", "Access-Control-Request-Method", "Access-Control-Request-Headers", Content-Type:"application/json", X-Content-Type-Options:"nosniff", X-XSS-Protection:"1; mode=block", Cache-Control:"no-cache, no-store, max-age=0, must-revalidate", Pragma:"no-cache", Expires:"0", X-Frame-Options:"DENY"]
     Content type = application/json
             Body = [{"id":1,"productInfo":{"title":"Pokemon","subTitle":"diamond","series":"Pokemon","year":2022,"price":10.01,"condition":"TRASH","description":"Pokemon game","genreId":1,"productType":"GAME","images":[]},"seller":null},{"id":2,"productInfo":{"title":"Pokemon","subTitle":"Pearl","series":"Pokemon","year":2022,"price":10.01,"condition":"TRASH","description":"Pokemon game","genreId":2,"productType":"GAME","images":[]},"seller":null}]
    Forwarded URL = null
   Redirected URL = null
          Cookies = []

MockHttpServletRequest:
      HTTP Method = GET
      Request URI = /products
       Parameters = {}
          Headers = []
             Body = null
    Session Attrs = {}

Handler:
             Type = com.example.individualproject.controller.ProductController
           Method = com.example.individualproject.controller.ProductController#getAllProducts()

Async:
    Async started = false
     Async result = null

Resolved Exception:
             Type = null

ModelAndView:
        View name = null
             View = null
            Model = null

FlashMap:
       Attributes = null

MockHttpServletResponse:
           Status = 404
    Error message = null
          Headers = [Vary:"Origin", "Access-Control-Request-Method", "Access-Control-Request-Headers", X-Content-Type-Options:"nosniff", X-XSS-Protection:"1; mode=block", Cache-Control:"no-cache, no-store, max-age=0, must-revalidate", Pragma:"no-cache", Expires:"0", X-Frame-Options:"DENY"]
     Content type = null
             Body = 
    Forwarded URL = null
   Redirected URL = null
          Cookies = []

MockHttpServletRequest:
      HTTP Method = GET
      Request URI = /products/search/Ppppp
       Parameters = {}
          Headers = []
             Body = null
    Session Attrs = {}

Handler:
             Type = com.example.individualproject.controller.ProductController
           Method = com.example.individualproject.controller.ProductController#getAllProductsByName(String)

Async:
    Async started = false
     Async result = null

Resolved Exception:
             Type = null

ModelAndView:
        View name = null
             View = null
            Model = null

FlashMap:
       Attributes = null

MockHttpServletResponse:
           Status = 404
    Error message = null
          Headers = [Vary:"Origin", "Access-Control-Request-Method", "Access-Control-Request-Headers", X-Content-Type-Options:"nosniff", X-XSS-Protection:"1; mode=block", Cache-Control:"no-cache, no-store, max-age=0, must-revalidate", Pragma:"no-cache", Expires:"0", X-Frame-Options:"DENY"]
     Content type = null
             Body = 
    Forwarded URL = null
   Redirected URL = null
          Cookies = []

MockHttpServletRequest:
      HTTP Method = DELETE
      Request URI = /products/1
       Parameters = {}
          Headers = []
             Body = null
    Session Attrs = {}

Handler:
             Type = com.example.individualproject.controller.ProductController
           Method = com.example.individualproject.controller.ProductController#deleteProduct(Long)

Async:
    Async started = false
     Async result = null

Resolved Exception:
             Type = null

ModelAndView:
        View name = null
             View = null
            Model = null

FlashMap:
       Attributes = null

MockHttpServletResponse:
           Status = 200
    Error message = null
          Headers = [Vary:"Origin", "Access-Control-Request-Method", "Access-Control-Request-Headers", X-Content-Type-Options:"nosniff", X-XSS-Protection:"1; mode=block", Cache-Control:"no-cache, no-store, max-age=0, must-revalidate", Pragma:"no-cache", Expires:"0", X-Frame-Options:"DENY"]
     Content type = null
             Body = 
    Forwarded URL = null
   Redirected URL = null
          Cookies = []

MockHttpServletRequest:
      HTTP Method = PUT
      Request URI = /products
       Parameters = {}
          Headers = [Content-Type:"application/json;charset=UTF-8", Content-Length:"311"]
             Body = {
  "productId" : null,
  "productInfo" : {
    "title" : "Pokemon",
    "subTitle" : "diamond",
    "series" : "Pokemon",
    "year" : 2022,
    "price" : 10.01,
    "condition" : "TRASH",
    "description" : "Pokemon game",
    "genreId" : 1,
    "productType" : "GAME",
    "images" : [ ]
  }
}
    Session Attrs = {}

Handler:
             Type = com.example.individualproject.controller.ProductController
           Method = com.example.individualproject.controller.ProductController#updateProduct(UpdateProductRequestDTO)

Async:
    Async started = false
     Async result = null

Resolved Exception:
             Type = null

ModelAndView:
        View name = null
             View = null
            Model = null

FlashMap:
       Attributes = null

MockHttpServletResponse:
           Status = 400
    Error message = null
          Headers = [Vary:"Origin", "Access-Control-Request-Method", "Access-Control-Request-Headers", X-Content-Type-Options:"nosniff", X-XSS-Protection:"1; mode=block", Cache-Control:"no-cache, no-store, max-age=0, must-revalidate", Pragma:"no-cache", Expires:"0", X-Frame-Options:"DENY"]
     Content type = null
             Body = 
    Forwarded URL = null
   Redirected URL = null
          Cookies = []

MockHttpServletRequest:
      HTTP Method = GET
      Request URI = /products/1
       Parameters = {}
          Headers = []
             Body = null
    Session Attrs = {}

Handler:
             Type = com.example.individualproject.controller.ProductController
           Method = com.example.individualproject.controller.ProductController#getProduct(Long)

Async:
    Async started = false
     Async result = null

Resolved Exception:
             Type = null

ModelAndView:
        View name = null
             View = null
            Model = null

FlashMap:
       Attributes = null

MockHttpServletResponse:
           Status = 200
    Error message = null
          Headers = [Vary:"Origin", "Access-Control-Request-Method", "Access-Control-Request-Headers", Content-Type:"application/json", X-Content-Type-Options:"nosniff", X-XSS-Protection:"1; mode=block", Cache-Control:"no-cache, no-store, max-age=0, must-revalidate", Pragma:"no-cache", Expires:"0", X-Frame-Options:"DENY"]
     Content type = application/json
             Body = {"id":1,"productInfo":{"title":"Pokemon","subTitle":"diamond","series":"Pokemon","year":2022,"price":10.01,"condition":"TRASH","description":"Pokemon game","genreId":1,"productType":"GAME","images":[]},"seller":null}
    Forwarded URL = null
   Redirected URL = null
          Cookies = []

MockHttpServletRequest:
      HTTP Method = POST
      Request URI = /products
       Parameters = {}
          Headers = [Content-Type:"application/json;charset=UTF-8", Content-Length:"308"]
             Body = {
  "productInfo" : {
    "title" : "Pokemon",
    "subTitle" : "diamond",
    "series" : "Pokemon",
    "year" : 2022,
    "price" : 10.01,
    "condition" : "TRASH",
    "description" : "Pokemon game",
    "genreId" : 1,
    "productType" : "GAME",
    "images" : [ ]
  },
  "seller" : null
}
    Session Attrs = {}

Handler:
             Type = com.example.individualproject.controller.ProductController
           Method = com.example.individualproject.controller.ProductController#createProduct(CreateProductRequestDTO)

Async:
    Async started = false
     Async result = null

Resolved Exception:
             Type = null

ModelAndView:
        View name = null
             View = null
            Model = null

FlashMap:
       Attributes = null

MockHttpServletResponse:
           Status = 201
    Error message = null
          Headers = [Vary:"Origin", "Access-Control-Request-Method", "Access-Control-Request-Headers", Location:"products/1", X-Content-Type-Options:"nosniff", X-XSS-Protection:"1; mode=block", Cache-Control:"no-cache, no-store, max-age=0, must-revalidate", Pragma:"no-cache", Expires:"0", X-Frame-Options:"DENY"]
     Content type = null
             Body = 
    Forwarded URL = null
   Redirected URL = products/1
          Cookies = []
]]></system-out>
  <system-err><![CDATA[]]></system-err>
</testsuite>
