<?xml version="1.0" encoding="UTF-8"?>
<testsuite name="com.example.individualproject.controller.LoginControllerTest" tests="1" skipped="0" failures="0" errors="0" timestamp="2022-05-27T10:49:33" hostname="MSILARS" time="0.087">
  <properties/>
  <testcase name="login()" classname="com.example.individualproject.controller.LoginControllerTest" time="0.087"/>
  <system-out><![CDATA[2022-05-27 12:49:31.121  INFO 18136 --- [    Test worker] .b.t.c.SpringBootTestContextBootstrapper : Neither @ContextConfiguration nor @ContextHierarchy found for test class [com.example.individualproject.controller.LoginControllerTest], using SpringBootContextLoader
2022-05-27 12:49:31.122  INFO 18136 --- [    Test worker] o.s.t.c.support.AbstractContextLoader    : Could not detect default resource locations for test class [com.example.individualproject.controller.LoginControllerTest]: no resource found for suffixes {-context.xml, Context.groovy}.
2022-05-27 12:49:31.123  INFO 18136 --- [    Test worker] t.c.s.AnnotationConfigContextLoaderUtils : Could not detect default configuration classes for test class [com.example.individualproject.controller.LoginControllerTest]: LoginControllerTest does not declare any static, non-private, non-final, nested classes annotated with @Configuration.
2022-05-27 12:49:31.125  INFO 18136 --- [    Test worker] .b.t.c.SpringBootTestContextBootstrapper : Found @SpringBootConfiguration com.example.individualproject.IndividualProjectApplication for test class com.example.individualproject.controller.LoginControllerTest
2022-05-27 12:49:31.127  INFO 18136 --- [    Test worker] .b.t.c.SpringBootTestContextBootstrapper : Loaded default TestExecutionListener class names from location [META-INF/spring.factories]: [org.springframework.security.test.context.support.WithSecurityContextTestExecutionListener, org.springframework.security.test.context.support.ReactorContextTestExecutionListener, org.springframework.boot.test.autoconfigure.restdocs.RestDocsTestExecutionListener, org.springframework.boot.test.autoconfigure.web.client.MockRestServiceServerResetTestExecutionListener, org.springframework.boot.test.autoconfigure.web.servlet.MockMvcPrintOnlyOnFailureTestExecutionListener, org.springframework.boot.test.autoconfigure.web.servlet.WebDriverTestExecutionListener, org.springframework.boot.test.autoconfigure.webservices.client.MockWebServiceServerTestExecutionListener, org.springframework.boot.test.mock.mockito.MockitoTestExecutionListener, org.springframework.boot.test.mock.mockito.ResetMocksTestExecutionListener, org.springframework.test.context.web.ServletTestExecutionListener, org.springframework.test.context.support.DirtiesContextBeforeModesTestExecutionListener, org.springframework.test.context.event.ApplicationEventsTestExecutionListener, org.springframework.test.context.support.DependencyInjectionTestExecutionListener, org.springframework.test.context.support.DirtiesContextTestExecutionListener, org.springframework.test.context.transaction.TransactionalTestExecutionListener, org.springframework.test.context.jdbc.SqlScriptsTestExecutionListener, org.springframework.test.context.event.EventPublishingTestExecutionListener]
2022-05-27 12:49:31.128  INFO 18136 --- [    Test worker] .b.t.c.SpringBootTestContextBootstrapper : Using TestExecutionListeners: [org.springframework.test.context.web.ServletTestExecutionListener@29238c0d, org.springframework.test.context.support.DirtiesContextBeforeModesTestExecutionListener@21eed33d, org.springframework.test.context.event.ApplicationEventsTestExecutionListener@33959c2b, org.springframework.boot.test.mock.mockito.MockitoTestExecutionListener@1506dbe0, org.springframework.boot.test.autoconfigure.SpringBootDependencyInjectionTestExecutionListener@20707ea9, org.springframework.test.context.support.DirtiesContextTestExecutionListener@775036a1, org.springframework.test.context.transaction.TransactionalTestExecutionListener@683b88a4, org.springframework.test.context.jdbc.SqlScriptsTestExecutionListener@4bc18798, org.springframework.security.test.context.support.WithSecurityContextTestExecutionListener@68e73d7f, org.springframework.test.context.event.EventPublishingTestExecutionListener@1ef4fbfc, org.springframework.security.test.context.support.ReactorContextTestExecutionListener@2a3e2e2e, org.springframework.boot.test.autoconfigure.restdocs.RestDocsTestExecutionListener@6d8481b6, org.springframework.boot.test.autoconfigure.web.client.MockRestServiceServerResetTestExecutionListener@3c5955bc, org.springframework.boot.test.autoconfigure.web.servlet.MockMvcPrintOnlyOnFailureTestExecutionListener@5cb62d0, org.springframework.boot.test.autoconfigure.web.servlet.WebDriverTestExecutionListener@5edf6319, org.springframework.boot.test.autoconfigure.webservices.client.MockWebServiceServerTestExecutionListener@179fc045, org.springframework.boot.test.mock.mockito.ResetMocksTestExecutionListener@619d83bf]

  .   ____          _            __ _ _
 /\\ / ___'_ __ _ _(_)_ __  __ _ \ \ \ \
( ( )\___ | '_ | '_| | '_ \/ _` | \ \ \ \
 \\/  ___)| |_)| | | | | || (_| |  ) ) ) )
  '  |____| .__|_| |_|_| |_\__, | / / / /
 =========|_|==============|___/=/_/_/_/
 :: Spring Boot ::                (v2.6.3)

2022-05-27 12:49:31.153  INFO 18136 --- [    Test worker] c.e.i.controller.LoginControllerTest     : Starting LoginControllerTest using Java 17.0.2 on MSILars with PID 18136 (started by lars in C:\Users\lars\Desktop\ict\sem3\IndividualTask\s3_idividual_project\Idividual_project)
2022-05-27 12:49:31.154  INFO 18136 --- [    Test worker] c.e.i.controller.LoginControllerTest     : No active profile set, falling back to default profiles: default
2022-05-27 12:49:31.375  INFO 18136 --- [    Test worker] .s.d.r.c.RepositoryConfigurationDelegate : Bootstrapping Spring Data JPA repositories in DEFAULT mode.
2022-05-27 12:49:31.405  INFO 18136 --- [    Test worker] .s.d.r.c.RepositoryConfigurationDelegate : Finished Spring Data repository scanning in 29 ms. Found 5 JPA repository interfaces.
2022-05-27 12:49:31.514  INFO 18136 --- [    Test worker] trationDelegate$BeanPostProcessorChecker : Bean 'methodSecurityConfig' of type [com.example.individualproject.configuration.security.MethodSecurityConfig$$EnhancerBySpringCGLIB$$77891ab8] is not eligible for getting processed by all BeanPostProcessors (for example: not eligible for auto-proxying)
2022-05-27 12:49:31.583  INFO 18136 --- [    Test worker] o.f.c.internal.license.VersionPrinter    : Flyway Community Edition 8.5.5 by Redgate
2022-05-27 12:49:31.585  INFO 18136 --- [    Test worker] o.f.c.internal.license.VersionPrinter    : See what's new here: https://flywaydb.org/documentation/learnmore/releaseNotes#8.5.5
2022-05-27 12:49:31.585  INFO 18136 --- [    Test worker] o.f.c.internal.license.VersionPrinter    : 
2022-05-27 12:49:31.585  INFO 18136 --- [    Test worker] com.zaxxer.hikari.HikariDataSource       : HikariPool-2 - Starting...
2022-05-27 12:49:31.604  INFO 18136 --- [    Test worker] com.zaxxer.hikari.HikariDataSource       : HikariPool-2 - Start completed.
2022-05-27 12:49:31.605  INFO 18136 --- [    Test worker] o.f.c.i.database.base.BaseDatabaseType   : Database: jdbc:mysql://localhost:3306/game_marked (MySQL 8.0)
2022-05-27 12:49:31.619  INFO 18136 --- [    Test worker] o.f.core.internal.command.DbValidate     : Successfully validated 3 migrations (execution time 00:00.006s)
2022-05-27 12:49:31.627  INFO 18136 --- [    Test worker] o.f.core.internal.command.DbMigrate      : Current version of schema `game_marked`: 3
2022-05-27 12:49:31.628  INFO 18136 --- [    Test worker] o.f.core.internal.command.DbMigrate      : Schema `game_marked` is up to date. No migration necessary.
2022-05-27 12:49:31.678  INFO 18136 --- [    Test worker] o.hibernate.jpa.internal.util.LogHelper  : HHH000204: Processing PersistenceUnitInfo [name: default]
2022-05-27 12:49:31.684  INFO 18136 --- [    Test worker] org.hibernate.dialect.Dialect            : HHH000400: Using dialect: org.hibernate.dialect.MySQL8Dialect
2022-05-27 12:49:31.769  INFO 18136 --- [    Test worker] o.h.e.t.j.p.i.JtaPlatformInitiator       : HHH000490: Using JtaPlatform implementation: [org.hibernate.engine.transaction.jta.platform.internal.NoJtaPlatform]
2022-05-27 12:49:31.770  INFO 18136 --- [    Test worker] j.LocalContainerEntityManagerFactoryBean : Initialized JPA EntityManagerFactory for persistence unit 'default'
2022-05-27 12:49:32.149  INFO 18136 --- [    Test worker] .s.s.UserDetailsServiceAutoConfiguration : 

Using generated security password: 5625a650-c8cf-4b6f-806e-f4fb2f341cee

2022-05-27 12:49:32.201  INFO 18136 --- [    Test worker] o.s.s.web.DefaultSecurityFilterChain     : Will secure any request with [org.springframework.security.web.context.request.async.WebAsyncManagerIntegrationFilter@4b9102de, org.springframework.security.web.context.SecurityContextPersistenceFilter@7307fd8f, org.springframework.security.web.header.HeaderWriterFilter@6e66a07e, org.springframework.security.web.authentication.logout.LogoutFilter@7b81d4f2, org.springframework.security.web.savedrequest.RequestCacheAwareFilter@2a5fdd7d, org.springframework.security.web.servletapi.SecurityContextHolderAwareRequestFilter@12305a5b, org.springframework.security.web.authentication.AnonymousAuthenticationFilter@3e42791a, org.springframework.security.web.session.SessionManagementFilter@13c23eb2, org.springframework.security.web.access.ExceptionTranslationFilter@4454c381]
2022-05-27 12:49:32.982  INFO 18136 --- [    Test worker] o.s.b.t.m.w.SpringBootMockServletContext : Initializing Spring TestDispatcherServlet ''
2022-05-27 12:49:32.983  INFO 18136 --- [    Test worker] o.s.t.web.servlet.TestDispatcherServlet  : Initializing Servlet ''
2022-05-27 12:49:32.983  INFO 18136 --- [    Test worker] o.s.t.web.servlet.TestDispatcherServlet  : Completed initialization in 0 ms
2022-05-27 12:49:33.000  INFO 18136 --- [    Test worker] c.e.i.controller.LoginControllerTest     : Started LoginControllerTest in 1.868 seconds (JVM running for 12.399)

MockHttpServletRequest:
      HTTP Method = POST
      Request URI = /login
       Parameters = {}
          Headers = [Content-Type:"application/json;charset=UTF-8", Content-Length:"55"]
             Body = {
  "username" : "worker",
  "password" : "worker"
}
    Session Attrs = {}

Handler:
             Type = com.example.individualproject.controller.LoginController
           Method = com.example.individualproject.controller.LoginController#login(LoginRequestDTO)

Async:
    Async started = false
     Async result = null

Resolved Exception:
             Type = null

ModelAndView:
        View name = null
             View = null
            Model = null

FlashMap:
       Attributes = null

MockHttpServletResponse:
           Status = 200
    Error message = null
          Headers = [Vary:"Origin", "Access-Control-Request-Method", "Access-Control-Request-Headers", Content-Type:"application/json", X-Content-Type-Options:"nosniff", X-XSS-Protection:"1; mode=block", Cache-Control:"no-cache, no-store, max-age=0, must-revalidate", Pragma:"no-cache", Expires:"0", X-Frame-Options:"DENY"]
     Content type = application/json
             Body = {"accessToken":"wwqeqweqweqw","authorizationLevel":"NormalUser"}
    Forwarded URL = null
   Redirected URL = null
          Cookies = []
]]></system-out>
  <system-err><![CDATA[]]></system-err>
</testsuite>
