<?xml version="1.0" encoding="UTF-8"?>
<testsuite name="com.example.individualproject.controller.ProductControllerTest" tests="17" skipped="0" failures="0" errors="0" timestamp="2022-06-20T07:31:28" hostname="MSILARS" time="0.278">
  <properties/>
  <testcase name="getUsersProductsNormal_NotFound()" classname="com.example.individualproject.controller.ProductControllerTest" time="0.025"/>
  <testcase name="getUsersProductsAdmin_NotFound()" classname="com.example.individualproject.controller.ProductControllerTest" time="0.011"/>
  <testcase name="getAllProductsByName()" classname="com.example.individualproject.controller.ProductControllerTest" time="0.017"/>
  <testcase name="updateProduct()" classname="com.example.individualproject.controller.ProductControllerTest" time="0.02"/>
  <testcase name="createProduct_NotFound()" classname="com.example.individualproject.controller.ProductControllerTest" time="0.021"/>
  <testcase name="getProduct_NotFound()" classname="com.example.individualproject.controller.ProductControllerTest" time="0.019"/>
  <testcase name="getAllProducts()" classname="com.example.individualproject.controller.ProductControllerTest" time="0.014"/>
  <testcase name="getAllProducts_NoneFound()" classname="com.example.individualproject.controller.ProductControllerTest" time="0.009"/>
  <testcase name="buyProduct()" classname="com.example.individualproject.controller.ProductControllerTest" time="0.013"/>
  <testcase name="getAllProductsByName_NotFound()" classname="com.example.individualproject.controller.ProductControllerTest" time="0.01"/>
  <testcase name="deleteProductAdmin()" classname="com.example.individualproject.controller.ProductControllerTest" time="0.013"/>
  <testcase name="getUsersProductsNormal()" classname="com.example.individualproject.controller.ProductControllerTest" time="0.019"/>
  <testcase name="deleteProductNormalUser()" classname="com.example.individualproject.controller.ProductControllerTest" time="0.014"/>
  <testcase name="updateProduct_NotFound()" classname="com.example.individualproject.controller.ProductControllerTest" time="0.011"/>
  <testcase name="getProduct()" classname="com.example.individualproject.controller.ProductControllerTest" time="0.011"/>
  <testcase name="getUsersProductsAdmin()" classname="com.example.individualproject.controller.ProductControllerTest" time="0.016"/>
  <testcase name="createProduct()" classname="com.example.individualproject.controller.ProductControllerTest" time="0.011"/>
  <system-out><![CDATA[2022-06-20 09:31:26.660  INFO 23904 --- [    Test worker] .b.t.c.SpringBootTestContextBootstrapper : Neither @ContextConfiguration nor @ContextHierarchy found for test class [com.example.individualproject.controller.ProductControllerTest], using SpringBootContextLoader
2022-06-20 09:31:26.661  INFO 23904 --- [    Test worker] o.s.t.c.support.AbstractContextLoader    : Could not detect default resource locations for test class [com.example.individualproject.controller.ProductControllerTest]: no resource found for suffixes {-context.xml, Context.groovy}.
2022-06-20 09:31:26.662  INFO 23904 --- [    Test worker] t.c.s.AnnotationConfigContextLoaderUtils : Could not detect default configuration classes for test class [com.example.individualproject.controller.ProductControllerTest]: ProductControllerTest does not declare any static, non-private, non-final, nested classes annotated with @Configuration.
2022-06-20 09:31:26.664  INFO 23904 --- [    Test worker] .b.t.c.SpringBootTestContextBootstrapper : Found @SpringBootConfiguration com.example.individualproject.IndividualProjectApplication for test class com.example.individualproject.controller.ProductControllerTest
2022-06-20 09:31:26.665  INFO 23904 --- [    Test worker] .b.t.c.SpringBootTestContextBootstrapper : Loaded default TestExecutionListener class names from location [META-INF/spring.factories]: [org.springframework.security.test.context.support.WithSecurityContextTestExecutionListener, org.springframework.security.test.context.support.ReactorContextTestExecutionListener, org.springframework.boot.test.autoconfigure.restdocs.RestDocsTestExecutionListener, org.springframework.boot.test.autoconfigure.web.client.MockRestServiceServerResetTestExecutionListener, org.springframework.boot.test.autoconfigure.web.servlet.MockMvcPrintOnlyOnFailureTestExecutionListener, org.springframework.boot.test.autoconfigure.web.servlet.WebDriverTestExecutionListener, org.springframework.boot.test.autoconfigure.webservices.client.MockWebServiceServerTestExecutionListener, org.springframework.boot.test.mock.mockito.MockitoTestExecutionListener, org.springframework.boot.test.mock.mockito.ResetMocksTestExecutionListener, org.springframework.test.context.web.ServletTestExecutionListener, org.springframework.test.context.support.DirtiesContextBeforeModesTestExecutionListener, org.springframework.test.context.event.ApplicationEventsTestExecutionListener, org.springframework.test.context.support.DependencyInjectionTestExecutionListener, org.springframework.test.context.support.DirtiesContextTestExecutionListener, org.springframework.test.context.transaction.TransactionalTestExecutionListener, org.springframework.test.context.jdbc.SqlScriptsTestExecutionListener, org.springframework.test.context.event.EventPublishingTestExecutionListener]
2022-06-20 09:31:26.666  INFO 23904 --- [    Test worker] .b.t.c.SpringBootTestContextBootstrapper : Using TestExecutionListeners: [org.springframework.test.context.web.ServletTestExecutionListener@73adb342, org.springframework.test.context.support.DirtiesContextBeforeModesTestExecutionListener@4d27089b, org.springframework.test.context.event.ApplicationEventsTestExecutionListener@55b4c2ee, org.springframework.boot.test.mock.mockito.MockitoTestExecutionListener@5ae71c23, org.springframework.boot.test.autoconfigure.SpringBootDependencyInjectionTestExecutionListener@444e839e, org.springframework.test.context.support.DirtiesContextTestExecutionListener@31d8285c, org.springframework.test.context.transaction.TransactionalTestExecutionListener@42083f3b, org.springframework.test.context.jdbc.SqlScriptsTestExecutionListener@206c355d, org.springframework.security.test.context.support.WithSecurityContextTestExecutionListener@108e10bd, org.springframework.test.context.event.EventPublishingTestExecutionListener@60e45038, org.springframework.security.test.context.support.ReactorContextTestExecutionListener@63164af8, org.springframework.boot.test.autoconfigure.restdocs.RestDocsTestExecutionListener@22915d1a, org.springframework.boot.test.autoconfigure.web.client.MockRestServiceServerResetTestExecutionListener@427aaa0d, org.springframework.boot.test.autoconfigure.web.servlet.MockMvcPrintOnlyOnFailureTestExecutionListener@5d47ea, org.springframework.boot.test.autoconfigure.web.servlet.WebDriverTestExecutionListener@51cd9c93, org.springframework.boot.test.autoconfigure.webservices.client.MockWebServiceServerTestExecutionListener@791c623d, org.springframework.boot.test.mock.mockito.ResetMocksTestExecutionListener@6e2195d1]

  .   ____          _            __ _ _
 /\\ / ___'_ __ _ _(_)_ __  __ _ \ \ \ \
( ( )\___ | '_ | '_| | '_ \/ _` | \ \ \ \
 \\/  ___)| |_)| | | | | || (_| |  ) ) ) )
  '  |____| .__|_| |_|_| |_\__, | / / / /
 =========|_|==============|___/=/_/_/_/
 :: Spring Boot ::                (v2.6.3)

2022-06-20 09:31:26.684  INFO 23904 --- [    Test worker] c.e.i.controller.ProductControllerTest   : Starting ProductControllerTest using Java 17.0.2 on MSILars with PID 23904 (started by lars in C:\Users\lars\Desktop\ict\sem3\IndividualTask\s3_idividual_project\Idividual_project)
2022-06-20 09:31:26.684  INFO 23904 --- [    Test worker] c.e.i.controller.ProductControllerTest   : No active profile set, falling back to default profiles: default
2022-06-20 09:31:26.911  INFO 23904 --- [    Test worker] .s.d.r.c.RepositoryConfigurationDelegate : Bootstrapping Spring Data JPA repositories in DEFAULT mode.
2022-06-20 09:31:26.937  INFO 23904 --- [    Test worker] .s.d.r.c.RepositoryConfigurationDelegate : Finished Spring Data repository scanning in 25 ms. Found 5 JPA repository interfaces.
2022-06-20 09:31:27.081  INFO 23904 --- [    Test worker] trationDelegate$BeanPostProcessorChecker : Bean 'methodSecurityConfig' of type [com.example.individualproject.configuration.security.MethodSecurityConfig$$EnhancerBySpringCGLIB$$1741a637] is not eligible for getting processed by all BeanPostProcessors (for example: not eligible for auto-proxying)
2022-06-20 09:31:27.160  INFO 23904 --- [    Test worker] o.f.c.internal.license.VersionPrinter    : Flyway Community Edition 8.5.12 by Redgate
2022-06-20 09:31:27.161  INFO 23904 --- [    Test worker] o.f.c.internal.license.VersionPrinter    : See what's new here: https://flywaydb.org/documentation/learnmore/releaseNotes#8.5.12
2022-06-20 09:31:27.161  INFO 23904 --- [    Test worker] o.f.c.internal.license.VersionPrinter    : 
2022-06-20 09:31:27.163  INFO 23904 --- [    Test worker] com.zaxxer.hikari.HikariDataSource       : HikariPool-3 - Starting...
2022-06-20 09:31:27.181  INFO 23904 --- [    Test worker] com.zaxxer.hikari.HikariDataSource       : HikariPool-3 - Start completed.
2022-06-20 09:31:27.182  INFO 23904 --- [    Test worker] o.f.c.i.database.base.BaseDatabaseType   : Database: jdbc:mysql://localhost:3306/game_marked (MySQL 8.0)
2022-06-20 09:31:27.200  INFO 23904 --- [    Test worker] o.f.core.internal.command.DbValidate     : Successfully validated 3 migrations (execution time 00:00.008s)
2022-06-20 09:31:27.210  INFO 23904 --- [    Test worker] o.f.core.internal.command.DbMigrate      : Current version of schema `game_marked`: 3
2022-06-20 09:31:27.211  INFO 23904 --- [    Test worker] o.f.core.internal.command.DbMigrate      : Schema `game_marked` is up to date. No migration necessary.
2022-06-20 09:31:27.264  INFO 23904 --- [    Test worker] o.hibernate.jpa.internal.util.LogHelper  : HHH000204: Processing PersistenceUnitInfo [name: default]
2022-06-20 09:31:27.269  INFO 23904 --- [    Test worker] org.hibernate.dialect.Dialect            : HHH000400: Using dialect: org.hibernate.dialect.MySQL8Dialect
2022-06-20 09:31:27.363  INFO 23904 --- [    Test worker] o.h.e.t.j.p.i.JtaPlatformInitiator       : HHH000490: Using JtaPlatform implementation: [org.hibernate.engine.transaction.jta.platform.internal.NoJtaPlatform]
2022-06-20 09:31:27.363  INFO 23904 --- [    Test worker] j.LocalContainerEntityManagerFactoryBean : Initialized JPA EntityManagerFactory for persistence unit 'default'
2022-06-20 09:31:27.686  INFO 23904 --- [    Test worker] .s.s.UserDetailsServiceAutoConfiguration : 

Using generated security password: 2a97eb0e-899b-44b2-ae7e-b0355feae4b1

2022-06-20 09:31:27.750  INFO 23904 --- [    Test worker] o.s.s.web.DefaultSecurityFilterChain     : Will secure any request with [org.springframework.security.web.context.request.async.WebAsyncManagerIntegrationFilter@1c5bcfd6, org.springframework.security.web.context.SecurityContextPersistenceFilter@3bd3eca2, org.springframework.security.web.header.HeaderWriterFilter@69070e03, org.springframework.security.web.authentication.logout.LogoutFilter@2ddc33f4, org.springframework.security.web.savedrequest.RequestCacheAwareFilter@4795a246, org.springframework.security.web.servletapi.SecurityContextHolderAwareRequestFilter@54d5bf3f, org.springframework.security.web.authentication.AnonymousAuthenticationFilter@50540c3a, org.springframework.security.web.session.SessionManagementFilter@4f0d2ec3, org.springframework.security.web.access.ExceptionTranslationFilter@7e9a35b7]
2022-06-20 09:31:28.642  INFO 23904 --- [    Test worker] o.s.b.t.m.w.SpringBootMockServletContext : Initializing Spring TestDispatcherServlet ''
2022-06-20 09:31:28.642  INFO 23904 --- [    Test worker] o.s.t.web.servlet.TestDispatcherServlet  : Initializing Servlet ''
2022-06-20 09:31:28.643  INFO 23904 --- [    Test worker] o.s.t.web.servlet.TestDispatcherServlet  : Completed initialization in 1 ms
2022-06-20 09:31:28.654  INFO 23904 --- [    Test worker] o.s.m.s.b.SimpleBrokerMessageHandler     : Starting...
2022-06-20 09:31:28.654  INFO 23904 --- [    Test worker] o.s.m.s.b.SimpleBrokerMessageHandler     : BrokerAvailabilityEvent[available=true, SimpleBrokerMessageHandler [org.springframework.messaging.simp.broker.DefaultSubscriptionRegistry@5ce93bc6]]
2022-06-20 09:31:28.654  INFO 23904 --- [    Test worker] o.s.m.s.b.SimpleBrokerMessageHandler     : Started.
2022-06-20 09:31:28.657  INFO 23904 --- [    Test worker] c.e.i.controller.ProductControllerTest   : Started ProductControllerTest in 1.99 seconds (JVM running for 17.111)

MockHttpServletRequest:
      HTTP Method = GET
      Request URI = /products/normal/Lars
       Parameters = {}
          Headers = []
             Body = null
    Session Attrs = {}

Handler:
             Type = com.example.individualproject.controller.ProductController
           Method = com.example.individualproject.controller.ProductController#getUsersProductsNormal(String)

Async:
    Async started = false
     Async result = null

Resolved Exception:
             Type = null

ModelAndView:
        View name = null
             View = null
            Model = null

FlashMap:
       Attributes = null

MockHttpServletResponse:
           Status = 404
    Error message = null
          Headers = [Vary:"Origin", "Access-Control-Request-Method", "Access-Control-Request-Headers", X-Content-Type-Options:"nosniff", X-XSS-Protection:"1; mode=block", Cache-Control:"no-cache, no-store, max-age=0, must-revalidate", Pragma:"no-cache", Expires:"0", X-Frame-Options:"DENY"]
     Content type = null
             Body = 
    Forwarded URL = null
   Redirected URL = null
          Cookies = []

MockHttpServletRequest:
      HTTP Method = GET
      Request URI = /products/admin/Lars
       Parameters = {}
          Headers = []
             Body = null
    Session Attrs = {}

Handler:
             Type = com.example.individualproject.controller.ProductController
           Method = com.example.individualproject.controller.ProductController#getUsersProductsAdmin(String)

Async:
    Async started = false
     Async result = null

Resolved Exception:
             Type = null

ModelAndView:
        View name = null
             View = null
            Model = null

FlashMap:
       Attributes = null

MockHttpServletResponse:
           Status = 404
    Error message = null
          Headers = [Vary:"Origin", "Access-Control-Request-Method", "Access-Control-Request-Headers", X-Content-Type-Options:"nosniff", X-XSS-Protection:"1; mode=block", Cache-Control:"no-cache, no-store, max-age=0, must-revalidate", Pragma:"no-cache", Expires:"0", X-Frame-Options:"DENY"]
     Content type = null
             Body = 
    Forwarded URL = null
   Redirected URL = null
          Cookies = []

MockHttpServletRequest:
      HTTP Method = GET
      Request URI = /products/search/Pokemon
       Parameters = {}
          Headers = []
             Body = null
    Session Attrs = {}

Handler:
             Type = com.example.individualproject.controller.ProductController
           Method = com.example.individualproject.controller.ProductController#getAllProductsByName(String)

Async:
    Async started = false
     Async result = null

Resolved Exception:
             Type = null

ModelAndView:
        View name = null
             View = null
            Model = null

FlashMap:
       Attributes = null

MockHttpServletResponse:
           Status = 200
    Error message = null
          Headers = [Vary:"Origin", "Access-Control-Request-Method", "Access-Control-Request-Headers", Content-Type:"application/json", X-Content-Type-Options:"nosniff", X-XSS-Protection:"1; mode=block", Cache-Control:"no-cache, no-store, max-age=0, must-revalidate", Pragma:"no-cache", Expires:"0", X-Frame-Options:"DENY"]
     Content type = application/json
             Body = [{"id":1,"title":"Pokemon","subTitle":"diamond","series":"Pokemon","year":2022,"price":10.01,"condition":"TRASH","description":"Pokemon game","genre":"genre","productType":"GAME","images":[],"seller":null},{"id":2,"title":"Pokemon","subTitle":"Pearl","series":"Pokemon","year":2022,"price":10.01,"condition":"TRASH","description":"Pokemon game","genre":"genre","productType":"GAME","images":[],"seller":null}]
    Forwarded URL = null
   Redirected URL = null
          Cookies = []

MockHttpServletRequest:
      HTTP Method = PUT
      Request URI = /products
       Parameters = {}
          Headers = [Content-Type:"application/json;charset=UTF-8", Content-Length:"265"]
             Body = {
  "productId" : null,
  "title" : "Pokemon",
  "subTitle" : "diamond",
  "series" : "Pokemon",
  "year" : 2022,
  "price" : 10.01,
  "condition" : "TRASH",
  "description" : "Pokemon game",
  "genreId" : 1,
  "productType" : "GAME",
  "images" : [ ]
}
    Session Attrs = {}

Handler:
             Type = com.example.individualproject.controller.ProductController
           Method = com.example.individualproject.controller.ProductController#updateProduct(UpdateProductRequestDTO)

Async:
    Async started = false
     Async result = null

Resolved Exception:
             Type = null

ModelAndView:
        View name = null
             View = null
            Model = null

FlashMap:
       Attributes = null

MockHttpServletResponse:
           Status = 204
    Error message = null
          Headers = [Vary:"Origin", "Access-Control-Request-Method", "Access-Control-Request-Headers", X-Content-Type-Options:"nosniff", X-XSS-Protection:"1; mode=block", Cache-Control:"no-cache, no-store, max-age=0, must-revalidate", Pragma:"no-cache", Expires:"0", X-Frame-Options:"DENY"]
     Content type = null
             Body = 
    Forwarded URL = null
   Redirected URL = null
          Cookies = []

MockHttpServletRequest:
      HTTP Method = POST
      Request URI = /products
       Parameters = {}
          Headers = [Content-Type:"application/json;charset=UTF-8", Content-Length:"264"]
             Body = {
  "title" : "Pokemon",
  "subTitle" : "diamond",
  "series" : "Pokemon",
  "year" : 2022,
  "price" : 10.01,
  "condition" : "TRASH",
  "description" : "Pokemon game",
  "genreId" : 1,
  "productType" : "GAME",
  "images" : [ ],
  "seller" : "user"
}
    Session Attrs = {}

Handler:
             Type = com.example.individualproject.controller.ProductController
           Method = com.example.individualproject.controller.ProductController#createProduct(CreateProductRequestDTO)

Async:
    Async started = false
     Async result = null

Resolved Exception:
             Type = null

ModelAndView:
        View name = null
             View = null
            Model = null

FlashMap:
       Attributes = null

MockHttpServletResponse:
           Status = 409
    Error message = null
          Headers = [Vary:"Origin", "Access-Control-Request-Method", "Access-Control-Request-Headers", X-Content-Type-Options:"nosniff", X-XSS-Protection:"1; mode=block", Cache-Control:"no-cache, no-store, max-age=0, must-revalidate", Pragma:"no-cache", Expires:"0", X-Frame-Options:"DENY"]
     Content type = null
             Body = 
    Forwarded URL = null
   Redirected URL = null
          Cookies = []

MockHttpServletRequest:
      HTTP Method = GET
      Request URI = /products/1
       Parameters = {}
          Headers = []
             Body = null
    Session Attrs = {}

Handler:
             Type = com.example.individualproject.controller.ProductController
           Method = com.example.individualproject.controller.ProductController#getProduct(Long)

Async:
    Async started = false
     Async result = null

Resolved Exception:
             Type = null

ModelAndView:
        View name = null
             View = null
            Model = null

FlashMap:
       Attributes = null

MockHttpServletResponse:
           Status = 404
    Error message = null
          Headers = [Vary:"Origin", "Access-Control-Request-Method", "Access-Control-Request-Headers", X-Content-Type-Options:"nosniff", X-XSS-Protection:"1; mode=block", Cache-Control:"no-cache, no-store, max-age=0, must-revalidate", Pragma:"no-cache", Expires:"0", X-Frame-Options:"DENY"]
     Content type = null
             Body = 
    Forwarded URL = null
   Redirected URL = null
          Cookies = []

MockHttpServletRequest:
      HTTP Method = GET
      Request URI = /products
       Parameters = {}
          Headers = []
             Body = null
    Session Attrs = {}

Handler:
             Type = com.example.individualproject.controller.ProductController
           Method = com.example.individualproject.controller.ProductController#getAllProducts()

Async:
    Async started = false
     Async result = null

Resolved Exception:
             Type = null

ModelAndView:
        View name = null
             View = null
            Model = null

FlashMap:
       Attributes = null

MockHttpServletResponse:
           Status = 200
    Error message = null
          Headers = [Vary:"Origin", "Access-Control-Request-Method", "Access-Control-Request-Headers", Content-Type:"application/json", X-Content-Type-Options:"nosniff", X-XSS-Protection:"1; mode=block", Cache-Control:"no-cache, no-store, max-age=0, must-revalidate", Pragma:"no-cache", Expires:"0", X-Frame-Options:"DENY"]
     Content type = application/json
             Body = [{"id":1,"title":"Pokemon","subTitle":"diamond","series":"Pokemon","year":2022,"price":10.01,"condition":"TRASH","description":"Pokemon game","genre":"genre","productType":"GAME","images":[],"seller":null},{"id":2,"title":"Pokemon","subTitle":"Pearl","series":"Pokemon","year":2022,"price":10.01,"condition":"TRASH","description":"Pokemon game","genre":"genre","productType":"GAME","images":[],"seller":null}]
    Forwarded URL = null
   Redirected URL = null
          Cookies = []

MockHttpServletRequest:
      HTTP Method = GET
      Request URI = /products
       Parameters = {}
          Headers = []
             Body = null
    Session Attrs = {}

Handler:
             Type = com.example.individualproject.controller.ProductController
           Method = com.example.individualproject.controller.ProductController#getAllProducts()

Async:
    Async started = false
     Async result = null

Resolved Exception:
             Type = null

ModelAndView:
        View name = null
             View = null
            Model = null

FlashMap:
       Attributes = null

MockHttpServletResponse:
           Status = 404
    Error message = null
          Headers = [Vary:"Origin", "Access-Control-Request-Method", "Access-Control-Request-Headers", X-Content-Type-Options:"nosniff", X-XSS-Protection:"1; mode=block", Cache-Control:"no-cache, no-store, max-age=0, must-revalidate", Pragma:"no-cache", Expires:"0", X-Frame-Options:"DENY"]
     Content type = null
             Body = 
    Forwarded URL = null
   Redirected URL = null
          Cookies = []

MockHttpServletRequest:
      HTTP Method = PUT
      Request URI = /products/buy/1
       Parameters = {}
          Headers = []
             Body = null
    Session Attrs = {}

Handler:
             Type = com.example.individualproject.controller.ProductController
           Method = com.example.individualproject.controller.ProductController#buyProduct(Long)

Async:
    Async started = false
     Async result = null

Resolved Exception:
             Type = null

ModelAndView:
        View name = null
             View = null
            Model = null

FlashMap:
       Attributes = null

MockHttpServletResponse:
           Status = 200
    Error message = null
          Headers = [Vary:"Origin", "Access-Control-Request-Method", "Access-Control-Request-Headers", X-Content-Type-Options:"nosniff", X-XSS-Protection:"1; mode=block", Cache-Control:"no-cache, no-store, max-age=0, must-revalidate", Pragma:"no-cache", Expires:"0", X-Frame-Options:"DENY"]
     Content type = null
             Body = 
    Forwarded URL = null
   Redirected URL = null
          Cookies = []

MockHttpServletRequest:
      HTTP Method = GET
      Request URI = /products/search/Product
       Parameters = {}
          Headers = []
             Body = null
    Session Attrs = {}

Handler:
             Type = com.example.individualproject.controller.ProductController
           Method = com.example.individualproject.controller.ProductController#getAllProductsByName(String)

Async:
    Async started = false
     Async result = null

Resolved Exception:
             Type = null

ModelAndView:
        View name = null
             View = null
            Model = null

FlashMap:
       Attributes = null

MockHttpServletResponse:
           Status = 404
    Error message = null
          Headers = [Vary:"Origin", "Access-Control-Request-Method", "Access-Control-Request-Headers", X-Content-Type-Options:"nosniff", X-XSS-Protection:"1; mode=block", Cache-Control:"no-cache, no-store, max-age=0, must-revalidate", Pragma:"no-cache", Expires:"0", X-Frame-Options:"DENY"]
     Content type = null
             Body = 
    Forwarded URL = null
   Redirected URL = null
          Cookies = []

MockHttpServletRequest:
      HTTP Method = DELETE
      Request URI = /products/admin/1
       Parameters = {}
          Headers = []
             Body = null
    Session Attrs = {}

Handler:
             Type = com.example.individualproject.controller.ProductController
           Method = com.example.individualproject.controller.ProductController#deleteProductAdmin(Long)

Async:
    Async started = false
     Async result = null

Resolved Exception:
             Type = null

ModelAndView:
        View name = null
             View = null
            Model = null

FlashMap:
       Attributes = null

MockHttpServletResponse:
           Status = 204
    Error message = null
          Headers = [Vary:"Origin", "Access-Control-Request-Method", "Access-Control-Request-Headers", X-Content-Type-Options:"nosniff", X-XSS-Protection:"1; mode=block", Cache-Control:"no-cache, no-store, max-age=0, must-revalidate", Pragma:"no-cache", Expires:"0", X-Frame-Options:"DENY"]
     Content type = null
             Body = 
    Forwarded URL = null
   Redirected URL = null
          Cookies = []

MockHttpServletRequest:
      HTTP Method = GET
      Request URI = /products/normal/Lars
       Parameters = {}
          Headers = []
             Body = null
    Session Attrs = {}

Handler:
             Type = com.example.individualproject.controller.ProductController
           Method = com.example.individualproject.controller.ProductController#getUsersProductsNormal(String)

Async:
    Async started = false
     Async result = null

Resolved Exception:
             Type = null

ModelAndView:
        View name = null
             View = null
            Model = null

FlashMap:
       Attributes = null

MockHttpServletResponse:
           Status = 200
    Error message = null
          Headers = [Vary:"Origin", "Access-Control-Request-Method", "Access-Control-Request-Headers", Content-Type:"application/json", X-Content-Type-Options:"nosniff", X-XSS-Protection:"1; mode=block", Cache-Control:"no-cache, no-store, max-age=0, must-revalidate", Pragma:"no-cache", Expires:"0", X-Frame-Options:"DENY"]
     Content type = application/json
             Body = [{"id":1,"title":"Pokemon","subTitle":"diamond","series":"Pokemon","year":2022,"price":10.01,"condition":"TRASH","description":"Pokemon game","genre":"genre","productType":"GAME","images":[],"seller":null},{"id":2,"title":"Pokemon","subTitle":"Pearl","series":"Pokemon","year":2022,"price":10.01,"condition":"TRASH","description":"Pokemon game","genre":"genre","productType":"GAME","images":[],"seller":null}]
    Forwarded URL = null
   Redirected URL = null
          Cookies = []

MockHttpServletRequest:
      HTTP Method = DELETE
      Request URI = /products/normal/1
       Parameters = {}
          Headers = []
             Body = null
    Session Attrs = {}

Handler:
             Type = com.example.individualproject.controller.ProductController
           Method = com.example.individualproject.controller.ProductController#deleteProductNormalUser(Long)

Async:
    Async started = false
     Async result = null

Resolved Exception:
             Type = null

ModelAndView:
        View name = null
             View = null
            Model = null

FlashMap:
       Attributes = null

MockHttpServletResponse:
           Status = 204
    Error message = null
          Headers = [Vary:"Origin", "Access-Control-Request-Method", "Access-Control-Request-Headers", X-Content-Type-Options:"nosniff", X-XSS-Protection:"1; mode=block", Cache-Control:"no-cache, no-store, max-age=0, must-revalidate", Pragma:"no-cache", Expires:"0", X-Frame-Options:"DENY"]
     Content type = null
             Body = 
    Forwarded URL = null
   Redirected URL = null
          Cookies = []

MockHttpServletRequest:
      HTTP Method = PUT
      Request URI = /products
       Parameters = {}
          Headers = [Content-Type:"application/json;charset=UTF-8", Content-Length:"265"]
             Body = {
  "productId" : null,
  "title" : "Pokemon",
  "subTitle" : "diamond",
  "series" : "Pokemon",
  "year" : 2022,
  "price" : 10.01,
  "condition" : "TRASH",
  "description" : "Pokemon game",
  "genreId" : 1,
  "productType" : "GAME",
  "images" : [ ]
}
    Session Attrs = {}

Handler:
             Type = com.example.individualproject.controller.ProductController
           Method = com.example.individualproject.controller.ProductController#updateProduct(UpdateProductRequestDTO)

Async:
    Async started = false
     Async result = null

Resolved Exception:
             Type = null

ModelAndView:
        View name = null
             View = null
            Model = null

FlashMap:
       Attributes = null

MockHttpServletResponse:
           Status = 400
    Error message = null
          Headers = [Vary:"Origin", "Access-Control-Request-Method", "Access-Control-Request-Headers", X-Content-Type-Options:"nosniff", X-XSS-Protection:"1; mode=block", Cache-Control:"no-cache, no-store, max-age=0, must-revalidate", Pragma:"no-cache", Expires:"0", X-Frame-Options:"DENY"]
     Content type = null
             Body = 
    Forwarded URL = null
   Redirected URL = null
          Cookies = []

MockHttpServletRequest:
      HTTP Method = GET
      Request URI = /products/1
       Parameters = {}
          Headers = []
             Body = null
    Session Attrs = {}

Handler:
             Type = com.example.individualproject.controller.ProductController
           Method = com.example.individualproject.controller.ProductController#getProduct(Long)

Async:
    Async started = false
     Async result = null

Resolved Exception:
             Type = null

ModelAndView:
        View name = null
             View = null
            Model = null

FlashMap:
       Attributes = null

MockHttpServletResponse:
           Status = 200
    Error message = null
          Headers = [Vary:"Origin", "Access-Control-Request-Method", "Access-Control-Request-Headers", Content-Type:"application/json", X-Content-Type-Options:"nosniff", X-XSS-Protection:"1; mode=block", Cache-Control:"no-cache, no-store, max-age=0, must-revalidate", Pragma:"no-cache", Expires:"0", X-Frame-Options:"DENY"]
     Content type = application/json
             Body = {"id":1,"title":"Pokemon","subTitle":"diamond","series":"Pokemon","year":2022,"price":10.01,"condition":"TRASH","description":"Pokemon game","genre":"genre","productType":"GAME","images":[],"seller":null}
    Forwarded URL = null
   Redirected URL = null
          Cookies = []

MockHttpServletRequest:
      HTTP Method = GET
      Request URI = /products/admin/Lars
       Parameters = {}
          Headers = []
             Body = null
    Session Attrs = {}

Handler:
             Type = com.example.individualproject.controller.ProductController
           Method = com.example.individualproject.controller.ProductController#getUsersProductsAdmin(String)

Async:
    Async started = false
     Async result = null

Resolved Exception:
             Type = null

ModelAndView:
        View name = null
             View = null
            Model = null

FlashMap:
       Attributes = null

MockHttpServletResponse:
           Status = 200
    Error message = null
          Headers = [Vary:"Origin", "Access-Control-Request-Method", "Access-Control-Request-Headers", Content-Type:"application/json", X-Content-Type-Options:"nosniff", X-XSS-Protection:"1; mode=block", Cache-Control:"no-cache, no-store, max-age=0, must-revalidate", Pragma:"no-cache", Expires:"0", X-Frame-Options:"DENY"]
     Content type = application/json
             Body = [{"id":1,"title":"Pokemon","subTitle":"diamond","series":"Pokemon","year":2022,"price":10.01,"condition":"TRASH","description":"Pokemon game","genre":"genre","productType":"GAME","images":[],"seller":null},{"id":2,"title":"Pokemon","subTitle":"Pearl","series":"Pokemon","year":2022,"price":10.01,"condition":"TRASH","description":"Pokemon game","genre":"genre","productType":"GAME","images":[],"seller":null}]
    Forwarded URL = null
   Redirected URL = null
          Cookies = []

MockHttpServletRequest:
      HTTP Method = POST
      Request URI = /products
       Parameters = {}
          Headers = [Content-Type:"application/json;charset=UTF-8", Content-Length:"264"]
             Body = {
  "title" : "Pokemon",
  "subTitle" : "diamond",
  "series" : "Pokemon",
  "year" : 2022,
  "price" : 10.01,
  "condition" : "TRASH",
  "description" : "Pokemon game",
  "genreId" : 1,
  "productType" : "GAME",
  "images" : [ ],
  "seller" : "user"
}
    Session Attrs = {}

Handler:
             Type = com.example.individualproject.controller.ProductController
           Method = com.example.individualproject.controller.ProductController#createProduct(CreateProductRequestDTO)

Async:
    Async started = false
     Async result = null

Resolved Exception:
             Type = null

ModelAndView:
        View name = null
             View = null
            Model = null

FlashMap:
       Attributes = null

MockHttpServletResponse:
           Status = 201
    Error message = null
          Headers = [Vary:"Origin", "Access-Control-Request-Method", "Access-Control-Request-Headers", Location:"products/1", Content-Type:"application/json", X-Content-Type-Options:"nosniff", X-XSS-Protection:"1; mode=block", Cache-Control:"no-cache, no-store, max-age=0, must-revalidate", Pragma:"no-cache", Expires:"0", X-Frame-Options:"DENY"]
     Content type = application/json
             Body = {"productId":1}
    Forwarded URL = null
   Redirected URL = products/1
          Cookies = []
]]></system-out>
  <system-err><![CDATA[]]></system-err>
</testsuite>
