<?xml version="1.0" encoding="UTF-8"?>
<testsuite name="com.example.individualproject.Entity.ProductTests" tests="1" skipped="0" failures="0" errors="0" timestamp="2022-04-17T19:41:11" hostname="MSILARS" time="0.006">
  <properties/>
  <testcase name="test_ProductConstructor_UpdateProductRequestDTO()" classname="com.example.individualproject.Entity.ProductTests" time="0.006"/>
  <system-out><![CDATA[]]></system-out>
  <system-err><![CDATA[]]></system-err>
</testsuite>
