<?xml version="1.0" encoding="UTF-8"?>
<testsuite name="com.example.individualproject.Entity.NormalUserTests" tests="1" skipped="0" failures="0" errors="0" timestamp="2022-06-06T17:35:19" hostname="MSILARS" time="0.003">
  <properties/>
  <testcase name="test_NormalUserConstructorS()" classname="com.example.individualproject.Entity.NormalUserTests" time="0.003"/>
  <system-out><![CDATA[]]></system-out>
  <system-err><![CDATA[]]></system-err>
</testsuite>
