<?xml version="1.0" encoding="UTF-8"?>
<testsuite name="com.example.individualproject.controller.LoginControllerTest" tests="1" skipped="0" failures="0" errors="0" timestamp="2022-06-04T11:38:22" hostname="MSILARS" time="0.091">
  <properties/>
  <testcase name="login()" classname="com.example.individualproject.controller.LoginControllerTest" time="0.091"/>
  <system-out><![CDATA[2022-06-04 13:38:19.997  INFO 1564 --- [    Test worker] .b.t.c.SpringBootTestContextBootstrapper : Neither @ContextConfiguration nor @ContextHierarchy found for test class [com.example.individualproject.controller.LoginControllerTest], using SpringBootContextLoader
2022-06-04 13:38:19.998  INFO 1564 --- [    Test worker] o.s.t.c.support.AbstractContextLoader    : Could not detect default resource locations for test class [com.example.individualproject.controller.LoginControllerTest]: no resource found for suffixes {-context.xml, Context.groovy}.
2022-06-04 13:38:19.998  INFO 1564 --- [    Test worker] t.c.s.AnnotationConfigContextLoaderUtils : Could not detect default configuration classes for test class [com.example.individualproject.controller.LoginControllerTest]: LoginControllerTest does not declare any static, non-private, non-final, nested classes annotated with @Configuration.
2022-06-04 13:38:20.000  INFO 1564 --- [    Test worker] .b.t.c.SpringBootTestContextBootstrapper : Found @SpringBootConfiguration com.example.individualproject.IndividualProjectApplication for test class com.example.individualproject.controller.LoginControllerTest
2022-06-04 13:38:20.004  INFO 1564 --- [    Test worker] .b.t.c.SpringBootTestContextBootstrapper : Loaded default TestExecutionListener class names from location [META-INF/spring.factories]: [org.springframework.security.test.context.support.WithSecurityContextTestExecutionListener, org.springframework.security.test.context.support.ReactorContextTestExecutionListener, org.springframework.boot.test.autoconfigure.restdocs.RestDocsTestExecutionListener, org.springframework.boot.test.autoconfigure.web.client.MockRestServiceServerResetTestExecutionListener, org.springframework.boot.test.autoconfigure.web.servlet.MockMvcPrintOnlyOnFailureTestExecutionListener, org.springframework.boot.test.autoconfigure.web.servlet.WebDriverTestExecutionListener, org.springframework.boot.test.autoconfigure.webservices.client.MockWebServiceServerTestExecutionListener, org.springframework.boot.test.mock.mockito.MockitoTestExecutionListener, org.springframework.boot.test.mock.mockito.ResetMocksTestExecutionListener, org.springframework.test.context.web.ServletTestExecutionListener, org.springframework.test.context.support.DirtiesContextBeforeModesTestExecutionListener, org.springframework.test.context.event.ApplicationEventsTestExecutionListener, org.springframework.test.context.support.DependencyInjectionTestExecutionListener, org.springframework.test.context.support.DirtiesContextTestExecutionListener, org.springframework.test.context.transaction.TransactionalTestExecutionListener, org.springframework.test.context.jdbc.SqlScriptsTestExecutionListener, org.springframework.test.context.event.EventPublishingTestExecutionListener]
2022-06-04 13:38:20.005  INFO 1564 --- [    Test worker] .b.t.c.SpringBootTestContextBootstrapper : Using TestExecutionListeners: [org.springframework.test.context.web.ServletTestExecutionListener@3c5955bc, org.springframework.test.context.support.DirtiesContextBeforeModesTestExecutionListener@5cb62d0, org.springframework.test.context.event.ApplicationEventsTestExecutionListener@5edf6319, org.springframework.boot.test.mock.mockito.MockitoTestExecutionListener@179fc045, org.springframework.boot.test.autoconfigure.SpringBootDependencyInjectionTestExecutionListener@619d83bf, org.springframework.test.context.support.DirtiesContextTestExecutionListener@3f9ea0be, org.springframework.test.context.transaction.TransactionalTestExecutionListener@1a7ccbff, org.springframework.test.context.jdbc.SqlScriptsTestExecutionListener@7308bd1d, org.springframework.security.test.context.support.WithSecurityContextTestExecutionListener@7e8558b8, org.springframework.test.context.event.EventPublishingTestExecutionListener@34d48c86, org.springframework.security.test.context.support.ReactorContextTestExecutionListener@480b9ad0, org.springframework.boot.test.autoconfigure.restdocs.RestDocsTestExecutionListener@7e5d3699, org.springframework.boot.test.autoconfigure.web.client.MockRestServiceServerResetTestExecutionListener@2ac9e172, org.springframework.boot.test.autoconfigure.web.servlet.MockMvcPrintOnlyOnFailureTestExecutionListener@3ae9f811, org.springframework.boot.test.autoconfigure.web.servlet.WebDriverTestExecutionListener@2ea03886, org.springframework.boot.test.autoconfigure.webservices.client.MockWebServiceServerTestExecutionListener@39de3a35, org.springframework.boot.test.mock.mockito.ResetMocksTestExecutionListener@5cf98e0d]

  .   ____          _            __ _ _
 /\\ / ___'_ __ _ _(_)_ __  __ _ \ \ \ \
( ( )\___ | '_ | '_| | '_ \/ _` | \ \ \ \
 \\/  ___)| |_)| | | | | || (_| |  ) ) ) )
  '  |____| .__|_| |_|_| |_\__, | / / / /
 =========|_|==============|___/=/_/_/_/
 :: Spring Boot ::                (v2.6.3)

2022-06-04 13:38:20.030  INFO 1564 --- [    Test worker] c.e.i.controller.LoginControllerTest     : Starting LoginControllerTest using Java 17.0.2 on MSILars with PID 1564 (started by lars in C:\Users\lars\Desktop\ict\sem3\IndividualTask\s3_idividual_project\Idividual_project)
2022-06-04 13:38:20.030  INFO 1564 --- [    Test worker] c.e.i.controller.LoginControllerTest     : No active profile set, falling back to default profiles: default
2022-06-04 13:38:20.245  INFO 1564 --- [    Test worker] .s.d.r.c.RepositoryConfigurationDelegate : Bootstrapping Spring Data JPA repositories in DEFAULT mode.
2022-06-04 13:38:20.274  INFO 1564 --- [    Test worker] .s.d.r.c.RepositoryConfigurationDelegate : Finished Spring Data repository scanning in 29 ms. Found 5 JPA repository interfaces.
2022-06-04 13:38:20.398  INFO 1564 --- [    Test worker] trationDelegate$BeanPostProcessorChecker : Bean 'methodSecurityConfig' of type [com.example.individualproject.configuration.security.MethodSecurityConfig$$EnhancerBySpringCGLIB$$138be306] is not eligible for getting processed by all BeanPostProcessors (for example: not eligible for auto-proxying)
2022-06-04 13:38:20.467  INFO 1564 --- [    Test worker] o.f.c.internal.license.VersionPrinter    : Flyway Community Edition 8.5.5 by Redgate
2022-06-04 13:38:20.467  INFO 1564 --- [    Test worker] o.f.c.internal.license.VersionPrinter    : See what's new here: https://flywaydb.org/documentation/learnmore/releaseNotes#8.5.5
2022-06-04 13:38:20.467  INFO 1564 --- [    Test worker] o.f.c.internal.license.VersionPrinter    : 
2022-06-04 13:38:20.468  INFO 1564 --- [    Test worker] com.zaxxer.hikari.HikariDataSource       : HikariPool-2 - Starting...
2022-06-04 13:38:20.487  INFO 1564 --- [    Test worker] com.zaxxer.hikari.HikariDataSource       : HikariPool-2 - Start completed.
2022-06-04 13:38:20.488  INFO 1564 --- [    Test worker] o.f.c.i.database.base.BaseDatabaseType   : Database: jdbc:mysql://localhost:3306/game_marked (MySQL 8.0)
2022-06-04 13:38:20.502  INFO 1564 --- [    Test worker] o.f.core.internal.command.DbValidate     : Successfully validated 3 migrations (execution time 00:00.006s)
2022-06-04 13:38:20.509  INFO 1564 --- [    Test worker] o.f.core.internal.command.DbMigrate      : Current version of schema `game_marked`: 3
2022-06-04 13:38:20.510  INFO 1564 --- [    Test worker] o.f.core.internal.command.DbMigrate      : Schema `game_marked` is up to date. No migration necessary.
2022-06-04 13:38:20.564  INFO 1564 --- [    Test worker] o.hibernate.jpa.internal.util.LogHelper  : HHH000204: Processing PersistenceUnitInfo [name: default]
2022-06-04 13:38:20.569  INFO 1564 --- [    Test worker] org.hibernate.dialect.Dialect            : HHH000400: Using dialect: org.hibernate.dialect.MySQL8Dialect
2022-06-04 13:38:20.658  INFO 1564 --- [    Test worker] o.h.e.t.j.p.i.JtaPlatformInitiator       : HHH000490: Using JtaPlatform implementation: [org.hibernate.engine.transaction.jta.platform.internal.NoJtaPlatform]
2022-06-04 13:38:20.658  INFO 1564 --- [    Test worker] j.LocalContainerEntityManagerFactoryBean : Initialized JPA EntityManagerFactory for persistence unit 'default'
2022-06-04 13:38:21.096  INFO 1564 --- [    Test worker] .s.s.UserDetailsServiceAutoConfiguration : 

Using generated security password: cbe159b8-edb2-4988-853a-5c12472158fd

2022-06-04 13:38:21.158  INFO 1564 --- [    Test worker] o.s.s.web.DefaultSecurityFilterChain     : Will secure any request with [org.springframework.security.web.context.request.async.WebAsyncManagerIntegrationFilter@3b6a4049, org.springframework.security.web.context.SecurityContextPersistenceFilter@7de36991, org.springframework.security.web.header.HeaderWriterFilter@67d7d5c4, org.springframework.security.web.authentication.logout.LogoutFilter@32609ec6, org.springframework.security.web.savedrequest.RequestCacheAwareFilter@4ad5579f, org.springframework.security.web.servletapi.SecurityContextHolderAwareRequestFilter@44e31e89, org.springframework.security.web.authentication.AnonymousAuthenticationFilter@d4a6f4c, org.springframework.security.web.session.SessionManagementFilter@3941d66b, org.springframework.security.web.access.ExceptionTranslationFilter@27bda565]
2022-06-04 13:38:22.026  INFO 1564 --- [    Test worker] o.s.b.t.m.w.SpringBootMockServletContext : Initializing Spring TestDispatcherServlet ''
2022-06-04 13:38:22.027  INFO 1564 --- [    Test worker] o.s.t.web.servlet.TestDispatcherServlet  : Initializing Servlet ''
2022-06-04 13:38:22.027  INFO 1564 --- [    Test worker] o.s.t.web.servlet.TestDispatcherServlet  : Completed initialization in 0 ms
2022-06-04 13:38:22.042  INFO 1564 --- [    Test worker] c.e.i.controller.LoginControllerTest     : Started LoginControllerTest in 2.035 seconds (JVM running for 13.66)

MockHttpServletRequest:
      HTTP Method = POST
      Request URI = /login
       Parameters = {}
          Headers = [Content-Type:"application/json;charset=UTF-8", Content-Length:"55"]
             Body = {
  "username" : "worker",
  "password" : "worker"
}
    Session Attrs = {}

Handler:
             Type = com.example.individualproject.controller.LoginController
           Method = com.example.individualproject.controller.LoginController#login(LoginRequestDTO)

Async:
    Async started = false
     Async result = null

Resolved Exception:
             Type = null

ModelAndView:
        View name = null
             View = null
            Model = null

FlashMap:
       Attributes = null

MockHttpServletResponse:
           Status = 200
    Error message = null
          Headers = [Vary:"Origin", "Access-Control-Request-Method", "Access-Control-Request-Headers", Content-Type:"application/json", X-Content-Type-Options:"nosniff", X-XSS-Protection:"1; mode=block", Cache-Control:"no-cache, no-store, max-age=0, must-revalidate", Pragma:"no-cache", Expires:"0", X-Frame-Options:"DENY"]
     Content type = application/json
             Body = {"accessToken":"wwqeqweqweqw","authorizationLevel":"NormalUser"}
    Forwarded URL = null
   Redirected URL = null
          Cookies = []
]]></system-out>
  <system-err><![CDATA[]]></system-err>
</testsuite>
