<?xml version="1.0" encoding="UTF-8"?>
<testsuite name="com.example.individualproject.business.impl.ProductServiceImplTest" tests="7" skipped="0" failures="0" errors="0" timestamp="2022-04-17T19:41:11" hostname="MSILARS" time="0.939">
  <properties/>
  <testcase name="getAllOfAUsersProducts()" classname="com.example.individualproject.business.impl.ProductServiceImplTest" time="0.886"/>
  <testcase name="updateProduct()" classname="com.example.individualproject.business.impl.ProductServiceImplTest" time="0.037"/>
  <testcase name="getAllProducts()" classname="com.example.individualproject.business.impl.ProductServiceImplTest" time="0.003"/>
  <testcase name="deleteProduct()" classname="com.example.individualproject.business.impl.ProductServiceImplTest" time="0.001"/>
  <testcase name="getProduct()" classname="com.example.individualproject.business.impl.ProductServiceImplTest" time="0.001"/>
  <testcase name="getProducts()" classname="com.example.individualproject.business.impl.ProductServiceImplTest" time="0.005"/>
  <testcase name="addProduct()" classname="com.example.individualproject.business.impl.ProductServiceImplTest" time="0.004"/>
  <system-out><![CDATA[]]></system-out>
  <system-err><![CDATA[]]></system-err>
</testsuite>
