<?xml version="1.0" encoding="UTF-8"?>
<testsuite name="com.example.individualproject.controller.LoginControllerTest" tests="1" skipped="0" failures="0" errors="0" timestamp="2022-05-29T13:24:07" hostname="MSILARS" time="0.125">
  <properties/>
  <testcase name="login()" classname="com.example.individualproject.controller.LoginControllerTest" time="0.125"/>
  <system-out><![CDATA[2022-05-29 15:24:05.232  INFO 26768 --- [    Test worker] .b.t.c.SpringBootTestContextBootstrapper : Neither @ContextConfiguration nor @ContextHierarchy found for test class [com.example.individualproject.controller.LoginControllerTest], using SpringBootContextLoader
2022-05-29 15:24:05.233  INFO 26768 --- [    Test worker] o.s.t.c.support.AbstractContextLoader    : Could not detect default resource locations for test class [com.example.individualproject.controller.LoginControllerTest]: no resource found for suffixes {-context.xml, Context.groovy}.
2022-05-29 15:24:05.233  INFO 26768 --- [    Test worker] t.c.s.AnnotationConfigContextLoaderUtils : Could not detect default configuration classes for test class [com.example.individualproject.controller.LoginControllerTest]: LoginControllerTest does not declare any static, non-private, non-final, nested classes annotated with @Configuration.
2022-05-29 15:24:05.236  INFO 26768 --- [    Test worker] .b.t.c.SpringBootTestContextBootstrapper : Found @SpringBootConfiguration com.example.individualproject.IndividualProjectApplication for test class com.example.individualproject.controller.LoginControllerTest
2022-05-29 15:24:05.238  INFO 26768 --- [    Test worker] .b.t.c.SpringBootTestContextBootstrapper : Loaded default TestExecutionListener class names from location [META-INF/spring.factories]: [org.springframework.security.test.context.support.WithSecurityContextTestExecutionListener, org.springframework.security.test.context.support.ReactorContextTestExecutionListener, org.springframework.boot.test.autoconfigure.restdocs.RestDocsTestExecutionListener, org.springframework.boot.test.autoconfigure.web.client.MockRestServiceServerResetTestExecutionListener, org.springframework.boot.test.autoconfigure.web.servlet.MockMvcPrintOnlyOnFailureTestExecutionListener, org.springframework.boot.test.autoconfigure.web.servlet.WebDriverTestExecutionListener, org.springframework.boot.test.autoconfigure.webservices.client.MockWebServiceServerTestExecutionListener, org.springframework.boot.test.mock.mockito.MockitoTestExecutionListener, org.springframework.boot.test.mock.mockito.ResetMocksTestExecutionListener, org.springframework.test.context.web.ServletTestExecutionListener, org.springframework.test.context.support.DirtiesContextBeforeModesTestExecutionListener, org.springframework.test.context.event.ApplicationEventsTestExecutionListener, org.springframework.test.context.support.DependencyInjectionTestExecutionListener, org.springframework.test.context.support.DirtiesContextTestExecutionListener, org.springframework.test.context.transaction.TransactionalTestExecutionListener, org.springframework.test.context.jdbc.SqlScriptsTestExecutionListener, org.springframework.test.context.event.EventPublishingTestExecutionListener]
2022-05-29 15:24:05.239  INFO 26768 --- [    Test worker] .b.t.c.SpringBootTestContextBootstrapper : Using TestExecutionListeners: [org.springframework.test.context.web.ServletTestExecutionListener@7e1aacb6, org.springframework.test.context.support.DirtiesContextBeforeModesTestExecutionListener@5e83bd84, org.springframework.test.context.event.ApplicationEventsTestExecutionListener@6ccfd4ff, org.springframework.boot.test.mock.mockito.MockitoTestExecutionListener@62dea77b, org.springframework.boot.test.autoconfigure.SpringBootDependencyInjectionTestExecutionListener@498ad88a, org.springframework.test.context.support.DirtiesContextTestExecutionListener@a2633a2, org.springframework.test.context.transaction.TransactionalTestExecutionListener@185c7635, org.springframework.test.context.jdbc.SqlScriptsTestExecutionListener@faeef3a, org.springframework.security.test.context.support.WithSecurityContextTestExecutionListener@107f28cd, org.springframework.test.context.event.EventPublishingTestExecutionListener@2bffa243, org.springframework.security.test.context.support.ReactorContextTestExecutionListener@50e984d7, org.springframework.boot.test.autoconfigure.restdocs.RestDocsTestExecutionListener@284666cf, org.springframework.boot.test.autoconfigure.web.client.MockRestServiceServerResetTestExecutionListener@41161a4a, org.springframework.boot.test.autoconfigure.web.servlet.MockMvcPrintOnlyOnFailureTestExecutionListener@17ad4591, org.springframework.boot.test.autoconfigure.web.servlet.WebDriverTestExecutionListener@b7eb48f, org.springframework.boot.test.autoconfigure.webservices.client.MockWebServiceServerTestExecutionListener@1015db31, org.springframework.boot.test.mock.mockito.ResetMocksTestExecutionListener@61205733]

  .   ____          _            __ _ _
 /\\ / ___'_ __ _ _(_)_ __  __ _ \ \ \ \
( ( )\___ | '_ | '_| | '_ \/ _` | \ \ \ \
 \\/  ___)| |_)| | | | | || (_| |  ) ) ) )
  '  |____| .__|_| |_|_| |_\__, | / / / /
 =========|_|==============|___/=/_/_/_/
 :: Spring Boot ::                (v2.6.3)

2022-05-29 15:24:05.267  INFO 26768 --- [    Test worker] c.e.i.controller.LoginControllerTest     : Starting LoginControllerTest using Java 17.0.2 on MSILars with PID 26768 (started by lars in C:\Users\lars\Desktop\ict\sem3\IndividualTask\s3_idividual_project\Idividual_project)
2022-05-29 15:24:05.267  INFO 26768 --- [    Test worker] c.e.i.controller.LoginControllerTest     : No active profile set, falling back to default profiles: default
2022-05-29 15:24:05.571  INFO 26768 --- [    Test worker] .s.d.r.c.RepositoryConfigurationDelegate : Bootstrapping Spring Data JPA repositories in DEFAULT mode.
2022-05-29 15:24:05.620  INFO 26768 --- [    Test worker] .s.d.r.c.RepositoryConfigurationDelegate : Finished Spring Data repository scanning in 48 ms. Found 5 JPA repository interfaces.
2022-05-29 15:24:05.760  INFO 26768 --- [    Test worker] trationDelegate$BeanPostProcessorChecker : Bean 'methodSecurityConfig' of type [com.example.individualproject.configuration.security.MethodSecurityConfig$$EnhancerBySpringCGLIB$$3f9dc49a] is not eligible for getting processed by all BeanPostProcessors (for example: not eligible for auto-proxying)
2022-05-29 15:24:05.849  INFO 26768 --- [    Test worker] o.f.c.internal.license.VersionPrinter    : Flyway Community Edition 8.5.5 by Redgate
2022-05-29 15:24:05.849  INFO 26768 --- [    Test worker] o.f.c.internal.license.VersionPrinter    : See what's new here: https://flywaydb.org/documentation/learnmore/releaseNotes#8.5.5
2022-05-29 15:24:05.850  INFO 26768 --- [    Test worker] o.f.c.internal.license.VersionPrinter    : 
2022-05-29 15:24:05.851  INFO 26768 --- [    Test worker] com.zaxxer.hikari.HikariDataSource       : HikariPool-2 - Starting...
2022-05-29 15:24:05.873  INFO 26768 --- [    Test worker] com.zaxxer.hikari.HikariDataSource       : HikariPool-2 - Start completed.
2022-05-29 15:24:05.874  INFO 26768 --- [    Test worker] o.f.c.i.database.base.BaseDatabaseType   : Database: jdbc:mysql://localhost:3306/game_marked (MySQL 8.0)
2022-05-29 15:24:05.895  INFO 26768 --- [    Test worker] o.f.core.internal.command.DbValidate     : Successfully validated 3 migrations (execution time 00:00.009s)
2022-05-29 15:24:05.906  INFO 26768 --- [    Test worker] o.f.core.internal.command.DbMigrate      : Current version of schema `game_marked`: 3
2022-05-29 15:24:05.907  INFO 26768 --- [    Test worker] o.f.core.internal.command.DbMigrate      : Schema `game_marked` is up to date. No migration necessary.
2022-05-29 15:24:05.988  INFO 26768 --- [    Test worker] o.hibernate.jpa.internal.util.LogHelper  : HHH000204: Processing PersistenceUnitInfo [name: default]
2022-05-29 15:24:05.996  INFO 26768 --- [    Test worker] org.hibernate.dialect.Dialect            : HHH000400: Using dialect: org.hibernate.dialect.MySQL8Dialect
2022-05-29 15:24:06.119  INFO 26768 --- [    Test worker] o.h.e.t.j.p.i.JtaPlatformInitiator       : HHH000490: Using JtaPlatform implementation: [org.hibernate.engine.transaction.jta.platform.internal.NoJtaPlatform]
2022-05-29 15:24:06.120  INFO 26768 --- [    Test worker] j.LocalContainerEntityManagerFactoryBean : Initialized JPA EntityManagerFactory for persistence unit 'default'
2022-05-29 15:24:06.650  INFO 26768 --- [    Test worker] .s.s.UserDetailsServiceAutoConfiguration : 

Using generated security password: 69704f31-09cb-4c72-9114-ce43cdb64ce5

2022-05-29 15:24:06.720  INFO 26768 --- [    Test worker] o.s.s.web.DefaultSecurityFilterChain     : Will secure any request with [org.springframework.security.web.context.request.async.WebAsyncManagerIntegrationFilter@7307fd8f, org.springframework.security.web.context.SecurityContextPersistenceFilter@5d6cf511, org.springframework.security.web.header.HeaderWriterFilter@2ca1c0c9, org.springframework.security.web.authentication.logout.LogoutFilter@13c23eb2, org.springframework.security.web.savedrequest.RequestCacheAwareFilter@4259588, org.springframework.security.web.servletapi.SecurityContextHolderAwareRequestFilter@4454c381, org.springframework.security.web.authentication.AnonymousAuthenticationFilter@71b27af3, org.springframework.security.web.session.SessionManagementFilter@6b703ad6, org.springframework.security.web.access.ExceptionTranslationFilter@4987f454]
2022-05-29 15:24:07.847  INFO 26768 --- [    Test worker] o.s.b.t.m.w.SpringBootMockServletContext : Initializing Spring TestDispatcherServlet ''
2022-05-29 15:24:07.847  INFO 26768 --- [    Test worker] o.s.t.web.servlet.TestDispatcherServlet  : Initializing Servlet ''
2022-05-29 15:24:07.849  INFO 26768 --- [    Test worker] o.s.t.web.servlet.TestDispatcherServlet  : Completed initialization in 1 ms
2022-05-29 15:24:07.865  INFO 26768 --- [    Test worker] c.e.i.controller.LoginControllerTest     : Started LoginControllerTest in 2.624 seconds (JVM running for 17.084)

MockHttpServletRequest:
      HTTP Method = POST
      Request URI = /login
       Parameters = {}
          Headers = [Content-Type:"application/json;charset=UTF-8", Content-Length:"55"]
             Body = {
  "username" : "worker",
  "password" : "worker"
}
    Session Attrs = {}

Handler:
             Type = com.example.individualproject.controller.LoginController
           Method = com.example.individualproject.controller.LoginController#login(LoginRequestDTO)

Async:
    Async started = false
     Async result = null

Resolved Exception:
             Type = null

ModelAndView:
        View name = null
             View = null
            Model = null

FlashMap:
       Attributes = null

MockHttpServletResponse:
           Status = 200
    Error message = null
          Headers = [Vary:"Origin", "Access-Control-Request-Method", "Access-Control-Request-Headers", Content-Type:"application/json", X-Content-Type-Options:"nosniff", X-XSS-Protection:"1; mode=block", Cache-Control:"no-cache, no-store, max-age=0, must-revalidate", Pragma:"no-cache", Expires:"0", X-Frame-Options:"DENY"]
     Content type = application/json
             Body = {"accessToken":"wwqeqweqweqw","authorizationLevel":"NormalUser"}
    Forwarded URL = null
   Redirected URL = null
          Cookies = []
]]></system-out>
  <system-err><![CDATA[]]></system-err>
</testsuite>
