<?xml version="1.0" encoding="UTF-8"?>
<testsuite name="com.example.individualproject.controller.LoginControllerTest" tests="1" skipped="0" failures="0" errors="0" timestamp="2022-05-27T19:41:57" hostname="MSILARS" time="0.096">
  <properties/>
  <testcase name="login()" classname="com.example.individualproject.controller.LoginControllerTest" time="0.096"/>
  <system-out><![CDATA[2022-05-27 21:41:55.459  INFO 11784 --- [    Test worker] .b.t.c.SpringBootTestContextBootstrapper : Neither @ContextConfiguration nor @ContextHierarchy found for test class [com.example.individualproject.controller.LoginControllerTest], using SpringBootContextLoader
2022-05-27 21:41:55.461  INFO 11784 --- [    Test worker] o.s.t.c.support.AbstractContextLoader    : Could not detect default resource locations for test class [com.example.individualproject.controller.LoginControllerTest]: no resource found for suffixes {-context.xml, Context.groovy}.
2022-05-27 21:41:55.461  INFO 11784 --- [    Test worker] t.c.s.AnnotationConfigContextLoaderUtils : Could not detect default configuration classes for test class [com.example.individualproject.controller.LoginControllerTest]: LoginControllerTest does not declare any static, non-private, non-final, nested classes annotated with @Configuration.
2022-05-27 21:41:55.466  INFO 11784 --- [    Test worker] .b.t.c.SpringBootTestContextBootstrapper : Found @SpringBootConfiguration com.example.individualproject.IndividualProjectApplication for test class com.example.individualproject.controller.LoginControllerTest
2022-05-27 21:41:55.468  INFO 11784 --- [    Test worker] .b.t.c.SpringBootTestContextBootstrapper : Loaded default TestExecutionListener class names from location [META-INF/spring.factories]: [org.springframework.security.test.context.support.WithSecurityContextTestExecutionListener, org.springframework.security.test.context.support.ReactorContextTestExecutionListener, org.springframework.boot.test.autoconfigure.restdocs.RestDocsTestExecutionListener, org.springframework.boot.test.autoconfigure.web.client.MockRestServiceServerResetTestExecutionListener, org.springframework.boot.test.autoconfigure.web.servlet.MockMvcPrintOnlyOnFailureTestExecutionListener, org.springframework.boot.test.autoconfigure.web.servlet.WebDriverTestExecutionListener, org.springframework.boot.test.autoconfigure.webservices.client.MockWebServiceServerTestExecutionListener, org.springframework.boot.test.mock.mockito.MockitoTestExecutionListener, org.springframework.boot.test.mock.mockito.ResetMocksTestExecutionListener, org.springframework.test.context.web.ServletTestExecutionListener, org.springframework.test.context.support.DirtiesContextBeforeModesTestExecutionListener, org.springframework.test.context.event.ApplicationEventsTestExecutionListener, org.springframework.test.context.support.DependencyInjectionTestExecutionListener, org.springframework.test.context.support.DirtiesContextTestExecutionListener, org.springframework.test.context.transaction.TransactionalTestExecutionListener, org.springframework.test.context.jdbc.SqlScriptsTestExecutionListener, org.springframework.test.context.event.EventPublishingTestExecutionListener]
2022-05-27 21:41:55.470  INFO 11784 --- [    Test worker] .b.t.c.SpringBootTestContextBootstrapper : Using TestExecutionListeners: [org.springframework.test.context.web.ServletTestExecutionListener@44f930bb, org.springframework.test.context.support.DirtiesContextBeforeModesTestExecutionListener@70fba437, org.springframework.test.context.event.ApplicationEventsTestExecutionListener@678abe43, org.springframework.boot.test.mock.mockito.MockitoTestExecutionListener@1bd89be8, org.springframework.boot.test.autoconfigure.SpringBootDependencyInjectionTestExecutionListener@16291cc0, org.springframework.test.context.support.DirtiesContextTestExecutionListener@3b5ed82e, org.springframework.test.context.transaction.TransactionalTestExecutionListener@91411a0, org.springframework.test.context.jdbc.SqlScriptsTestExecutionListener@564cdcb1, org.springframework.security.test.context.support.WithSecurityContextTestExecutionListener@8dd15a4, org.springframework.test.context.event.EventPublishingTestExecutionListener@450f3339, org.springframework.security.test.context.support.ReactorContextTestExecutionListener@6cbfa329, org.springframework.boot.test.autoconfigure.restdocs.RestDocsTestExecutionListener@5ca6435b, org.springframework.boot.test.autoconfigure.web.client.MockRestServiceServerResetTestExecutionListener@3cb60d5e, org.springframework.boot.test.autoconfigure.web.servlet.MockMvcPrintOnlyOnFailureTestExecutionListener@9c670a, org.springframework.boot.test.autoconfigure.web.servlet.WebDriverTestExecutionListener@112b3adb, org.springframework.boot.test.autoconfigure.webservices.client.MockWebServiceServerTestExecutionListener@7ff90f3e, org.springframework.boot.test.mock.mockito.ResetMocksTestExecutionListener@73a93162]

  .   ____          _            __ _ _
 /\\ / ___'_ __ _ _(_)_ __  __ _ \ \ \ \
( ( )\___ | '_ | '_| | '_ \/ _` | \ \ \ \
 \\/  ___)| |_)| | | | | || (_| |  ) ) ) )
  '  |____| .__|_| |_|_| |_\__, | / / / /
 =========|_|==============|___/=/_/_/_/
 :: Spring Boot ::                (v2.6.3)

2022-05-27 21:41:55.504  INFO 11784 --- [    Test worker] c.e.i.controller.LoginControllerTest     : Starting LoginControllerTest using Java 17.0.2 on MSILars with PID 11784 (started by lars in C:\Users\lars\Desktop\ict\sem3\IndividualTask\s3_idividual_project\Idividual_project)
2022-05-27 21:41:55.505  INFO 11784 --- [    Test worker] c.e.i.controller.LoginControllerTest     : No active profile set, falling back to default profiles: default
2022-05-27 21:41:55.770  INFO 11784 --- [    Test worker] .s.d.r.c.RepositoryConfigurationDelegate : Bootstrapping Spring Data JPA repositories in DEFAULT mode.
2022-05-27 21:41:55.809  INFO 11784 --- [    Test worker] .s.d.r.c.RepositoryConfigurationDelegate : Finished Spring Data repository scanning in 38 ms. Found 5 JPA repository interfaces.
2022-05-27 21:41:55.927  INFO 11784 --- [    Test worker] trationDelegate$BeanPostProcessorChecker : Bean 'methodSecurityConfig' of type [com.example.individualproject.configuration.security.MethodSecurityConfig$$EnhancerBySpringCGLIB$$f8140d51] is not eligible for getting processed by all BeanPostProcessors (for example: not eligible for auto-proxying)
2022-05-27 21:41:55.996  INFO 11784 --- [    Test worker] o.f.c.internal.license.VersionPrinter    : Flyway Community Edition 8.5.5 by Redgate
2022-05-27 21:41:55.997  INFO 11784 --- [    Test worker] o.f.c.internal.license.VersionPrinter    : See what's new here: https://flywaydb.org/documentation/learnmore/releaseNotes#8.5.5
2022-05-27 21:41:55.997  INFO 11784 --- [    Test worker] o.f.c.internal.license.VersionPrinter    : 
2022-05-27 21:41:55.998  INFO 11784 --- [    Test worker] com.zaxxer.hikari.HikariDataSource       : HikariPool-2 - Starting...
2022-05-27 21:41:56.021  INFO 11784 --- [    Test worker] com.zaxxer.hikari.HikariDataSource       : HikariPool-2 - Start completed.
2022-05-27 21:41:56.022  INFO 11784 --- [    Test worker] o.f.c.i.database.base.BaseDatabaseType   : Database: jdbc:mysql://localhost:3306/game_marked (MySQL 8.0)
2022-05-27 21:41:56.038  INFO 11784 --- [    Test worker] o.f.core.internal.command.DbValidate     : Successfully validated 3 migrations (execution time 00:00.005s)
2022-05-27 21:41:56.053  INFO 11784 --- [    Test worker] o.f.c.i.s.JdbcTableSchemaHistory         : Creating Schema History table `game_marked`.`flyway_schema_history` ...
2022-05-27 21:41:56.108  INFO 11784 --- [    Test worker] o.f.core.internal.command.DbMigrate      : Current version of schema `game_marked`: << Empty Schema >>
2022-05-27 21:41:56.128  INFO 11784 --- [    Test worker] o.f.core.internal.command.DbMigrate      : Migrating schema `game_marked` to version "1 - CreateProductTable"
2022-05-27 21:41:56.278  INFO 11784 --- [    Test worker] o.f.core.internal.command.DbMigrate      : Migrating schema `game_marked` to version "2 - CreateUserTable"
2022-05-27 21:41:56.339  INFO 11784 --- [    Test worker] o.f.core.internal.command.DbMigrate      : Migrating schema `game_marked` to version "3 - ConnectProductAndUserTable"
2022-05-27 21:41:56.403  INFO 11784 --- [    Test worker] o.f.core.internal.command.DbMigrate      : Successfully applied 3 migrations to schema `game_marked`, now at version v3 (execution time 00:00.298s)
2022-05-27 21:41:56.456  INFO 11784 --- [    Test worker] o.hibernate.jpa.internal.util.LogHelper  : HHH000204: Processing PersistenceUnitInfo [name: default]
2022-05-27 21:41:56.462  INFO 11784 --- [    Test worker] org.hibernate.dialect.Dialect            : HHH000400: Using dialect: org.hibernate.dialect.MySQL8Dialect
2022-05-27 21:41:56.548  INFO 11784 --- [    Test worker] o.h.e.t.j.p.i.JtaPlatformInitiator       : HHH000490: Using JtaPlatform implementation: [org.hibernate.engine.transaction.jta.platform.internal.NoJtaPlatform]
2022-05-27 21:41:56.548  INFO 11784 --- [    Test worker] j.LocalContainerEntityManagerFactoryBean : Initialized JPA EntityManagerFactory for persistence unit 'default'
2022-05-27 21:41:56.920  INFO 11784 --- [    Test worker] .s.s.UserDetailsServiceAutoConfiguration : 

Using generated security password: b0c68436-d5bc-47cc-85f0-754c3d3af6f3

2022-05-27 21:41:56.975  INFO 11784 --- [    Test worker] o.s.s.web.DefaultSecurityFilterChain     : Will secure any request with [org.springframework.security.web.context.request.async.WebAsyncManagerIntegrationFilter@50538af3, org.springframework.security.web.context.SecurityContextPersistenceFilter@704d6a4a, org.springframework.security.web.header.HeaderWriterFilter@5f610784, org.springframework.security.web.authentication.logout.LogoutFilter@10c1ad8d, org.springframework.security.web.savedrequest.RequestCacheAwareFilter@6a6974b9, org.springframework.security.web.servletapi.SecurityContextHolderAwareRequestFilter@7597bf6e, org.springframework.security.web.authentication.AnonymousAuthenticationFilter@4de3e8b1, org.springframework.security.web.session.SessionManagementFilter@31a9e442, org.springframework.security.web.access.ExceptionTranslationFilter@3db87e12]
2022-05-27 21:41:57.743  INFO 11784 --- [    Test worker] o.s.b.t.m.w.SpringBootMockServletContext : Initializing Spring TestDispatcherServlet ''
2022-05-27 21:41:57.743  INFO 11784 --- [    Test worker] o.s.t.web.servlet.TestDispatcherServlet  : Initializing Servlet ''
2022-05-27 21:41:57.744  INFO 11784 --- [    Test worker] o.s.t.web.servlet.TestDispatcherServlet  : Completed initialization in 1 ms
2022-05-27 21:41:57.759  INFO 11784 --- [    Test worker] c.e.i.controller.LoginControllerTest     : Started LoginControllerTest in 2.284 seconds (JVM running for 14.136)

MockHttpServletRequest:
      HTTP Method = POST
      Request URI = /login
       Parameters = {}
          Headers = [Content-Type:"application/json;charset=UTF-8", Content-Length:"55"]
             Body = {
  "username" : "worker",
  "password" : "worker"
}
    Session Attrs = {}

Handler:
             Type = com.example.individualproject.controller.LoginController
           Method = com.example.individualproject.controller.LoginController#login(LoginRequestDTO)

Async:
    Async started = false
     Async result = null

Resolved Exception:
             Type = null

ModelAndView:
        View name = null
             View = null
            Model = null

FlashMap:
       Attributes = null

MockHttpServletResponse:
           Status = 200
    Error message = null
          Headers = [Vary:"Origin", "Access-Control-Request-Method", "Access-Control-Request-Headers", Content-Type:"application/json", X-Content-Type-Options:"nosniff", X-XSS-Protection:"1; mode=block", Cache-Control:"no-cache, no-store, max-age=0, must-revalidate", Pragma:"no-cache", Expires:"0", X-Frame-Options:"DENY"]
     Content type = application/json
             Body = {"accessToken":"wwqeqweqweqw","authorizationLevel":"NormalUser"}
    Forwarded URL = null
   Redirected URL = null
          Cookies = []
]]></system-out>
  <system-err><![CDATA[]]></system-err>
</testsuite>
