<?xml version="1.0" encoding="UTF-8"?>
<testsuite name="com.example.individualproject.controller.UserControllerTest" tests="19" skipped="0" failures="0" errors="0" timestamp="2022-04-28T10:43:21" hostname="MSILARS" time="0.144">
  <properties/>
  <testcase name="isEmailUnique_true()" classname="com.example.individualproject.controller.UserControllerTest" time="0.011"/>
  <testcase name="getAllUsers_UsersFound()" classname="com.example.individualproject.controller.UserControllerTest" time="0.008"/>
  <testcase name="getAllUsers_NotFound()" classname="com.example.individualproject.controller.UserControllerTest" time="0.006"/>
  <testcase name="getAllUserByName_UserFound()" classname="com.example.individualproject.controller.UserControllerTest" time="0.008"/>
  <testcase name="isUsernameUnique_true()" classname="com.example.individualproject.controller.UserControllerTest" time="0.006"/>
  <testcase name="isEmailUnique_false()" classname="com.example.individualproject.controller.UserControllerTest" time="0.006"/>
  <testcase name="getAllUserByName_NotFound()" classname="com.example.individualproject.controller.UserControllerTest" time="0.006"/>
  <testcase name="isUsernameUnique_false()" classname="com.example.individualproject.controller.UserControllerTest" time="0.007"/>
  <testcase name="getUserByID_UserFound()" classname="com.example.individualproject.controller.UserControllerTest" time="0.008"/>
  <testcase name="isPhoneNumberUnique_true()" classname="com.example.individualproject.controller.UserControllerTest" time="0.006"/>
  <testcase name="isPhoneNumberUnique_false()" classname="com.example.individualproject.controller.UserControllerTest" time="0.006"/>
  <testcase name="getAllNormalUser_UsersFound()" classname="com.example.individualproject.controller.UserControllerTest" time="0.005"/>
  <testcase name="getAllNormalUser_NotFound()" classname="com.example.individualproject.controller.UserControllerTest" time="0.006"/>
  <testcase name="getAllAdmin_NotFound()" classname="com.example.individualproject.controller.UserControllerTest" time="0.007"/>
  <testcase name="getAllAdmin_UsersFound()" classname="com.example.individualproject.controller.UserControllerTest" time="0.006"/>
  <testcase name="getUsersByUsernameAndPassword_UserFound()" classname="com.example.individualproject.controller.UserControllerTest" time="0.009"/>
  <testcase name="getUsersByUsernameAndPassword_NotFound()" classname="com.example.individualproject.controller.UserControllerTest" time="0.004"/>
  <testcase name="deleteUser()" classname="com.example.individualproject.controller.UserControllerTest" time="0.005"/>
  <testcase name="getUserByID_NotFound()" classname="com.example.individualproject.controller.UserControllerTest" time="0.005"/>
  <system-out><![CDATA[2022-04-28 12:43:20.744  INFO 2988 --- [    Test worker] .b.t.a.w.s.WebMvcTestContextBootstrapper : Neither @ContextConfiguration nor @ContextHierarchy found for test class [com.example.individualproject.controller.UserControllerTest], using SpringBootContextLoader
2022-04-28 12:43:20.745  INFO 2988 --- [    Test worker] o.s.t.c.support.AbstractContextLoader    : Could not detect default resource locations for test class [com.example.individualproject.controller.UserControllerTest]: no resource found for suffixes {-context.xml, Context.groovy}.
2022-04-28 12:43:20.745  INFO 2988 --- [    Test worker] t.c.s.AnnotationConfigContextLoaderUtils : Could not detect default configuration classes for test class [com.example.individualproject.controller.UserControllerTest]: UserControllerTest does not declare any static, non-private, non-final, nested classes annotated with @Configuration.
2022-04-28 12:43:20.750  INFO 2988 --- [    Test worker] .b.t.c.SpringBootTestContextBootstrapper : Found @SpringBootConfiguration com.example.individualproject.IndividualProjectApplication for test class com.example.individualproject.controller.UserControllerTest
2022-04-28 12:43:20.750  INFO 2988 --- [    Test worker] .b.t.a.w.s.WebMvcTestContextBootstrapper : Loaded default TestExecutionListener class names from location [META-INF/spring.factories]: [org.springframework.boot.test.autoconfigure.restdocs.RestDocsTestExecutionListener, org.springframework.boot.test.autoconfigure.web.client.MockRestServiceServerResetTestExecutionListener, org.springframework.boot.test.autoconfigure.web.servlet.MockMvcPrintOnlyOnFailureTestExecutionListener, org.springframework.boot.test.autoconfigure.web.servlet.WebDriverTestExecutionListener, org.springframework.boot.test.autoconfigure.webservices.client.MockWebServiceServerTestExecutionListener, org.springframework.boot.test.mock.mockito.MockitoTestExecutionListener, org.springframework.boot.test.mock.mockito.ResetMocksTestExecutionListener, org.springframework.test.context.web.ServletTestExecutionListener, org.springframework.test.context.support.DirtiesContextBeforeModesTestExecutionListener, org.springframework.test.context.event.ApplicationEventsTestExecutionListener, org.springframework.test.context.support.DependencyInjectionTestExecutionListener, org.springframework.test.context.support.DirtiesContextTestExecutionListener, org.springframework.test.context.transaction.TransactionalTestExecutionListener, org.springframework.test.context.jdbc.SqlScriptsTestExecutionListener, org.springframework.test.context.event.EventPublishingTestExecutionListener]
2022-04-28 12:43:20.751  INFO 2988 --- [    Test worker] .b.t.a.w.s.WebMvcTestContextBootstrapper : Using TestExecutionListeners: [org.springframework.test.context.web.ServletTestExecutionListener@6e2ab1f4, org.springframework.test.context.support.DirtiesContextBeforeModesTestExecutionListener@5a487b86, org.springframework.test.context.event.ApplicationEventsTestExecutionListener@ef21eba, org.springframework.boot.test.mock.mockito.MockitoTestExecutionListener@673ade3d, org.springframework.boot.test.autoconfigure.SpringBootDependencyInjectionTestExecutionListener@5ca4763f, org.springframework.test.context.support.DirtiesContextTestExecutionListener@4529b266, org.springframework.test.context.transaction.TransactionalTestExecutionListener@5b3063b7, org.springframework.test.context.jdbc.SqlScriptsTestExecutionListener@6aca85da, org.springframework.test.context.event.EventPublishingTestExecutionListener@15200332, org.springframework.boot.test.autoconfigure.restdocs.RestDocsTestExecutionListener@1d123972, org.springframework.boot.test.autoconfigure.web.client.MockRestServiceServerResetTestExecutionListener@4567dcbc, org.springframework.boot.test.autoconfigure.web.servlet.MockMvcPrintOnlyOnFailureTestExecutionListener@7b3d759f, org.springframework.boot.test.autoconfigure.web.servlet.WebDriverTestExecutionListener@6e11d059, org.springframework.boot.test.autoconfigure.webservices.client.MockWebServiceServerTestExecutionListener@62c4ad40, org.springframework.boot.test.mock.mockito.ResetMocksTestExecutionListener@19bd1f98]

  .   ____          _            __ _ _
 /\\ / ___'_ __ _ _(_)_ __  __ _ \ \ \ \
( ( )\___ | '_ | '_| | '_ \/ _` | \ \ \ \
 \\/  ___)| |_)| | | | | || (_| |  ) ) ) )
  '  |____| .__|_| |_|_| |_\__, | / / / /
 =========|_|==============|___/=/_/_/_/
 :: Spring Boot ::                (v2.6.3)

2022-04-28 12:43:20.772  INFO 2988 --- [    Test worker] c.e.i.controller.UserControllerTest      : Starting UserControllerTest using Java 17.0.2 on MSILars with PID 2988 (started by lars in C:\Users\lars\Desktop\ict\sem3\IndividualTask\s3_idividual_project\Idividual_project)
2022-04-28 12:43:20.772  INFO 2988 --- [    Test worker] c.e.i.controller.UserControllerTest      : No active profile set, falling back to default profiles: default
2022-04-28 12:43:21.292  INFO 2988 --- [    Test worker] o.s.b.t.m.w.SpringBootMockServletContext : Initializing Spring TestDispatcherServlet ''
2022-04-28 12:43:21.292  INFO 2988 --- [    Test worker] o.s.t.web.servlet.TestDispatcherServlet  : Initializing Servlet ''
2022-04-28 12:43:21.293  INFO 2988 --- [    Test worker] o.s.t.web.servlet.TestDispatcherServlet  : Completed initialization in 1 ms
2022-04-28 12:43:21.304  INFO 2988 --- [    Test worker] c.e.i.controller.UserControllerTest      : Started UserControllerTest in 0.551 seconds (JVM running for 6.859)

MockHttpServletRequest:
      HTTP Method = GET
      Request URI = /users/unique/email/boss
       Parameters = {}
          Headers = []
             Body = null
    Session Attrs = {}

Handler:
             Type = com.example.individualproject.controller.UserController
           Method = com.example.individualproject.controller.UserController#isEmailUnique(String)

Async:
    Async started = false
     Async result = null

Resolved Exception:
             Type = null

ModelAndView:
        View name = null
             View = null
            Model = null

FlashMap:
       Attributes = null

MockHttpServletResponse:
           Status = 200
    Error message = null
          Headers = [Vary:"Origin", "Access-Control-Request-Method", "Access-Control-Request-Headers", Content-Type:"application/json"]
     Content type = application/json
             Body = true
    Forwarded URL = null
   Redirected URL = null
          Cookies = []

MockHttpServletRequest:
      HTTP Method = GET
      Request URI = /users
       Parameters = {}
          Headers = []
             Body = null
    Session Attrs = {}

Handler:
             Type = com.example.individualproject.controller.UserController
           Method = com.example.individualproject.controller.UserController#getAllUsers()

Async:
    Async started = false
     Async result = null

Resolved Exception:
             Type = null

ModelAndView:
        View name = null
             View = null
            Model = null

FlashMap:
       Attributes = null

MockHttpServletResponse:
           Status = 200
    Error message = null
          Headers = [Vary:"Origin", "Access-Control-Request-Method", "Access-Control-Request-Headers", Content-Type:"application/json"]
     Content type = application/json
             Body = [{"username":"worker","firstName":"worker","lastName":"worker","phoneNumber":"worker","email":"worker","position":"NORMAL"},{"username":"boss","firstName":"-None-","lastName":"-None-","phoneNumber":"-None-","email":"-None-","position":"ADMIN"}]
    Forwarded URL = null
   Redirected URL = null
          Cookies = []

MockHttpServletRequest:
      HTTP Method = GET
      Request URI = /users
       Parameters = {}
          Headers = []
             Body = null
    Session Attrs = {}

Handler:
             Type = com.example.individualproject.controller.UserController
           Method = com.example.individualproject.controller.UserController#getAllUsers()

Async:
    Async started = false
     Async result = null

Resolved Exception:
             Type = null

ModelAndView:
        View name = null
             View = null
            Model = null

FlashMap:
       Attributes = null

MockHttpServletResponse:
           Status = 404
    Error message = null
          Headers = [Vary:"Origin", "Access-Control-Request-Method", "Access-Control-Request-Headers"]
     Content type = null
             Body = 
    Forwarded URL = null
   Redirected URL = null
          Cookies = []

MockHttpServletRequest:
      HTTP Method = GET
      Request URI = /users/search/worker
       Parameters = {}
          Headers = []
             Body = null
    Session Attrs = {}

Handler:
             Type = com.example.individualproject.controller.UserController
           Method = com.example.individualproject.controller.UserController#getAllUserByName(String)

Async:
    Async started = false
     Async result = null

Resolved Exception:
             Type = null

ModelAndView:
        View name = null
             View = null
            Model = null

FlashMap:
       Attributes = null

MockHttpServletResponse:
           Status = 200
    Error message = null
          Headers = [Vary:"Origin", "Access-Control-Request-Method", "Access-Control-Request-Headers", Content-Type:"application/json"]
     Content type = application/json
             Body = [{"username":"worker","firstName":"worker","lastName":"worker","phoneNumber":"worker","email":"worker","position":"NORMAL"},{"username":"boss","firstName":"-None-","lastName":"-None-","phoneNumber":"-None-","email":"-None-","position":"ADMIN"}]
    Forwarded URL = null
   Redirected URL = null
          Cookies = []

MockHttpServletRequest:
      HTTP Method = GET
      Request URI = /users/unique/name/boss
       Parameters = {}
          Headers = []
             Body = null
    Session Attrs = {}

Handler:
             Type = com.example.individualproject.controller.UserController
           Method = com.example.individualproject.controller.UserController#isUsernameUnique(String)

Async:
    Async started = false
     Async result = null

Resolved Exception:
             Type = null

ModelAndView:
        View name = null
             View = null
            Model = null

FlashMap:
       Attributes = null

MockHttpServletResponse:
           Status = 200
    Error message = null
          Headers = [Vary:"Origin", "Access-Control-Request-Method", "Access-Control-Request-Headers", Content-Type:"application/json"]
     Content type = application/json
             Body = true
    Forwarded URL = null
   Redirected URL = null
          Cookies = []

MockHttpServletRequest:
      HTTP Method = GET
      Request URI = /users/unique/email/boss
       Parameters = {}
          Headers = []
             Body = null
    Session Attrs = {}

Handler:
             Type = com.example.individualproject.controller.UserController
           Method = com.example.individualproject.controller.UserController#isEmailUnique(String)

Async:
    Async started = false
     Async result = null

Resolved Exception:
             Type = null

ModelAndView:
        View name = null
             View = null
            Model = null

FlashMap:
       Attributes = null

MockHttpServletResponse:
           Status = 200
    Error message = null
          Headers = [Vary:"Origin", "Access-Control-Request-Method", "Access-Control-Request-Headers", Content-Type:"application/json"]
     Content type = application/json
             Body = false
    Forwarded URL = null
   Redirected URL = null
          Cookies = []

MockHttpServletRequest:
      HTTP Method = GET
      Request URI = /users/search/worker
       Parameters = {}
          Headers = []
             Body = null
    Session Attrs = {}

Handler:
             Type = com.example.individualproject.controller.UserController
           Method = com.example.individualproject.controller.UserController#getAllUserByName(String)

Async:
    Async started = false
     Async result = null

Resolved Exception:
             Type = null

ModelAndView:
        View name = null
             View = null
            Model = null

FlashMap:
       Attributes = null

MockHttpServletResponse:
           Status = 404
    Error message = null
          Headers = [Vary:"Origin", "Access-Control-Request-Method", "Access-Control-Request-Headers"]
     Content type = null
             Body = 
    Forwarded URL = null
   Redirected URL = null
          Cookies = []

MockHttpServletRequest:
      HTTP Method = GET
      Request URI = /users/unique/name/boss
       Parameters = {}
          Headers = []
             Body = null
    Session Attrs = {}

Handler:
             Type = com.example.individualproject.controller.UserController
           Method = com.example.individualproject.controller.UserController#isUsernameUnique(String)

Async:
    Async started = false
     Async result = null

Resolved Exception:
             Type = null

ModelAndView:
        View name = null
             View = null
            Model = null

FlashMap:
       Attributes = null

MockHttpServletResponse:
           Status = 200
    Error message = null
          Headers = [Vary:"Origin", "Access-Control-Request-Method", "Access-Control-Request-Headers", Content-Type:"application/json"]
     Content type = application/json
             Body = false
    Forwarded URL = null
   Redirected URL = null
          Cookies = []

MockHttpServletRequest:
      HTTP Method = GET
      Request URI = /users/1
       Parameters = {}
          Headers = []
             Body = null
    Session Attrs = {}

Handler:
             Type = com.example.individualproject.controller.UserController
           Method = com.example.individualproject.controller.UserController#getUserByID(Long)

Async:
    Async started = false
     Async result = null

Resolved Exception:
             Type = null

ModelAndView:
        View name = null
             View = null
            Model = null

FlashMap:
       Attributes = null

MockHttpServletResponse:
           Status = 200
    Error message = null
          Headers = [Vary:"Origin", "Access-Control-Request-Method", "Access-Control-Request-Headers", Content-Type:"application/json"]
     Content type = application/json
             Body = {"username":"worker","firstName":"worker","lastName":"worker","phoneNumber":"worker","email":"worker","position":"NORMAL"}
    Forwarded URL = null
   Redirected URL = null
          Cookies = []

MockHttpServletRequest:
      HTTP Method = GET
      Request URI = /users/unique/phoneNumber/boss
       Parameters = {}
          Headers = []
             Body = null
    Session Attrs = {}

Handler:
             Type = com.example.individualproject.controller.UserController
           Method = com.example.individualproject.controller.UserController#isPhoneNumberUnique(String)

Async:
    Async started = false
     Async result = null

Resolved Exception:
             Type = null

ModelAndView:
        View name = null
             View = null
            Model = null

FlashMap:
       Attributes = null

MockHttpServletResponse:
           Status = 200
    Error message = null
          Headers = [Vary:"Origin", "Access-Control-Request-Method", "Access-Control-Request-Headers", Content-Type:"application/json"]
     Content type = application/json
             Body = true
    Forwarded URL = null
   Redirected URL = null
          Cookies = []

MockHttpServletRequest:
      HTTP Method = GET
      Request URI = /users/unique/phoneNumber/boss
       Parameters = {}
          Headers = []
             Body = null
    Session Attrs = {}

Handler:
             Type = com.example.individualproject.controller.UserController
           Method = com.example.individualproject.controller.UserController#isPhoneNumberUnique(String)

Async:
    Async started = false
     Async result = null

Resolved Exception:
             Type = null

ModelAndView:
        View name = null
             View = null
            Model = null

FlashMap:
       Attributes = null

MockHttpServletResponse:
           Status = 200
    Error message = null
          Headers = [Vary:"Origin", "Access-Control-Request-Method", "Access-Control-Request-Headers", Content-Type:"application/json"]
     Content type = application/json
             Body = false
    Forwarded URL = null
   Redirected URL = null
          Cookies = []

MockHttpServletRequest:
      HTTP Method = GET
      Request URI = /users/NormalUser
       Parameters = {}
          Headers = []
             Body = null
    Session Attrs = {}

Handler:
             Type = com.example.individualproject.controller.UserController
           Method = com.example.individualproject.controller.UserController#getAllNormalUser()

Async:
    Async started = false
     Async result = null

Resolved Exception:
             Type = null

ModelAndView:
        View name = null
             View = null
            Model = null

FlashMap:
       Attributes = null

MockHttpServletResponse:
           Status = 200
    Error message = null
          Headers = [Vary:"Origin", "Access-Control-Request-Method", "Access-Control-Request-Headers", Content-Type:"application/json"]
     Content type = application/json
             Body = [{"username":"worker","firstName":"worker","lastName":"worker","phoneNumber":"worker","email":"worker","position":"NORMAL"}]
    Forwarded URL = null
   Redirected URL = null
          Cookies = []

MockHttpServletRequest:
      HTTP Method = GET
      Request URI = /users/NormalUser
       Parameters = {}
          Headers = []
             Body = null
    Session Attrs = {}

Handler:
             Type = com.example.individualproject.controller.UserController
           Method = com.example.individualproject.controller.UserController#getAllNormalUser()

Async:
    Async started = false
     Async result = null

Resolved Exception:
             Type = null

ModelAndView:
        View name = null
             View = null
            Model = null

FlashMap:
       Attributes = null

MockHttpServletResponse:
           Status = 404
    Error message = null
          Headers = [Vary:"Origin", "Access-Control-Request-Method", "Access-Control-Request-Headers"]
     Content type = null
             Body = 
    Forwarded URL = null
   Redirected URL = null
          Cookies = []

MockHttpServletRequest:
      HTTP Method = GET
      Request URI = /users/Admin
       Parameters = {}
          Headers = []
             Body = null
    Session Attrs = {}

Handler:
             Type = com.example.individualproject.controller.UserController
           Method = com.example.individualproject.controller.UserController#getAllAdmin()

Async:
    Async started = false
     Async result = null

Resolved Exception:
             Type = null

ModelAndView:
        View name = null
             View = null
            Model = null

FlashMap:
       Attributes = null

MockHttpServletResponse:
           Status = 404
    Error message = null
          Headers = [Vary:"Origin", "Access-Control-Request-Method", "Access-Control-Request-Headers"]
     Content type = null
             Body = 
    Forwarded URL = null
   Redirected URL = null
          Cookies = []

MockHttpServletRequest:
      HTTP Method = GET
      Request URI = /users/Admin
       Parameters = {}
          Headers = []
             Body = null
    Session Attrs = {}

Handler:
             Type = com.example.individualproject.controller.UserController
           Method = com.example.individualproject.controller.UserController#getAllAdmin()

Async:
    Async started = false
     Async result = null

Resolved Exception:
             Type = null

ModelAndView:
        View name = null
             View = null
            Model = null

FlashMap:
       Attributes = null

MockHttpServletResponse:
           Status = 200
    Error message = null
          Headers = [Vary:"Origin", "Access-Control-Request-Method", "Access-Control-Request-Headers", Content-Type:"application/json"]
     Content type = application/json
             Body = [{"username":"boss","firstName":"-None-","lastName":"-None-","phoneNumber":"-None-","email":"-None-","position":"ADMIN"}]
    Forwarded URL = null
   Redirected URL = null
          Cookies = []

MockHttpServletRequest:
      HTTP Method = GET
      Request URI = /users/login/boss/boss
       Parameters = {}
          Headers = []
             Body = null
    Session Attrs = {}

Handler:
             Type = com.example.individualproject.controller.UserController
           Method = com.example.individualproject.controller.UserController#login(String, String)

Async:
    Async started = false
     Async result = null

Resolved Exception:
             Type = null

ModelAndView:
        View name = null
             View = null
            Model = null

FlashMap:
       Attributes = null

MockHttpServletResponse:
           Status = 200
    Error message = null
          Headers = [Vary:"Origin", "Access-Control-Request-Method", "Access-Control-Request-Headers", Content-Type:"application/json"]
     Content type = application/json
             Body = {"token":"","authorization":"ADMIN"}
    Forwarded URL = null
   Redirected URL = null
          Cookies = []

MockHttpServletRequest:
      HTTP Method = GET
      Request URI = /users/login/null/null
       Parameters = {}
          Headers = []
             Body = null
    Session Attrs = {}

Handler:
             Type = com.example.individualproject.controller.UserController
           Method = com.example.individualproject.controller.UserController#login(String, String)

Async:
    Async started = false
     Async result = null

Resolved Exception:
             Type = null

ModelAndView:
        View name = null
             View = null
            Model = null

FlashMap:
       Attributes = null

MockHttpServletResponse:
           Status = 404
    Error message = null
          Headers = [Vary:"Origin", "Access-Control-Request-Method", "Access-Control-Request-Headers"]
     Content type = null
             Body = 
    Forwarded URL = null
   Redirected URL = null
          Cookies = []

MockHttpServletRequest:
      HTTP Method = DELETE
      Request URI = /users/1
       Parameters = {}
          Headers = []
             Body = null
    Session Attrs = {}

Handler:
             Type = com.example.individualproject.controller.UserController
           Method = com.example.individualproject.controller.UserController#deleteUser(Long)

Async:
    Async started = false
     Async result = null

Resolved Exception:
             Type = null

ModelAndView:
        View name = null
             View = null
            Model = null

FlashMap:
       Attributes = null

MockHttpServletResponse:
           Status = 200
    Error message = null
          Headers = [Vary:"Origin", "Access-Control-Request-Method", "Access-Control-Request-Headers"]
     Content type = null
             Body = 
    Forwarded URL = null
   Redirected URL = null
          Cookies = []

MockHttpServletRequest:
      HTTP Method = GET
      Request URI = /users/1
       Parameters = {}
          Headers = []
             Body = null
    Session Attrs = {}

Handler:
             Type = com.example.individualproject.controller.UserController
           Method = com.example.individualproject.controller.UserController#getUserByID(Long)

Async:
    Async started = false
     Async result = null

Resolved Exception:
             Type = null

ModelAndView:
        View name = null
             View = null
            Model = null

FlashMap:
       Attributes = null

MockHttpServletResponse:
           Status = 404
    Error message = null
          Headers = [Vary:"Origin", "Access-Control-Request-Method", "Access-Control-Request-Headers"]
     Content type = null
             Body = 
    Forwarded URL = null
   Redirected URL = null
          Cookies = []
]]></system-out>
  <system-err><![CDATA[]]></system-err>
</testsuite>
