<?xml version="1.0" encoding="UTF-8"?>
<testsuite name="com.example.individualproject.controller.LoginControllerTest" tests="1" skipped="0" failures="0" errors="0" timestamp="2022-06-04T13:34:52" hostname="MSILARS" time="0.094">
  <properties/>
  <testcase name="login()" classname="com.example.individualproject.controller.LoginControllerTest" time="0.094"/>
  <system-out><![CDATA[2022-06-04 15:34:50.755  INFO 17824 --- [    Test worker] .b.t.c.SpringBootTestContextBootstrapper : Neither @ContextConfiguration nor @ContextHierarchy found for test class [com.example.individualproject.controller.LoginControllerTest], using SpringBootContextLoader
2022-06-04 15:34:50.756  INFO 17824 --- [    Test worker] o.s.t.c.support.AbstractContextLoader    : Could not detect default resource locations for test class [com.example.individualproject.controller.LoginControllerTest]: no resource found for suffixes {-context.xml, Context.groovy}.
2022-06-04 15:34:50.756  INFO 17824 --- [    Test worker] t.c.s.AnnotationConfigContextLoaderUtils : Could not detect default configuration classes for test class [com.example.individualproject.controller.LoginControllerTest]: LoginControllerTest does not declare any static, non-private, non-final, nested classes annotated with @Configuration.
2022-06-04 15:34:50.758  INFO 17824 --- [    Test worker] .b.t.c.SpringBootTestContextBootstrapper : Found @SpringBootConfiguration com.example.individualproject.IndividualProjectApplication for test class com.example.individualproject.controller.LoginControllerTest
2022-06-04 15:34:50.760  INFO 17824 --- [    Test worker] .b.t.c.SpringBootTestContextBootstrapper : Loaded default TestExecutionListener class names from location [META-INF/spring.factories]: [org.springframework.security.test.context.support.WithSecurityContextTestExecutionListener, org.springframework.security.test.context.support.ReactorContextTestExecutionListener, org.springframework.boot.test.autoconfigure.restdocs.RestDocsTestExecutionListener, org.springframework.boot.test.autoconfigure.web.client.MockRestServiceServerResetTestExecutionListener, org.springframework.boot.test.autoconfigure.web.servlet.MockMvcPrintOnlyOnFailureTestExecutionListener, org.springframework.boot.test.autoconfigure.web.servlet.WebDriverTestExecutionListener, org.springframework.boot.test.autoconfigure.webservices.client.MockWebServiceServerTestExecutionListener, org.springframework.boot.test.mock.mockito.MockitoTestExecutionListener, org.springframework.boot.test.mock.mockito.ResetMocksTestExecutionListener, org.springframework.test.context.web.ServletTestExecutionListener, org.springframework.test.context.support.DirtiesContextBeforeModesTestExecutionListener, org.springframework.test.context.event.ApplicationEventsTestExecutionListener, org.springframework.test.context.support.DependencyInjectionTestExecutionListener, org.springframework.test.context.support.DirtiesContextTestExecutionListener, org.springframework.test.context.transaction.TransactionalTestExecutionListener, org.springframework.test.context.jdbc.SqlScriptsTestExecutionListener, org.springframework.test.context.event.EventPublishingTestExecutionListener]
2022-06-04 15:34:50.761  INFO 17824 --- [    Test worker] .b.t.c.SpringBootTestContextBootstrapper : Using TestExecutionListeners: [org.springframework.test.context.web.ServletTestExecutionListener@4ea17e08, org.springframework.test.context.support.DirtiesContextBeforeModesTestExecutionListener@653bd928, org.springframework.test.context.event.ApplicationEventsTestExecutionListener@6a38abf4, org.springframework.boot.test.mock.mockito.MockitoTestExecutionListener@7e089908, org.springframework.boot.test.autoconfigure.SpringBootDependencyInjectionTestExecutionListener@3b1cf9ff, org.springframework.test.context.support.DirtiesContextTestExecutionListener@55952d, org.springframework.test.context.transaction.TransactionalTestExecutionListener@2f1de9d8, org.springframework.test.context.jdbc.SqlScriptsTestExecutionListener@15e7e5ea, org.springframework.security.test.context.support.WithSecurityContextTestExecutionListener@49e825a8, org.springframework.test.context.event.EventPublishingTestExecutionListener@65382d45, org.springframework.security.test.context.support.ReactorContextTestExecutionListener@252b5b13, org.springframework.boot.test.autoconfigure.restdocs.RestDocsTestExecutionListener@f4922e9, org.springframework.boot.test.autoconfigure.web.client.MockRestServiceServerResetTestExecutionListener@78493cd, org.springframework.boot.test.autoconfigure.web.servlet.MockMvcPrintOnlyOnFailureTestExecutionListener@2372d47d, org.springframework.boot.test.autoconfigure.web.servlet.WebDriverTestExecutionListener@5cfee0c3, org.springframework.boot.test.autoconfigure.webservices.client.MockWebServiceServerTestExecutionListener@1a66dfdf, org.springframework.boot.test.mock.mockito.ResetMocksTestExecutionListener@39df2da5]

  .   ____          _            __ _ _
 /\\ / ___'_ __ _ _(_)_ __  __ _ \ \ \ \
( ( )\___ | '_ | '_| | '_ \/ _` | \ \ \ \
 \\/  ___)| |_)| | | | | || (_| |  ) ) ) )
  '  |____| .__|_| |_|_| |_\__, | / / / /
 =========|_|==============|___/=/_/_/_/
 :: Spring Boot ::                (v2.6.3)

2022-06-04 15:34:50.785  INFO 17824 --- [    Test worker] c.e.i.controller.LoginControllerTest     : Starting LoginControllerTest using Java 17.0.2 on MSILars with PID 17824 (started by lars in C:\Users\lars\Desktop\ict\sem3\IndividualTask\s3_idividual_project\Idividual_project)
2022-06-04 15:34:50.785  INFO 17824 --- [    Test worker] c.e.i.controller.LoginControllerTest     : No active profile set, falling back to default profiles: default
2022-06-04 15:34:50.998  INFO 17824 --- [    Test worker] .s.d.r.c.RepositoryConfigurationDelegate : Bootstrapping Spring Data JPA repositories in DEFAULT mode.
2022-06-04 15:34:51.029  INFO 17824 --- [    Test worker] .s.d.r.c.RepositoryConfigurationDelegate : Finished Spring Data repository scanning in 31 ms. Found 5 JPA repository interfaces.
2022-06-04 15:34:51.146  INFO 17824 --- [    Test worker] trationDelegate$BeanPostProcessorChecker : Bean 'methodSecurityConfig' of type [com.example.individualproject.configuration.security.MethodSecurityConfig$$EnhancerBySpringCGLIB$$367257c2] is not eligible for getting processed by all BeanPostProcessors (for example: not eligible for auto-proxying)
2022-06-04 15:34:51.218  INFO 17824 --- [    Test worker] o.f.c.internal.license.VersionPrinter    : Flyway Community Edition 8.5.5 by Redgate
2022-06-04 15:34:51.219  INFO 17824 --- [    Test worker] o.f.c.internal.license.VersionPrinter    : See what's new here: https://flywaydb.org/documentation/learnmore/releaseNotes#8.5.5
2022-06-04 15:34:51.219  INFO 17824 --- [    Test worker] o.f.c.internal.license.VersionPrinter    : 
2022-06-04 15:34:51.220  INFO 17824 --- [    Test worker] com.zaxxer.hikari.HikariDataSource       : HikariPool-2 - Starting...
2022-06-04 15:34:51.237  INFO 17824 --- [    Test worker] com.zaxxer.hikari.HikariDataSource       : HikariPool-2 - Start completed.
2022-06-04 15:34:51.238  INFO 17824 --- [    Test worker] o.f.c.i.database.base.BaseDatabaseType   : Database: jdbc:mysql://localhost:3306/game_marked (MySQL 8.0)
2022-06-04 15:34:51.256  INFO 17824 --- [    Test worker] o.f.core.internal.command.DbValidate     : Successfully validated 3 migrations (execution time 00:00.008s)
2022-06-04 15:34:51.265  INFO 17824 --- [    Test worker] o.f.core.internal.command.DbMigrate      : Current version of schema `game_marked`: 3
2022-06-04 15:34:51.266  INFO 17824 --- [    Test worker] o.f.core.internal.command.DbMigrate      : Schema `game_marked` is up to date. No migration necessary.
2022-06-04 15:34:51.322  INFO 17824 --- [    Test worker] o.hibernate.jpa.internal.util.LogHelper  : HHH000204: Processing PersistenceUnitInfo [name: default]
2022-06-04 15:34:51.329  INFO 17824 --- [    Test worker] org.hibernate.dialect.Dialect            : HHH000400: Using dialect: org.hibernate.dialect.MySQL8Dialect
2022-06-04 15:34:51.420  INFO 17824 --- [    Test worker] o.h.e.t.j.p.i.JtaPlatformInitiator       : HHH000490: Using JtaPlatform implementation: [org.hibernate.engine.transaction.jta.platform.internal.NoJtaPlatform]
2022-06-04 15:34:51.420  INFO 17824 --- [    Test worker] j.LocalContainerEntityManagerFactoryBean : Initialized JPA EntityManagerFactory for persistence unit 'default'
2022-06-04 15:34:51.791  INFO 17824 --- [    Test worker] .s.s.UserDetailsServiceAutoConfiguration : 

Using generated security password: 005a0fe9-0749-4b12-8751-da00e0b26bed

2022-06-04 15:34:51.843  INFO 17824 --- [    Test worker] o.s.s.web.DefaultSecurityFilterChain     : Will secure any request with [org.springframework.security.web.context.request.async.WebAsyncManagerIntegrationFilter@507780c3, org.springframework.security.web.context.SecurityContextPersistenceFilter@36532ee6, org.springframework.security.web.header.HeaderWriterFilter@4ca5dad5, org.springframework.security.web.authentication.logout.LogoutFilter@1c0528eb, org.springframework.security.web.savedrequest.RequestCacheAwareFilter@5db88b96, org.springframework.security.web.servletapi.SecurityContextHolderAwareRequestFilter@7ea2a6cc, org.springframework.security.web.authentication.AnonymousAuthenticationFilter@6580b856, org.springframework.security.web.session.SessionManagementFilter@25de0bc5, org.springframework.security.web.access.ExceptionTranslationFilter@19cd9c89]
2022-06-04 15:34:52.651  INFO 17824 --- [    Test worker] o.s.b.t.m.w.SpringBootMockServletContext : Initializing Spring TestDispatcherServlet ''
2022-06-04 15:34:52.652  INFO 17824 --- [    Test worker] o.s.t.web.servlet.TestDispatcherServlet  : Initializing Servlet ''
2022-06-04 15:34:52.653  INFO 17824 --- [    Test worker] o.s.t.web.servlet.TestDispatcherServlet  : Completed initialization in 1 ms
2022-06-04 15:34:52.663  INFO 17824 --- [    Test worker] o.s.m.s.b.SimpleBrokerMessageHandler     : Starting...
2022-06-04 15:34:52.663  INFO 17824 --- [    Test worker] o.s.m.s.b.SimpleBrokerMessageHandler     : BrokerAvailabilityEvent[available=true, SimpleBrokerMessageHandler [org.springframework.messaging.simp.broker.DefaultSubscriptionRegistry@3c24f1ea]]
2022-06-04 15:34:52.664  INFO 17824 --- [    Test worker] o.s.m.s.b.SimpleBrokerMessageHandler     : Started.
2022-06-04 15:34:52.667  INFO 17824 --- [    Test worker] c.e.i.controller.LoginControllerTest     : Started LoginControllerTest in 1.903 seconds (JVM running for 13.22)

MockHttpServletRequest:
      HTTP Method = POST
      Request URI = /login
       Parameters = {}
          Headers = [Content-Type:"application/json;charset=UTF-8", Content-Length:"55"]
             Body = {
  "username" : "worker",
  "password" : "worker"
}
    Session Attrs = {}

Handler:
             Type = com.example.individualproject.controller.LoginController
           Method = com.example.individualproject.controller.LoginController#login(LoginRequestDTO)

Async:
    Async started = false
     Async result = null

Resolved Exception:
             Type = null

ModelAndView:
        View name = null
             View = null
            Model = null

FlashMap:
       Attributes = null

MockHttpServletResponse:
           Status = 200
    Error message = null
          Headers = [Vary:"Origin", "Access-Control-Request-Method", "Access-Control-Request-Headers", Content-Type:"application/json", X-Content-Type-Options:"nosniff", X-XSS-Protection:"1; mode=block", Cache-Control:"no-cache, no-store, max-age=0, must-revalidate", Pragma:"no-cache", Expires:"0", X-Frame-Options:"DENY"]
     Content type = application/json
             Body = {"accessToken":"wwqeqweqweqw","authorizationLevel":"NormalUser"}
    Forwarded URL = null
   Redirected URL = null
          Cookies = []
]]></system-out>
  <system-err><![CDATA[]]></system-err>
</testsuite>
