<?xml version="1.0" encoding="UTF-8"?>
<testsuite name="com.example.individualproject.controller.LoginControllerTest" tests="1" skipped="0" failures="0" errors="0" timestamp="2022-06-16T08:33:59" hostname="MSILARS" time="0.082">
  <properties/>
  <testcase name="login()" classname="com.example.individualproject.controller.LoginControllerTest" time="0.082"/>
  <system-out><![CDATA[2022-06-16 10:33:57.750  INFO 24716 --- [    Test worker] .b.t.c.SpringBootTestContextBootstrapper : Neither @ContextConfiguration nor @ContextHierarchy found for test class [com.example.individualproject.controller.LoginControllerTest], using SpringBootContextLoader
2022-06-16 10:33:57.750  INFO 24716 --- [    Test worker] o.s.t.c.support.AbstractContextLoader    : Could not detect default resource locations for test class [com.example.individualproject.controller.LoginControllerTest]: no resource found for suffixes {-context.xml, Context.groovy}.
2022-06-16 10:33:57.751  INFO 24716 --- [    Test worker] t.c.s.AnnotationConfigContextLoaderUtils : Could not detect default configuration classes for test class [com.example.individualproject.controller.LoginControllerTest]: LoginControllerTest does not declare any static, non-private, non-final, nested classes annotated with @Configuration.
2022-06-16 10:33:57.753  INFO 24716 --- [    Test worker] .b.t.c.SpringBootTestContextBootstrapper : Found @SpringBootConfiguration com.example.individualproject.IndividualProjectApplication for test class com.example.individualproject.controller.LoginControllerTest
2022-06-16 10:33:57.755  INFO 24716 --- [    Test worker] .b.t.c.SpringBootTestContextBootstrapper : Loaded default TestExecutionListener class names from location [META-INF/spring.factories]: [org.springframework.security.test.context.support.WithSecurityContextTestExecutionListener, org.springframework.security.test.context.support.ReactorContextTestExecutionListener, org.springframework.boot.test.autoconfigure.restdocs.RestDocsTestExecutionListener, org.springframework.boot.test.autoconfigure.web.client.MockRestServiceServerResetTestExecutionListener, org.springframework.boot.test.autoconfigure.web.servlet.MockMvcPrintOnlyOnFailureTestExecutionListener, org.springframework.boot.test.autoconfigure.web.servlet.WebDriverTestExecutionListener, org.springframework.boot.test.autoconfigure.webservices.client.MockWebServiceServerTestExecutionListener, org.springframework.boot.test.mock.mockito.MockitoTestExecutionListener, org.springframework.boot.test.mock.mockito.ResetMocksTestExecutionListener, org.springframework.test.context.web.ServletTestExecutionListener, org.springframework.test.context.support.DirtiesContextBeforeModesTestExecutionListener, org.springframework.test.context.event.ApplicationEventsTestExecutionListener, org.springframework.test.context.support.DependencyInjectionTestExecutionListener, org.springframework.test.context.support.DirtiesContextTestExecutionListener, org.springframework.test.context.transaction.TransactionalTestExecutionListener, org.springframework.test.context.jdbc.SqlScriptsTestExecutionListener, org.springframework.test.context.event.EventPublishingTestExecutionListener]
2022-06-16 10:33:57.756  INFO 24716 --- [    Test worker] .b.t.c.SpringBootTestContextBootstrapper : Using TestExecutionListeners: [org.springframework.test.context.web.ServletTestExecutionListener@230963c, org.springframework.test.context.support.DirtiesContextBeforeModesTestExecutionListener@54c7f451, org.springframework.test.context.event.ApplicationEventsTestExecutionListener@41c71ed1, org.springframework.boot.test.mock.mockito.MockitoTestExecutionListener@569d7448, org.springframework.boot.test.autoconfigure.SpringBootDependencyInjectionTestExecutionListener@501a89d1, org.springframework.test.context.support.DirtiesContextTestExecutionListener@3b149aff, org.springframework.test.context.transaction.TransactionalTestExecutionListener@42dc3ada, org.springframework.test.context.jdbc.SqlScriptsTestExecutionListener@7f5e29fd, org.springframework.security.test.context.support.WithSecurityContextTestExecutionListener@7b8e73c6, org.springframework.test.context.event.EventPublishingTestExecutionListener@64d2cd2a, org.springframework.security.test.context.support.ReactorContextTestExecutionListener@47fb2180, org.springframework.boot.test.autoconfigure.restdocs.RestDocsTestExecutionListener@4964f943, org.springframework.boot.test.autoconfigure.web.client.MockRestServiceServerResetTestExecutionListener@41fcb3ea, org.springframework.boot.test.autoconfigure.web.servlet.MockMvcPrintOnlyOnFailureTestExecutionListener@33b59d62, org.springframework.boot.test.autoconfigure.web.servlet.WebDriverTestExecutionListener@2ddc5db5, org.springframework.boot.test.autoconfigure.webservices.client.MockWebServiceServerTestExecutionListener@439c17ac, org.springframework.boot.test.mock.mockito.ResetMocksTestExecutionListener@675b8fd6]

  .   ____          _            __ _ _
 /\\ / ___'_ __ _ _(_)_ __  __ _ \ \ \ \
( ( )\___ | '_ | '_| | '_ \/ _` | \ \ \ \
 \\/  ___)| |_)| | | | | || (_| |  ) ) ) )
  '  |____| .__|_| |_|_| |_\__, | / / / /
 =========|_|==============|___/=/_/_/_/
 :: Spring Boot ::                (v2.6.3)

2022-06-16 10:33:57.774  INFO 24716 --- [    Test worker] c.e.i.controller.LoginControllerTest     : Starting LoginControllerTest using Java 17.0.2 on MSILars with PID 24716 (started by lars in C:\Users\lars\Desktop\ict\sem3\IndividualTask\s3_idividual_project\Idividual_project)
2022-06-16 10:33:57.774  INFO 24716 --- [    Test worker] c.e.i.controller.LoginControllerTest     : No active profile set, falling back to default profiles: default
2022-06-16 10:33:58.011  INFO 24716 --- [    Test worker] .s.d.r.c.RepositoryConfigurationDelegate : Bootstrapping Spring Data JPA repositories in DEFAULT mode.
2022-06-16 10:33:58.044  INFO 24716 --- [    Test worker] .s.d.r.c.RepositoryConfigurationDelegate : Finished Spring Data repository scanning in 32 ms. Found 5 JPA repository interfaces.
2022-06-16 10:33:58.152  INFO 24716 --- [    Test worker] trationDelegate$BeanPostProcessorChecker : Bean 'methodSecurityConfig' of type [com.example.individualproject.configuration.security.MethodSecurityConfig$$EnhancerBySpringCGLIB$$1741a637] is not eligible for getting processed by all BeanPostProcessors (for example: not eligible for auto-proxying)
2022-06-16 10:33:58.222  INFO 24716 --- [    Test worker] o.f.c.internal.license.VersionPrinter    : Flyway Community Edition 8.5.12 by Redgate
2022-06-16 10:33:58.222  INFO 24716 --- [    Test worker] o.f.c.internal.license.VersionPrinter    : See what's new here: https://flywaydb.org/documentation/learnmore/releaseNotes#8.5.12
2022-06-16 10:33:58.222  INFO 24716 --- [    Test worker] o.f.c.internal.license.VersionPrinter    : 
2022-06-16 10:33:58.224  INFO 24716 --- [    Test worker] com.zaxxer.hikari.HikariDataSource       : HikariPool-2 - Starting...
2022-06-16 10:33:58.244  INFO 24716 --- [    Test worker] com.zaxxer.hikari.HikariDataSource       : HikariPool-2 - Start completed.
2022-06-16 10:33:58.245  INFO 24716 --- [    Test worker] o.f.c.i.database.base.BaseDatabaseType   : Database: jdbc:mysql://localhost:3306/game_marked (MySQL 8.0)
2022-06-16 10:33:58.265  INFO 24716 --- [    Test worker] o.f.core.internal.command.DbValidate     : Successfully validated 3 migrations (execution time 00:00.009s)
2022-06-16 10:33:58.274  INFO 24716 --- [    Test worker] o.f.core.internal.command.DbMigrate      : Current version of schema `game_marked`: 3
2022-06-16 10:33:58.274  INFO 24716 --- [    Test worker] o.f.core.internal.command.DbMigrate      : Schema `game_marked` is up to date. No migration necessary.
2022-06-16 10:33:58.334  INFO 24716 --- [    Test worker] o.hibernate.jpa.internal.util.LogHelper  : HHH000204: Processing PersistenceUnitInfo [name: default]
2022-06-16 10:33:58.339  INFO 24716 --- [    Test worker] org.hibernate.dialect.Dialect            : HHH000400: Using dialect: org.hibernate.dialect.MySQL8Dialect
2022-06-16 10:33:58.442  INFO 24716 --- [    Test worker] o.h.e.t.j.p.i.JtaPlatformInitiator       : HHH000490: Using JtaPlatform implementation: [org.hibernate.engine.transaction.jta.platform.internal.NoJtaPlatform]
2022-06-16 10:33:58.442  INFO 24716 --- [    Test worker] j.LocalContainerEntityManagerFactoryBean : Initialized JPA EntityManagerFactory for persistence unit 'default'
2022-06-16 10:33:58.774  INFO 24716 --- [    Test worker] .s.s.UserDetailsServiceAutoConfiguration : 

Using generated security password: 69361c73-dfec-4087-950f-67b7d74139f4

2022-06-16 10:33:58.821  INFO 24716 --- [    Test worker] o.s.s.web.DefaultSecurityFilterChain     : Will secure any request with [org.springframework.security.web.context.request.async.WebAsyncManagerIntegrationFilter@41936b16, org.springframework.security.web.context.SecurityContextPersistenceFilter@6131f722, org.springframework.security.web.header.HeaderWriterFilter@10f363c8, org.springframework.security.web.authentication.logout.LogoutFilter@4bcf3989, org.springframework.security.web.savedrequest.RequestCacheAwareFilter@4726558, org.springframework.security.web.servletapi.SecurityContextHolderAwareRequestFilter@998a93c, org.springframework.security.web.authentication.AnonymousAuthenticationFilter@732211dc, org.springframework.security.web.session.SessionManagementFilter@7e9ba0af, org.springframework.security.web.access.ExceptionTranslationFilter@34b2056c]
2022-06-16 10:33:59.647  INFO 24716 --- [    Test worker] o.s.b.t.m.w.SpringBootMockServletContext : Initializing Spring TestDispatcherServlet ''
2022-06-16 10:33:59.647  INFO 24716 --- [    Test worker] o.s.t.web.servlet.TestDispatcherServlet  : Initializing Servlet ''
2022-06-16 10:33:59.648  INFO 24716 --- [    Test worker] o.s.t.web.servlet.TestDispatcherServlet  : Completed initialization in 1 ms
2022-06-16 10:33:59.658  INFO 24716 --- [    Test worker] o.s.m.s.b.SimpleBrokerMessageHandler     : Starting...
2022-06-16 10:33:59.658  INFO 24716 --- [    Test worker] o.s.m.s.b.SimpleBrokerMessageHandler     : BrokerAvailabilityEvent[available=true, SimpleBrokerMessageHandler [org.springframework.messaging.simp.broker.DefaultSubscriptionRegistry@6d1867f9]]
2022-06-16 10:33:59.659  INFO 24716 --- [    Test worker] o.s.m.s.b.SimpleBrokerMessageHandler     : Started.
2022-06-16 10:33:59.661  INFO 24716 --- [    Test worker] c.e.i.controller.LoginControllerTest     : Started LoginControllerTest in 1.904 seconds (JVM running for 16.038)

MockHttpServletRequest:
      HTTP Method = POST
      Request URI = /login
       Parameters = {}
          Headers = [Content-Type:"application/json;charset=UTF-8", Content-Length:"55"]
             Body = {
  "username" : "worker",
  "password" : "worker"
}
    Session Attrs = {}

Handler:
             Type = com.example.individualproject.controller.LoginController
           Method = com.example.individualproject.controller.LoginController#login(LoginRequestDTO)

Async:
    Async started = false
     Async result = null

Resolved Exception:
             Type = null

ModelAndView:
        View name = null
             View = null
            Model = null

FlashMap:
       Attributes = null

MockHttpServletResponse:
           Status = 200
    Error message = null
          Headers = [Vary:"Origin", "Access-Control-Request-Method", "Access-Control-Request-Headers", Content-Type:"application/json", X-Content-Type-Options:"nosniff", X-XSS-Protection:"1; mode=block", Cache-Control:"no-cache, no-store, max-age=0, must-revalidate", Pragma:"no-cache", Expires:"0", X-Frame-Options:"DENY"]
     Content type = application/json
             Body = {"accessToken":"token","authorizationLevel":"NormalUser"}
    Forwarded URL = null
   Redirected URL = null
          Cookies = []
]]></system-out>
  <system-err><![CDATA[]]></system-err>
</testsuite>
