<?xml version="1.0" encoding="UTF-8"?>
<testsuite name="com.example.individualproject.controller.UserControllerTest" tests="19" skipped="0" failures="0" errors="0" timestamp="2022-05-27T19:42:01" hostname="MSILARS" time="0.192">
  <properties/>
  <testcase name="isEmailUnique_true()" classname="com.example.individualproject.controller.UserControllerTest" time="0.033"/>
  <testcase name="getAllUsers_UsersFound()" classname="com.example.individualproject.controller.UserControllerTest" time="0.015"/>
  <testcase name="getAllUsers_NotFound()" classname="com.example.individualproject.controller.UserControllerTest" time="0.008"/>
  <testcase name="getAllUserByName_UserFound()" classname="com.example.individualproject.controller.UserControllerTest" time="0.007"/>
  <testcase name="isUsernameUnique_true()" classname="com.example.individualproject.controller.UserControllerTest" time="0.005"/>
  <testcase name="updateUser_BadRequest()" classname="com.example.individualproject.controller.UserControllerTest" time="0.013"/>
  <testcase name="isEmailUnique_false()" classname="com.example.individualproject.controller.UserControllerTest" time="0.006"/>
  <testcase name="updateUser()" classname="com.example.individualproject.controller.UserControllerTest" time="0.008"/>
  <testcase name="getAllUserByName_NotFound()" classname="com.example.individualproject.controller.UserControllerTest" time="0.008"/>
  <testcase name="isUsernameUnique_false()" classname="com.example.individualproject.controller.UserControllerTest" time="0.007"/>
  <testcase name="isPhoneNumberUnique_true()" classname="com.example.individualproject.controller.UserControllerTest" time="0.006"/>
  <testcase name="isPhoneNumberUnique_false()" classname="com.example.individualproject.controller.UserControllerTest" time="0.007"/>
  <testcase name="getAllNormalUser_UsersFound()" classname="com.example.individualproject.controller.UserControllerTest" time="0.01"/>
  <testcase name="getAllNormalUser_NotFound()" classname="com.example.individualproject.controller.UserControllerTest" time="0.007"/>
  <testcase name="getAllAdmin_NotFound()" classname="com.example.individualproject.controller.UserControllerTest" time="0.006"/>
  <testcase name="getAllAdmin_UsersFound()" classname="com.example.individualproject.controller.UserControllerTest" time="0.005"/>
  <testcase name="createUser_Conflict()" classname="com.example.individualproject.controller.UserControllerTest" time="0.009"/>
  <testcase name="createUser()" classname="com.example.individualproject.controller.UserControllerTest" time="0.007"/>
  <testcase name="deleteUser()" classname="com.example.individualproject.controller.UserControllerTest" time="0.006"/>
  <system-out><![CDATA[2022-05-27 21:41:59.889  INFO 11784 --- [    Test worker] .b.t.c.SpringBootTestContextBootstrapper : Neither @ContextConfiguration nor @ContextHierarchy found for test class [com.example.individualproject.controller.UserControllerTest], using SpringBootContextLoader
2022-05-27 21:41:59.890  INFO 11784 --- [    Test worker] o.s.t.c.support.AbstractContextLoader    : Could not detect default resource locations for test class [com.example.individualproject.controller.UserControllerTest]: no resource found for suffixes {-context.xml, Context.groovy}.
2022-05-27 21:41:59.891  INFO 11784 --- [    Test worker] t.c.s.AnnotationConfigContextLoaderUtils : Could not detect default configuration classes for test class [com.example.individualproject.controller.UserControllerTest]: UserControllerTest does not declare any static, non-private, non-final, nested classes annotated with @Configuration.
2022-05-27 21:41:59.894  INFO 11784 --- [    Test worker] .b.t.c.SpringBootTestContextBootstrapper : Found @SpringBootConfiguration com.example.individualproject.IndividualProjectApplication for test class com.example.individualproject.controller.UserControllerTest
2022-05-27 21:41:59.896  INFO 11784 --- [    Test worker] .b.t.c.SpringBootTestContextBootstrapper : Loaded default TestExecutionListener class names from location [META-INF/spring.factories]: [org.springframework.security.test.context.support.WithSecurityContextTestExecutionListener, org.springframework.security.test.context.support.ReactorContextTestExecutionListener, org.springframework.boot.test.autoconfigure.restdocs.RestDocsTestExecutionListener, org.springframework.boot.test.autoconfigure.web.client.MockRestServiceServerResetTestExecutionListener, org.springframework.boot.test.autoconfigure.web.servlet.MockMvcPrintOnlyOnFailureTestExecutionListener, org.springframework.boot.test.autoconfigure.web.servlet.WebDriverTestExecutionListener, org.springframework.boot.test.autoconfigure.webservices.client.MockWebServiceServerTestExecutionListener, org.springframework.boot.test.mock.mockito.MockitoTestExecutionListener, org.springframework.boot.test.mock.mockito.ResetMocksTestExecutionListener, org.springframework.test.context.web.ServletTestExecutionListener, org.springframework.test.context.support.DirtiesContextBeforeModesTestExecutionListener, org.springframework.test.context.event.ApplicationEventsTestExecutionListener, org.springframework.test.context.support.DependencyInjectionTestExecutionListener, org.springframework.test.context.support.DirtiesContextTestExecutionListener, org.springframework.test.context.transaction.TransactionalTestExecutionListener, org.springframework.test.context.jdbc.SqlScriptsTestExecutionListener, org.springframework.test.context.event.EventPublishingTestExecutionListener]
2022-05-27 21:41:59.897  INFO 11784 --- [    Test worker] .b.t.c.SpringBootTestContextBootstrapper : Using TestExecutionListeners: [org.springframework.test.context.web.ServletTestExecutionListener@264f2b1a, org.springframework.test.context.support.DirtiesContextBeforeModesTestExecutionListener@1091cc83, org.springframework.test.context.event.ApplicationEventsTestExecutionListener@471a7e2b, org.springframework.boot.test.mock.mockito.MockitoTestExecutionListener@22292704, org.springframework.boot.test.autoconfigure.SpringBootDependencyInjectionTestExecutionListener@7d61dfa0, org.springframework.test.context.support.DirtiesContextTestExecutionListener@630ae15b, org.springframework.test.context.transaction.TransactionalTestExecutionListener@77752037, org.springframework.test.context.jdbc.SqlScriptsTestExecutionListener@1c8f28da, org.springframework.security.test.context.support.WithSecurityContextTestExecutionListener@6fe06834, org.springframework.test.context.event.EventPublishingTestExecutionListener@5bd44caa, org.springframework.security.test.context.support.ReactorContextTestExecutionListener@5febb7f, org.springframework.boot.test.autoconfigure.restdocs.RestDocsTestExecutionListener@60529ae2, org.springframework.boot.test.autoconfigure.web.client.MockRestServiceServerResetTestExecutionListener@c1fef14, org.springframework.boot.test.autoconfigure.web.servlet.MockMvcPrintOnlyOnFailureTestExecutionListener@75d74321, org.springframework.boot.test.autoconfigure.web.servlet.WebDriverTestExecutionListener@5822ba7, org.springframework.boot.test.autoconfigure.webservices.client.MockWebServiceServerTestExecutionListener@7173247f, org.springframework.boot.test.mock.mockito.ResetMocksTestExecutionListener@2e7020a]

  .   ____          _            __ _ _
 /\\ / ___'_ __ _ _(_)_ __  __ _ \ \ \ \
( ( )\___ | '_ | '_| | '_ \/ _` | \ \ \ \
 \\/  ___)| |_)| | | | | || (_| |  ) ) ) )
  '  |____| .__|_| |_|_| |_\__, | / / / /
 =========|_|==============|___/=/_/_/_/
 :: Spring Boot ::                (v2.6.3)

2022-05-27 21:41:59.921  INFO 11784 --- [    Test worker] c.e.i.controller.UserControllerTest      : Starting UserControllerTest using Java 17.0.2 on MSILars with PID 11784 (started by lars in C:\Users\lars\Desktop\ict\sem3\IndividualTask\s3_idividual_project\Idividual_project)
2022-05-27 21:41:59.921  INFO 11784 --- [    Test worker] c.e.i.controller.UserControllerTest      : No active profile set, falling back to default profiles: default
2022-05-27 21:42:00.147  INFO 11784 --- [    Test worker] .s.d.r.c.RepositoryConfigurationDelegate : Bootstrapping Spring Data JPA repositories in DEFAULT mode.
2022-05-27 21:42:00.176  INFO 11784 --- [    Test worker] .s.d.r.c.RepositoryConfigurationDelegate : Finished Spring Data repository scanning in 29 ms. Found 5 JPA repository interfaces.
2022-05-27 21:42:00.310  INFO 11784 --- [    Test worker] trationDelegate$BeanPostProcessorChecker : Bean 'methodSecurityConfig' of type [com.example.individualproject.configuration.security.MethodSecurityConfig$$EnhancerBySpringCGLIB$$f8140d51] is not eligible for getting processed by all BeanPostProcessors (for example: not eligible for auto-proxying)
2022-05-27 21:42:00.365  INFO 11784 --- [    Test worker] o.f.c.internal.license.VersionPrinter    : Flyway Community Edition 8.5.5 by Redgate
2022-05-27 21:42:00.365  INFO 11784 --- [    Test worker] o.f.c.internal.license.VersionPrinter    : See what's new here: https://flywaydb.org/documentation/learnmore/releaseNotes#8.5.5
2022-05-27 21:42:00.365  INFO 11784 --- [    Test worker] o.f.c.internal.license.VersionPrinter    : 
2022-05-27 21:42:00.367  INFO 11784 --- [    Test worker] com.zaxxer.hikari.HikariDataSource       : HikariPool-4 - Starting...
2022-05-27 21:42:00.381  INFO 11784 --- [    Test worker] com.zaxxer.hikari.HikariDataSource       : HikariPool-4 - Start completed.
2022-05-27 21:42:00.382  INFO 11784 --- [    Test worker] o.f.c.i.database.base.BaseDatabaseType   : Database: jdbc:mysql://localhost:3306/game_marked (MySQL 8.0)
2022-05-27 21:42:00.396  INFO 11784 --- [    Test worker] o.f.core.internal.command.DbValidate     : Successfully validated 3 migrations (execution time 00:00.005s)
2022-05-27 21:42:00.403  INFO 11784 --- [    Test worker] o.f.core.internal.command.DbMigrate      : Current version of schema `game_marked`: 3
2022-05-27 21:42:00.404  INFO 11784 --- [    Test worker] o.f.core.internal.command.DbMigrate      : Schema `game_marked` is up to date. No migration necessary.
2022-05-27 21:42:00.448  INFO 11784 --- [    Test worker] o.hibernate.jpa.internal.util.LogHelper  : HHH000204: Processing PersistenceUnitInfo [name: default]
2022-05-27 21:42:00.454  INFO 11784 --- [    Test worker] org.hibernate.dialect.Dialect            : HHH000400: Using dialect: org.hibernate.dialect.MySQL8Dialect
2022-05-27 21:42:00.536  INFO 11784 --- [    Test worker] o.h.e.t.j.p.i.JtaPlatformInitiator       : HHH000490: Using JtaPlatform implementation: [org.hibernate.engine.transaction.jta.platform.internal.NoJtaPlatform]
2022-05-27 21:42:00.536  INFO 11784 --- [    Test worker] j.LocalContainerEntityManagerFactoryBean : Initialized JPA EntityManagerFactory for persistence unit 'default'
2022-05-27 21:42:00.874  INFO 11784 --- [    Test worker] .s.s.UserDetailsServiceAutoConfiguration : 

Using generated security password: 96f11839-dbc2-4986-8ecd-811a180eecb3

2022-05-27 21:42:00.926  INFO 11784 --- [    Test worker] o.s.s.web.DefaultSecurityFilterChain     : Will secure any request with [org.springframework.security.web.context.request.async.WebAsyncManagerIntegrationFilter@490804cc, org.springframework.security.web.context.SecurityContextPersistenceFilter@2d6771, org.springframework.security.web.header.HeaderWriterFilter@5973b3fb, org.springframework.security.web.authentication.logout.LogoutFilter@20325ab4, org.springframework.security.web.savedrequest.RequestCacheAwareFilter@578e19f7, org.springframework.security.web.servletapi.SecurityContextHolderAwareRequestFilter@97539b3, org.springframework.security.web.authentication.AnonymousAuthenticationFilter@7bdd00a3, org.springframework.security.web.session.SessionManagementFilter@2acb03fb, org.springframework.security.web.access.ExceptionTranslationFilter@51c09954]
2022-05-27 21:42:01.634  INFO 11784 --- [    Test worker] o.s.b.t.m.w.SpringBootMockServletContext : Initializing Spring TestDispatcherServlet ''
2022-05-27 21:42:01.634  INFO 11784 --- [    Test worker] o.s.t.web.servlet.TestDispatcherServlet  : Initializing Servlet ''
2022-05-27 21:42:01.634  INFO 11784 --- [    Test worker] o.s.t.web.servlet.TestDispatcherServlet  : Completed initialization in 0 ms
2022-05-27 21:42:01.646  INFO 11784 --- [    Test worker] c.e.i.controller.UserControllerTest      : Started UserControllerTest in 1.746 seconds (JVM running for 18.023)

MockHttpServletRequest:
      HTTP Method = GET
      Request URI = /users/unique/email/boss
       Parameters = {}
          Headers = []
             Body = null
    Session Attrs = {}

Handler:
             Type = com.example.individualproject.controller.UserController
           Method = com.example.individualproject.controller.UserController#isEmailUnique(String)

Async:
    Async started = false
     Async result = null

Resolved Exception:
             Type = null

ModelAndView:
        View name = null
             View = null
            Model = null

FlashMap:
       Attributes = null

MockHttpServletResponse:
           Status = 200
    Error message = null
          Headers = [Vary:"Origin", "Access-Control-Request-Method", "Access-Control-Request-Headers", Content-Type:"application/json", X-Content-Type-Options:"nosniff", X-XSS-Protection:"1; mode=block", Cache-Control:"no-cache, no-store, max-age=0, must-revalidate", Pragma:"no-cache", Expires:"0", X-Frame-Options:"DENY"]
     Content type = application/json
             Body = true
    Forwarded URL = null
   Redirected URL = null
          Cookies = []

MockHttpServletRequest:
      HTTP Method = GET
      Request URI = /users
       Parameters = {}
          Headers = []
             Body = null
    Session Attrs = {}

Handler:
             Type = com.example.individualproject.controller.UserController
           Method = com.example.individualproject.controller.UserController#getAllUsers()

Async:
    Async started = false
     Async result = null

Resolved Exception:
             Type = null

ModelAndView:
        View name = null
             View = null
            Model = null

FlashMap:
       Attributes = null

MockHttpServletResponse:
           Status = 200
    Error message = null
          Headers = [Vary:"Origin", "Access-Control-Request-Method", "Access-Control-Request-Headers", Content-Type:"application/json", X-Content-Type-Options:"nosniff", X-XSS-Protection:"1; mode=block", Cache-Control:"no-cache, no-store, max-age=0, must-revalidate", Pragma:"no-cache", Expires:"0", X-Frame-Options:"DENY"]
     Content type = application/json
             Body = [{"username":"worker","firstName":"worker","lastName":"worker","phoneNumber":"worker","email":"worker","position":"NORMAL"},{"username":"boss","firstName":"-None-","lastName":"-None-","phoneNumber":"-None-","email":"-None-","position":"ADMIN"}]
    Forwarded URL = null
   Redirected URL = null
          Cookies = []

MockHttpServletRequest:
      HTTP Method = GET
      Request URI = /users
       Parameters = {}
          Headers = []
             Body = null
    Session Attrs = {}

Handler:
             Type = com.example.individualproject.controller.UserController
           Method = com.example.individualproject.controller.UserController#getAllUsers()

Async:
    Async started = false
     Async result = null

Resolved Exception:
             Type = null

ModelAndView:
        View name = null
             View = null
            Model = null

FlashMap:
       Attributes = null

MockHttpServletResponse:
           Status = 404
    Error message = null
          Headers = [Vary:"Origin", "Access-Control-Request-Method", "Access-Control-Request-Headers", X-Content-Type-Options:"nosniff", X-XSS-Protection:"1; mode=block", Cache-Control:"no-cache, no-store, max-age=0, must-revalidate", Pragma:"no-cache", Expires:"0", X-Frame-Options:"DENY"]
     Content type = null
             Body = 
    Forwarded URL = null
   Redirected URL = null
          Cookies = []

MockHttpServletRequest:
      HTTP Method = GET
      Request URI = /users/search/worker
       Parameters = {}
          Headers = []
             Body = null
    Session Attrs = {}

Handler:
             Type = com.example.individualproject.controller.UserController
           Method = com.example.individualproject.controller.UserController#getAllUserByName(String)

Async:
    Async started = false
     Async result = null

Resolved Exception:
             Type = null

ModelAndView:
        View name = null
             View = null
            Model = null

FlashMap:
       Attributes = null

MockHttpServletResponse:
           Status = 200
    Error message = null
          Headers = [Vary:"Origin", "Access-Control-Request-Method", "Access-Control-Request-Headers", Content-Type:"application/json", X-Content-Type-Options:"nosniff", X-XSS-Protection:"1; mode=block", Cache-Control:"no-cache, no-store, max-age=0, must-revalidate", Pragma:"no-cache", Expires:"0", X-Frame-Options:"DENY"]
     Content type = application/json
             Body = [{"username":"worker","firstName":"worker","lastName":"worker","phoneNumber":"worker","email":"worker","position":"NORMAL"},{"username":"boss","firstName":"-None-","lastName":"-None-","phoneNumber":"-None-","email":"-None-","position":"ADMIN"}]
    Forwarded URL = null
   Redirected URL = null
          Cookies = []

MockHttpServletRequest:
      HTTP Method = GET
      Request URI = /users/unique/name/boss
       Parameters = {}
          Headers = []
             Body = null
    Session Attrs = {}

Handler:
             Type = com.example.individualproject.controller.UserController
           Method = com.example.individualproject.controller.UserController#isUsernameUnique(String)

Async:
    Async started = false
     Async result = null

Resolved Exception:
             Type = null

ModelAndView:
        View name = null
             View = null
            Model = null

FlashMap:
       Attributes = null

MockHttpServletResponse:
           Status = 200
    Error message = null
          Headers = [Vary:"Origin", "Access-Control-Request-Method", "Access-Control-Request-Headers", Content-Type:"application/json", X-Content-Type-Options:"nosniff", X-XSS-Protection:"1; mode=block", Cache-Control:"no-cache, no-store, max-age=0, must-revalidate", Pragma:"no-cache", Expires:"0", X-Frame-Options:"DENY"]
     Content type = application/json
             Body = true
    Forwarded URL = null
   Redirected URL = null
          Cookies = []

MockHttpServletRequest:
      HTTP Method = PUT
      Request URI = /users
       Parameters = {}
          Headers = [Content-Type:"application/json;charset=UTF-8", Content-Length:"159"]
             Body = {
  "id" : 1,
  "firstName" : "firstName",
  "lastName" : "lastName",
  "phoneNumber" : "phoneNumber",
  "email" : "email",
  "productsSelling" : null
}
    Session Attrs = {}

Handler:
             Type = com.example.individualproject.controller.UserController
           Method = com.example.individualproject.controller.UserController#updateUser(UpdateUserRequestDTO)

Async:
    Async started = false
     Async result = null

Resolved Exception:
             Type = null

ModelAndView:
        View name = null
             View = null
            Model = null

FlashMap:
       Attributes = null

MockHttpServletResponse:
           Status = 400
    Error message = null
          Headers = [Vary:"Origin", "Access-Control-Request-Method", "Access-Control-Request-Headers", X-Content-Type-Options:"nosniff", X-XSS-Protection:"1; mode=block", Cache-Control:"no-cache, no-store, max-age=0, must-revalidate", Pragma:"no-cache", Expires:"0", X-Frame-Options:"DENY"]
     Content type = null
             Body = 
    Forwarded URL = null
   Redirected URL = null
          Cookies = []

MockHttpServletRequest:
      HTTP Method = GET
      Request URI = /users/unique/email/boss
       Parameters = {}
          Headers = []
             Body = null
    Session Attrs = {}

Handler:
             Type = com.example.individualproject.controller.UserController
           Method = com.example.individualproject.controller.UserController#isEmailUnique(String)

Async:
    Async started = false
     Async result = null

Resolved Exception:
             Type = null

ModelAndView:
        View name = null
             View = null
            Model = null

FlashMap:
       Attributes = null

MockHttpServletResponse:
           Status = 200
    Error message = null
          Headers = [Vary:"Origin", "Access-Control-Request-Method", "Access-Control-Request-Headers", Content-Type:"application/json", X-Content-Type-Options:"nosniff", X-XSS-Protection:"1; mode=block", Cache-Control:"no-cache, no-store, max-age=0, must-revalidate", Pragma:"no-cache", Expires:"0", X-Frame-Options:"DENY"]
     Content type = application/json
             Body = false
    Forwarded URL = null
   Redirected URL = null
          Cookies = []

MockHttpServletRequest:
      HTTP Method = PUT
      Request URI = /users
       Parameters = {}
          Headers = [Content-Type:"application/json;charset=UTF-8", Content-Length:"159"]
             Body = {
  "id" : 1,
  "firstName" : "firstName",
  "lastName" : "lastName",
  "phoneNumber" : "phoneNumber",
  "email" : "email",
  "productsSelling" : null
}
    Session Attrs = {}

Handler:
             Type = com.example.individualproject.controller.UserController
           Method = com.example.individualproject.controller.UserController#updateUser(UpdateUserRequestDTO)

Async:
    Async started = false
     Async result = null

Resolved Exception:
             Type = null

ModelAndView:
        View name = null
             View = null
            Model = null

FlashMap:
       Attributes = null

MockHttpServletResponse:
           Status = 200
    Error message = null
          Headers = [Vary:"Origin", "Access-Control-Request-Method", "Access-Control-Request-Headers", Content-Type:"application/json", X-Content-Type-Options:"nosniff", X-XSS-Protection:"1; mode=block", Cache-Control:"no-cache, no-store, max-age=0, must-revalidate", Pragma:"no-cache", Expires:"0", X-Frame-Options:"DENY"]
     Content type = application/json
             Body = {"firstName":"firstname"}
    Forwarded URL = null
   Redirected URL = null
          Cookies = []

MockHttpServletRequest:
      HTTP Method = GET
      Request URI = /users/search/worker
       Parameters = {}
          Headers = []
             Body = null
    Session Attrs = {}

Handler:
             Type = com.example.individualproject.controller.UserController
           Method = com.example.individualproject.controller.UserController#getAllUserByName(String)

Async:
    Async started = false
     Async result = null

Resolved Exception:
             Type = null

ModelAndView:
        View name = null
             View = null
            Model = null

FlashMap:
       Attributes = null

MockHttpServletResponse:
           Status = 404
    Error message = null
          Headers = [Vary:"Origin", "Access-Control-Request-Method", "Access-Control-Request-Headers", X-Content-Type-Options:"nosniff", X-XSS-Protection:"1; mode=block", Cache-Control:"no-cache, no-store, max-age=0, must-revalidate", Pragma:"no-cache", Expires:"0", X-Frame-Options:"DENY"]
     Content type = null
             Body = 
    Forwarded URL = null
   Redirected URL = null
          Cookies = []

MockHttpServletRequest:
      HTTP Method = GET
      Request URI = /users/unique/name/boss
       Parameters = {}
          Headers = []
             Body = null
    Session Attrs = {}

Handler:
             Type = com.example.individualproject.controller.UserController
           Method = com.example.individualproject.controller.UserController#isUsernameUnique(String)

Async:
    Async started = false
     Async result = null

Resolved Exception:
             Type = null

ModelAndView:
        View name = null
             View = null
            Model = null

FlashMap:
       Attributes = null

MockHttpServletResponse:
           Status = 200
    Error message = null
          Headers = [Vary:"Origin", "Access-Control-Request-Method", "Access-Control-Request-Headers", Content-Type:"application/json", X-Content-Type-Options:"nosniff", X-XSS-Protection:"1; mode=block", Cache-Control:"no-cache, no-store, max-age=0, must-revalidate", Pragma:"no-cache", Expires:"0", X-Frame-Options:"DENY"]
     Content type = application/json
             Body = false
    Forwarded URL = null
   Redirected URL = null
          Cookies = []

MockHttpServletRequest:
      HTTP Method = GET
      Request URI = /users/unique/phoneNumber/boss
       Parameters = {}
          Headers = []
             Body = null
    Session Attrs = {}

Handler:
             Type = com.example.individualproject.controller.UserController
           Method = com.example.individualproject.controller.UserController#isPhoneNumberUnique(String)

Async:
    Async started = false
     Async result = null

Resolved Exception:
             Type = null

ModelAndView:
        View name = null
             View = null
            Model = null

FlashMap:
       Attributes = null

MockHttpServletResponse:
           Status = 200
    Error message = null
          Headers = [Vary:"Origin", "Access-Control-Request-Method", "Access-Control-Request-Headers", Content-Type:"application/json", X-Content-Type-Options:"nosniff", X-XSS-Protection:"1; mode=block", Cache-Control:"no-cache, no-store, max-age=0, must-revalidate", Pragma:"no-cache", Expires:"0", X-Frame-Options:"DENY"]
     Content type = application/json
             Body = true
    Forwarded URL = null
   Redirected URL = null
          Cookies = []

MockHttpServletRequest:
      HTTP Method = GET
      Request URI = /users/unique/phoneNumber/boss
       Parameters = {}
          Headers = []
             Body = null
    Session Attrs = {}

Handler:
             Type = com.example.individualproject.controller.UserController
           Method = com.example.individualproject.controller.UserController#isPhoneNumberUnique(String)

Async:
    Async started = false
     Async result = null

Resolved Exception:
             Type = null

ModelAndView:
        View name = null
             View = null
            Model = null

FlashMap:
       Attributes = null

MockHttpServletResponse:
           Status = 200
    Error message = null
          Headers = [Vary:"Origin", "Access-Control-Request-Method", "Access-Control-Request-Headers", Content-Type:"application/json", X-Content-Type-Options:"nosniff", X-XSS-Protection:"1; mode=block", Cache-Control:"no-cache, no-store, max-age=0, must-revalidate", Pragma:"no-cache", Expires:"0", X-Frame-Options:"DENY"]
     Content type = application/json
             Body = false
    Forwarded URL = null
   Redirected URL = null
          Cookies = []

MockHttpServletRequest:
      HTTP Method = GET
      Request URI = /users/NormalUser
       Parameters = {}
          Headers = []
             Body = null
    Session Attrs = {}

Handler:
             Type = com.example.individualproject.controller.UserController
           Method = com.example.individualproject.controller.UserController#getAllNormalUser()

Async:
    Async started = false
     Async result = null

Resolved Exception:
             Type = null

ModelAndView:
        View name = null
             View = null
            Model = null

FlashMap:
       Attributes = null

MockHttpServletResponse:
           Status = 200
    Error message = null
          Headers = [Vary:"Origin", "Access-Control-Request-Method", "Access-Control-Request-Headers", Content-Type:"application/json", X-Content-Type-Options:"nosniff", X-XSS-Protection:"1; mode=block", Cache-Control:"no-cache, no-store, max-age=0, must-revalidate", Pragma:"no-cache", Expires:"0", X-Frame-Options:"DENY"]
     Content type = application/json
             Body = [{"username":"worker","firstName":"worker","lastName":"worker","phoneNumber":"worker","email":"worker","position":"NORMAL"}]
    Forwarded URL = null
   Redirected URL = null
          Cookies = []

MockHttpServletRequest:
      HTTP Method = GET
      Request URI = /users/NormalUser
       Parameters = {}
          Headers = []
             Body = null
    Session Attrs = {}

Handler:
             Type = com.example.individualproject.controller.UserController
           Method = com.example.individualproject.controller.UserController#getAllNormalUser()

Async:
    Async started = false
     Async result = null

Resolved Exception:
             Type = null

ModelAndView:
        View name = null
             View = null
            Model = null

FlashMap:
       Attributes = null

MockHttpServletResponse:
           Status = 404
    Error message = null
          Headers = [Vary:"Origin", "Access-Control-Request-Method", "Access-Control-Request-Headers", X-Content-Type-Options:"nosniff", X-XSS-Protection:"1; mode=block", Cache-Control:"no-cache, no-store, max-age=0, must-revalidate", Pragma:"no-cache", Expires:"0", X-Frame-Options:"DENY"]
     Content type = null
             Body = 
    Forwarded URL = null
   Redirected URL = null
          Cookies = []

MockHttpServletRequest:
      HTTP Method = GET
      Request URI = /users/Admin
       Parameters = {}
          Headers = []
             Body = null
    Session Attrs = {}

Handler:
             Type = com.example.individualproject.controller.UserController
           Method = com.example.individualproject.controller.UserController#getAllAdmin()

Async:
    Async started = false
     Async result = null

Resolved Exception:
             Type = null

ModelAndView:
        View name = null
             View = null
            Model = null

FlashMap:
       Attributes = null

MockHttpServletResponse:
           Status = 404
    Error message = null
          Headers = [Vary:"Origin", "Access-Control-Request-Method", "Access-Control-Request-Headers", X-Content-Type-Options:"nosniff", X-XSS-Protection:"1; mode=block", Cache-Control:"no-cache, no-store, max-age=0, must-revalidate", Pragma:"no-cache", Expires:"0", X-Frame-Options:"DENY"]
     Content type = null
             Body = 
    Forwarded URL = null
   Redirected URL = null
          Cookies = []

MockHttpServletRequest:
      HTTP Method = GET
      Request URI = /users/Admin
       Parameters = {}
          Headers = []
             Body = null
    Session Attrs = {}

Handler:
             Type = com.example.individualproject.controller.UserController
           Method = com.example.individualproject.controller.UserController#getAllAdmin()

Async:
    Async started = false
     Async result = null

Resolved Exception:
             Type = null

ModelAndView:
        View name = null
             View = null
            Model = null

FlashMap:
       Attributes = null

MockHttpServletResponse:
           Status = 200
    Error message = null
          Headers = [Vary:"Origin", "Access-Control-Request-Method", "Access-Control-Request-Headers", Content-Type:"application/json", X-Content-Type-Options:"nosniff", X-XSS-Protection:"1; mode=block", Cache-Control:"no-cache, no-store, max-age=0, must-revalidate", Pragma:"no-cache", Expires:"0", X-Frame-Options:"DENY"]
     Content type = application/json
             Body = [{"username":"boss","firstName":"-None-","lastName":"-None-","phoneNumber":"-None-","email":"-None-","position":"ADMIN"}]
    Forwarded URL = null
   Redirected URL = null
          Cookies = []

MockHttpServletRequest:
      HTTP Method = POST
      Request URI = /users
       Parameters = {}
          Headers = [Content-Type:"application/json;charset=UTF-8", Content-Length:"173"]
             Body = {
  "username" : "username",
  "password" : "password",
  "firstName" : "firstName",
  "lastName" : "lastName",
  "phoneNumber" : "phoneNumber",
  "email" : "email"
}
    Session Attrs = {}

Handler:
             Type = com.example.individualproject.controller.UserController
           Method = com.example.individualproject.controller.UserController#createUser(CreateUserRequestDTO)

Async:
    Async started = false
     Async result = null

Resolved Exception:
             Type = null

ModelAndView:
        View name = null
             View = null
            Model = null

FlashMap:
       Attributes = null

MockHttpServletResponse:
           Status = 409
    Error message = null
          Headers = [Vary:"Origin", "Access-Control-Request-Method", "Access-Control-Request-Headers", X-Content-Type-Options:"nosniff", X-XSS-Protection:"1; mode=block", Cache-Control:"no-cache, no-store, max-age=0, must-revalidate", Pragma:"no-cache", Expires:"0", X-Frame-Options:"DENY"]
     Content type = null
             Body = 
    Forwarded URL = null
   Redirected URL = null
          Cookies = []

MockHttpServletRequest:
      HTTP Method = POST
      Request URI = /users
       Parameters = {}
          Headers = [Content-Type:"application/json;charset=UTF-8", Content-Length:"173"]
             Body = {
  "username" : "username",
  "password" : "password",
  "firstName" : "firstName",
  "lastName" : "lastName",
  "phoneNumber" : "phoneNumber",
  "email" : "email"
}
    Session Attrs = {}

Handler:
             Type = com.example.individualproject.controller.UserController
           Method = com.example.individualproject.controller.UserController#createUser(CreateUserRequestDTO)

Async:
    Async started = false
     Async result = null

Resolved Exception:
             Type = null

ModelAndView:
        View name = null
             View = null
            Model = null

FlashMap:
       Attributes = null

MockHttpServletResponse:
           Status = 201
    Error message = null
          Headers = [Vary:"Origin", "Access-Control-Request-Method", "Access-Control-Request-Headers", Location:"Unknown", Content-Type:"application/json", X-Content-Type-Options:"nosniff", X-XSS-Protection:"1; mode=block", Cache-Control:"no-cache, no-store, max-age=0, must-revalidate", Pragma:"no-cache", Expires:"0", X-Frame-Options:"DENY"]
     Content type = application/json
             Body = {"firstName":"firstname"}
    Forwarded URL = null
   Redirected URL = Unknown
          Cookies = []

MockHttpServletRequest:
      HTTP Method = DELETE
      Request URI = /users/Worker
       Parameters = {}
          Headers = []
             Body = null
    Session Attrs = {}

Handler:
             Type = com.example.individualproject.controller.UserController
           Method = com.example.individualproject.controller.UserController#deleteUser(String)

Async:
    Async started = false
     Async result = null

Resolved Exception:
             Type = null

ModelAndView:
        View name = null
             View = null
            Model = null

FlashMap:
       Attributes = null

MockHttpServletResponse:
           Status = 200
    Error message = null
          Headers = [Vary:"Origin", "Access-Control-Request-Method", "Access-Control-Request-Headers", X-Content-Type-Options:"nosniff", X-XSS-Protection:"1; mode=block", Cache-Control:"no-cache, no-store, max-age=0, must-revalidate", Pragma:"no-cache", Expires:"0", X-Frame-Options:"DENY"]
     Content type = null
             Body = 
    Forwarded URL = null
   Redirected URL = null
          Cookies = []
]]></system-out>
  <system-err><![CDATA[]]></system-err>
</testsuite>
