<?xml version="1.0" encoding="UTF-8"?>
<testsuite name="com.example.individualproject.ApplicationTests" tests="1" skipped="0" failures="0" errors="0" timestamp="2022-04-12T20:58:25" hostname="MSILARS" time="0.02">
  <properties/>
  <testcase name="test_delete_product()" classname="com.example.individualproject.ApplicationTests" time="0.02"/>
  <system-out><![CDATA[]]></system-out>
  <system-err><![CDATA[]]></system-err>
</testsuite>
