<?xml version="1.0" encoding="UTF-8"?>
<testsuite name="com.example.individualproject.business.impl.LoginUseCaseImplTest" tests="7" skipped="0" failures="0" errors="0" timestamp="2022-06-09T09:13:53" hostname="MSILARS" time="0.382">
  <properties/>
  <testcase name="login_NormalUserFound_Pass()" classname="com.example.individualproject.business.impl.LoginUseCaseImplTest" time="0.278"/>
  <testcase name="login_NothingFound()" classname="com.example.individualproject.business.impl.LoginUseCaseImplTest" time="0.003"/>
  <testcase name="login_AdminFound()" classname="com.example.individualproject.business.impl.LoginUseCaseImplTest" time="0.017"/>
  <testcase name="login_AdminFound_PassNotMatched()" classname="com.example.individualproject.business.impl.LoginUseCaseImplTest" time="0.005"/>
  <testcase name="login_NormalUserFound_PassNotMatched()" classname="com.example.individualproject.business.impl.LoginUseCaseImplTest" time="0.003"/>
  <testcase name="login_AdminFound_Pass()" classname="com.example.individualproject.business.impl.LoginUseCaseImplTest" time="0.068"/>
  <testcase name="login_NormalUserFound()" classname="com.example.individualproject.business.impl.LoginUseCaseImplTest" time="0.004"/>
  <system-out><![CDATA[]]></system-out>
  <system-err><![CDATA[]]></system-err>
</testsuite>
