<?xml version="1.0" encoding="UTF-8"?>
<testsuite name="com.example.individualproject.dto.user.TestUsers" tests="2" skipped="0" failures="0" errors="0" timestamp="2022-04-13T11:28:35" hostname="MSILARS" time="0.003">
  <properties/>
  <testcase name="test_GetUserDTOConstructorNoramlUser()" classname="com.example.individualproject.dto.user.TestUsers" time="0.002"/>
  <testcase name="test_GetUserDTOConstructorAdmin()" classname="com.example.individualproject.dto.user.TestUsers" time="0.0"/>
  <system-out><![CDATA[]]></system-out>
  <system-err><![CDATA[]]></system-err>
</testsuite>
