<?xml version="1.0" encoding="UTF-8"?>
<testsuite name="com.example.individualproject.controller.LoginControllerTest" tests="1" skipped="0" failures="0" errors="0" timestamp="2022-06-06T17:35:31" hostname="MSILARS" time="0.085">
  <properties/>
  <testcase name="login()" classname="com.example.individualproject.controller.LoginControllerTest" time="0.085"/>
  <system-out><![CDATA[2022-06-06 19:35:29.354  INFO 25016 --- [    Test worker] .b.t.c.SpringBootTestContextBootstrapper : Neither @ContextConfiguration nor @ContextHierarchy found for test class [com.example.individualproject.controller.LoginControllerTest], using SpringBootContextLoader
2022-06-06 19:35:29.355  INFO 25016 --- [    Test worker] o.s.t.c.support.AbstractContextLoader    : Could not detect default resource locations for test class [com.example.individualproject.controller.LoginControllerTest]: no resource found for suffixes {-context.xml, Context.groovy}.
2022-06-06 19:35:29.355  INFO 25016 --- [    Test worker] t.c.s.AnnotationConfigContextLoaderUtils : Could not detect default configuration classes for test class [com.example.individualproject.controller.LoginControllerTest]: LoginControllerTest does not declare any static, non-private, non-final, nested classes annotated with @Configuration.
2022-06-06 19:35:29.359  INFO 25016 --- [    Test worker] .b.t.c.SpringBootTestContextBootstrapper : Found @SpringBootConfiguration com.example.individualproject.IndividualProjectApplication for test class com.example.individualproject.controller.LoginControllerTest
2022-06-06 19:35:29.361  INFO 25016 --- [    Test worker] .b.t.c.SpringBootTestContextBootstrapper : Loaded default TestExecutionListener class names from location [META-INF/spring.factories]: [org.springframework.security.test.context.support.WithSecurityContextTestExecutionListener, org.springframework.security.test.context.support.ReactorContextTestExecutionListener, org.springframework.boot.test.autoconfigure.restdocs.RestDocsTestExecutionListener, org.springframework.boot.test.autoconfigure.web.client.MockRestServiceServerResetTestExecutionListener, org.springframework.boot.test.autoconfigure.web.servlet.MockMvcPrintOnlyOnFailureTestExecutionListener, org.springframework.boot.test.autoconfigure.web.servlet.WebDriverTestExecutionListener, org.springframework.boot.test.autoconfigure.webservices.client.MockWebServiceServerTestExecutionListener, org.springframework.boot.test.mock.mockito.MockitoTestExecutionListener, org.springframework.boot.test.mock.mockito.ResetMocksTestExecutionListener, org.springframework.test.context.web.ServletTestExecutionListener, org.springframework.test.context.support.DirtiesContextBeforeModesTestExecutionListener, org.springframework.test.context.event.ApplicationEventsTestExecutionListener, org.springframework.test.context.support.DependencyInjectionTestExecutionListener, org.springframework.test.context.support.DirtiesContextTestExecutionListener, org.springframework.test.context.transaction.TransactionalTestExecutionListener, org.springframework.test.context.jdbc.SqlScriptsTestExecutionListener, org.springframework.test.context.event.EventPublishingTestExecutionListener]
2022-06-06 19:35:29.362  INFO 25016 --- [    Test worker] .b.t.c.SpringBootTestContextBootstrapper : Using TestExecutionListeners: [org.springframework.test.context.web.ServletTestExecutionListener@4c41ccda, org.springframework.test.context.support.DirtiesContextBeforeModesTestExecutionListener@33f17d3b, org.springframework.test.context.event.ApplicationEventsTestExecutionListener@9fe306, org.springframework.boot.test.mock.mockito.MockitoTestExecutionListener@1b866475, org.springframework.boot.test.autoconfigure.SpringBootDependencyInjectionTestExecutionListener@59e35cc3, org.springframework.test.context.support.DirtiesContextTestExecutionListener@61c3ea61, org.springframework.test.context.transaction.TransactionalTestExecutionListener@1ebbb28c, org.springframework.test.context.jdbc.SqlScriptsTestExecutionListener@3636c8e2, org.springframework.security.test.context.support.WithSecurityContextTestExecutionListener@75709fa3, org.springframework.test.context.event.EventPublishingTestExecutionListener@b9ef38e, org.springframework.security.test.context.support.ReactorContextTestExecutionListener@48f21fa3, org.springframework.boot.test.autoconfigure.restdocs.RestDocsTestExecutionListener@4883af87, org.springframework.boot.test.autoconfigure.web.client.MockRestServiceServerResetTestExecutionListener@397fbcb3, org.springframework.boot.test.autoconfigure.web.servlet.MockMvcPrintOnlyOnFailureTestExecutionListener@45012a91, org.springframework.boot.test.autoconfigure.web.servlet.WebDriverTestExecutionListener@1d563a95, org.springframework.boot.test.autoconfigure.webservices.client.MockWebServiceServerTestExecutionListener@487c412f, org.springframework.boot.test.mock.mockito.ResetMocksTestExecutionListener@ca2f6b7]

  .   ____          _            __ _ _
 /\\ / ___'_ __ _ _(_)_ __  __ _ \ \ \ \
( ( )\___ | '_ | '_| | '_ \/ _` | \ \ \ \
 \\/  ___)| |_)| | | | | || (_| |  ) ) ) )
  '  |____| .__|_| |_|_| |_\__, | / / / /
 =========|_|==============|___/=/_/_/_/
 :: Spring Boot ::                (v2.6.3)

2022-06-06 19:35:29.385  INFO 25016 --- [    Test worker] c.e.i.controller.LoginControllerTest     : Starting LoginControllerTest using Java 17.0.2 on MSILars with PID 25016 (started by lars in C:\Users\lars\Desktop\ict\sem3\IndividualTask\s3_idividual_project\Idividual_project)
2022-06-06 19:35:29.385  INFO 25016 --- [    Test worker] c.e.i.controller.LoginControllerTest     : No active profile set, falling back to default profiles: default
2022-06-06 19:35:29.614  INFO 25016 --- [    Test worker] .s.d.r.c.RepositoryConfigurationDelegate : Bootstrapping Spring Data JPA repositories in DEFAULT mode.
2022-06-06 19:35:29.642  INFO 25016 --- [    Test worker] .s.d.r.c.RepositoryConfigurationDelegate : Finished Spring Data repository scanning in 27 ms. Found 5 JPA repository interfaces.
2022-06-06 19:35:29.750  INFO 25016 --- [    Test worker] trationDelegate$BeanPostProcessorChecker : Bean 'methodSecurityConfig' of type [com.example.individualproject.configuration.security.MethodSecurityConfig$$EnhancerBySpringCGLIB$$a12d6d48] is not eligible for getting processed by all BeanPostProcessors (for example: not eligible for auto-proxying)
2022-06-06 19:35:29.823  INFO 25016 --- [    Test worker] o.f.c.internal.license.VersionPrinter    : Flyway Community Edition 8.5.11 by Redgate
2022-06-06 19:35:29.823  INFO 25016 --- [    Test worker] o.f.c.internal.license.VersionPrinter    : See what's new here: https://flywaydb.org/documentation/learnmore/releaseNotes#8.5.11
2022-06-06 19:35:29.823  INFO 25016 --- [    Test worker] o.f.c.internal.license.VersionPrinter    : 
2022-06-06 19:35:29.825  INFO 25016 --- [    Test worker] com.zaxxer.hikari.HikariDataSource       : HikariPool-2 - Starting...
2022-06-06 19:35:29.843  INFO 25016 --- [    Test worker] com.zaxxer.hikari.HikariDataSource       : HikariPool-2 - Start completed.
2022-06-06 19:35:29.844  INFO 25016 --- [    Test worker] o.f.c.i.database.base.BaseDatabaseType   : Database: jdbc:mysql://localhost:3306/game_marked (MySQL 8.0)
2022-06-06 19:35:29.859  INFO 25016 --- [    Test worker] o.f.core.internal.command.DbValidate     : Successfully validated 3 migrations (execution time 00:00.007s)
2022-06-06 19:35:29.867  INFO 25016 --- [    Test worker] o.f.core.internal.command.DbMigrate      : Current version of schema `game_marked`: 3
2022-06-06 19:35:29.868  INFO 25016 --- [    Test worker] o.f.core.internal.command.DbMigrate      : Schema `game_marked` is up to date. No migration necessary.
2022-06-06 19:35:29.927  INFO 25016 --- [    Test worker] o.hibernate.jpa.internal.util.LogHelper  : HHH000204: Processing PersistenceUnitInfo [name: default]
2022-06-06 19:35:29.932  INFO 25016 --- [    Test worker] org.hibernate.dialect.Dialect            : HHH000400: Using dialect: org.hibernate.dialect.MySQL8Dialect
2022-06-06 19:35:30.024  INFO 25016 --- [    Test worker] o.h.e.t.j.p.i.JtaPlatformInitiator       : HHH000490: Using JtaPlatform implementation: [org.hibernate.engine.transaction.jta.platform.internal.NoJtaPlatform]
2022-06-06 19:35:30.025  INFO 25016 --- [    Test worker] j.LocalContainerEntityManagerFactoryBean : Initialized JPA EntityManagerFactory for persistence unit 'default'
2022-06-06 19:35:30.431  INFO 25016 --- [    Test worker] .s.s.UserDetailsServiceAutoConfiguration : 

Using generated security password: f9b384fb-3ed8-4459-a651-3eb4e1799a72

2022-06-06 19:35:30.486  INFO 25016 --- [    Test worker] o.s.s.web.DefaultSecurityFilterChain     : Will secure any request with [org.springframework.security.web.context.request.async.WebAsyncManagerIntegrationFilter@15fbb9bd, org.springframework.security.web.context.SecurityContextPersistenceFilter@12fb9952, org.springframework.security.web.header.HeaderWriterFilter@1fbd28b, org.springframework.security.web.authentication.logout.LogoutFilter@26638ab8, org.springframework.security.web.savedrequest.RequestCacheAwareFilter@4ca53b09, org.springframework.security.web.servletapi.SecurityContextHolderAwareRequestFilter@35297411, org.springframework.security.web.authentication.AnonymousAuthenticationFilter@2ff7c7f0, org.springframework.security.web.session.SessionManagementFilter@45696fc0, org.springframework.security.web.access.ExceptionTranslationFilter@719d58b4]
2022-06-06 19:35:31.424  INFO 25016 --- [    Test worker] o.s.b.t.m.w.SpringBootMockServletContext : Initializing Spring TestDispatcherServlet ''
2022-06-06 19:35:31.425  INFO 25016 --- [    Test worker] o.s.t.web.servlet.TestDispatcherServlet  : Initializing Servlet ''
2022-06-06 19:35:31.426  INFO 25016 --- [    Test worker] o.s.t.web.servlet.TestDispatcherServlet  : Completed initialization in 1 ms
2022-06-06 19:35:31.441  INFO 25016 --- [    Test worker] o.s.m.s.b.SimpleBrokerMessageHandler     : Starting...
2022-06-06 19:35:31.442  INFO 25016 --- [    Test worker] o.s.m.s.b.SimpleBrokerMessageHandler     : BrokerAvailabilityEvent[available=true, SimpleBrokerMessageHandler [org.springframework.messaging.simp.broker.DefaultSubscriptionRegistry@54fef2c8]]
2022-06-06 19:35:31.442  INFO 25016 --- [    Test worker] o.s.m.s.b.SimpleBrokerMessageHandler     : Started.
2022-06-06 19:35:31.445  INFO 25016 --- [    Test worker] c.e.i.controller.LoginControllerTest     : Started LoginControllerTest in 2.081 seconds (JVM running for 13.845)

MockHttpServletRequest:
      HTTP Method = POST
      Request URI = /login
       Parameters = {}
          Headers = [Content-Type:"application/json;charset=UTF-8", Content-Length:"55"]
             Body = {
  "username" : "worker",
  "password" : "worker"
}
    Session Attrs = {}

Handler:
             Type = com.example.individualproject.controller.LoginController
           Method = com.example.individualproject.controller.LoginController#login(LoginRequestDTO)

Async:
    Async started = false
     Async result = null

Resolved Exception:
             Type = null

ModelAndView:
        View name = null
             View = null
            Model = null

FlashMap:
       Attributes = null

MockHttpServletResponse:
           Status = 200
    Error message = null
          Headers = [Vary:"Origin", "Access-Control-Request-Method", "Access-Control-Request-Headers", Content-Type:"application/json", X-Content-Type-Options:"nosniff", X-XSS-Protection:"1; mode=block", Cache-Control:"no-cache, no-store, max-age=0, must-revalidate", Pragma:"no-cache", Expires:"0", X-Frame-Options:"DENY"]
     Content type = application/json
             Body = {"accessToken":"token","authorizationLevel":"NormalUser"}
    Forwarded URL = null
   Redirected URL = null
          Cookies = []
]]></system-out>
  <system-err><![CDATA[]]></system-err>
</testsuite>
