<?xml version="1.0" encoding="UTF-8"?>
<testsuite name="com.example.individualproject.business.impl.ProductServiceImplTest" tests="7" skipped="0" failures="0" errors="0" timestamp="2022-04-29T08:25:06" hostname="MSILARS" time="0.176">
  <properties/>
  <testcase name="getAllOfAUsersProducts()" classname="com.example.individualproject.business.impl.ProductServiceImplTest" time="0.148"/>
  <testcase name="updateProduct()" classname="com.example.individualproject.business.impl.ProductServiceImplTest" time="0.007"/>
  <testcase name="getAllProducts()" classname="com.example.individualproject.business.impl.ProductServiceImplTest" time="0.003"/>
  <testcase name="deleteProduct()" classname="com.example.individualproject.business.impl.ProductServiceImplTest" time="0.001"/>
  <testcase name="getProduct()" classname="com.example.individualproject.business.impl.ProductServiceImplTest" time="0.002"/>
  <testcase name="getProducts()" classname="com.example.individualproject.business.impl.ProductServiceImplTest" time="0.006"/>
  <testcase name="addProduct()" classname="com.example.individualproject.business.impl.ProductServiceImplTest" time="0.006"/>
  <system-out><![CDATA[]]></system-out>
  <system-err><![CDATA[]]></system-err>
</testsuite>
