<?xml version="1.0" encoding="UTF-8"?>
<testsuite name="com.example.individualproject.business.impl.ProductServiceImplTest" tests="22" skipped="0" failures="0" errors="0" timestamp="2022-06-13T07:00:32" hostname="MSILARS" time="0.221">
  <properties/>
  <testcase name="getAllOfAUsersProducts()" classname="com.example.individualproject.business.impl.ProductServiceImplTest" time="0.129"/>
  <testcase name="updateProduct()" classname="com.example.individualproject.business.impl.ProductServiceImplTest" time="0.01"/>
  <testcase name="getAllProducts()" classname="com.example.individualproject.business.impl.ProductServiceImplTest" time="0.004"/>
  <testcase name="buyProduct()" classname="com.example.individualproject.business.impl.ProductServiceImplTest" time="0.005"/>
  <testcase name="buyProduct_ProductNotFound()" classname="com.example.individualproject.business.impl.ProductServiceImplTest" time="0.004"/>
  <testcase name="getAllOfAUsersProductsAdmin()" classname="com.example.individualproject.business.impl.ProductServiceImplTest" time="0.004"/>
  <testcase name="deleteProductNormalUser_IDNotMatched()" classname="com.example.individualproject.business.impl.ProductServiceImplTest" time="0.003"/>
  <testcase name="deleteProductAdmin()" classname="com.example.individualproject.business.impl.ProductServiceImplTest" time="0.002"/>
  <testcase name="deleteProductNormalUser()" classname="com.example.individualproject.business.impl.ProductServiceImplTest" time="0.004"/>
  <testcase name="buyProduct_CantBuyYourOwnProduct()" classname="com.example.individualproject.business.impl.ProductServiceImplTest" time="0.002"/>
  <testcase name="deleteProductAdmin_NotAdmin()" classname="com.example.individualproject.business.impl.ProductServiceImplTest" time="0.002"/>
  <testcase name="updateProduct_NotFound()" classname="com.example.individualproject.business.impl.ProductServiceImplTest" time="0.002"/>
  <testcase name="getAllOfAUsersProducts_isntNormalUser()" classname="com.example.individualproject.business.impl.ProductServiceImplTest" time="0.002"/>
  <testcase name="updateProduct_NotUsersProduct()" classname="com.example.individualproject.business.impl.ProductServiceImplTest" time="0.003"/>
  <testcase name="getProduct()" classname="com.example.individualproject.business.impl.ProductServiceImplTest" time="0.001"/>
  <testcase name="getProducts()" classname="com.example.individualproject.business.impl.ProductServiceImplTest" time="0.007"/>
  <testcase name="getAllOfAUsersProducts_IDNotMatched()" classname="com.example.individualproject.business.impl.ProductServiceImplTest" time="0.004"/>
  <testcase name="getAllOfAUsersProducts_userNorFound()" classname="com.example.individualproject.business.impl.ProductServiceImplTest" time="0.003"/>
  <testcase name="addProduct()" classname="com.example.individualproject.business.impl.ProductServiceImplTest" time="0.007"/>
  <testcase name="deleteProductNormalUser_isntNormalUser()" classname="com.example.individualproject.business.impl.ProductServiceImplTest" time="0.003"/>
  <testcase name="getAllOfAUsersProductsAdmin_isntAdmin()" classname="com.example.individualproject.business.impl.ProductServiceImplTest" time="0.002"/>
  <testcase name="getAllOfAUsersProductsAdmin_UserNotFound()" classname="com.example.individualproject.business.impl.ProductServiceImplTest" time="0.004"/>
  <system-out><![CDATA[]]></system-out>
  <system-err><![CDATA[]]></system-err>
</testsuite>
