<?xml version="1.0" encoding="UTF-8"?>
<testsuite name="com.example.individualproject.dto.login.AccessTokenDTOTest" tests="2" skipped="0" failures="0" errors="0" timestamp="2022-06-04T13:34:56" hostname="MSILARS" time="0.002">
  <properties/>
  <testcase name="hasRole_Null()" classname="com.example.individualproject.dto.login.AccessTokenDTOTest" time="0.001"/>
  <testcase name="hasRole()" classname="com.example.individualproject.dto.login.AccessTokenDTOTest" time="0.001"/>
  <system-out><![CDATA[]]></system-out>
  <system-err><![CDATA[]]></system-err>
</testsuite>
