<?xml version="1.0" encoding="UTF-8"?>
<testsuite name="com.example.individualproject.dto.product.TestProduct" tests="1" skipped="0" failures="0" errors="0" timestamp="2022-04-26T18:53:01" hostname="MSILARS" time="0.001">
  <properties/>
  <testcase name="test_GetProductDTOConstructors()" classname="com.example.individualproject.dto.product.TestProduct" time="0.001"/>
  <system-out><![CDATA[]]></system-out>
  <system-err><![CDATA[]]></system-err>
</testsuite>
