<?xml version="1.0" encoding="UTF-8"?>
<testsuite name="com.example.individualproject.controller.ProductControllerTest" tests="17" skipped="0" failures="0" errors="0" timestamp="2022-06-16T08:34:01" hostname="MSILARS" time="0.201">
  <properties/>
  <testcase name="getUsersProductsNormal_NotFound()" classname="com.example.individualproject.controller.ProductControllerTest" time="0.022"/>
  <testcase name="getUsersProductsAdmin_NotFound()" classname="com.example.individualproject.controller.ProductControllerTest" time="0.007"/>
  <testcase name="getAllProductsByName()" classname="com.example.individualproject.controller.ProductControllerTest" time="0.012"/>
  <testcase name="updateProduct()" classname="com.example.individualproject.controller.ProductControllerTest" time="0.015"/>
  <testcase name="createProduct_NotFound()" classname="com.example.individualproject.controller.ProductControllerTest" time="0.011"/>
  <testcase name="getProduct_NotFound()" classname="com.example.individualproject.controller.ProductControllerTest" time="0.009"/>
  <testcase name="getAllProducts()" classname="com.example.individualproject.controller.ProductControllerTest" time="0.01"/>
  <testcase name="getAllProducts_NoneFound()" classname="com.example.individualproject.controller.ProductControllerTest" time="0.006"/>
  <testcase name="buyProduct()" classname="com.example.individualproject.controller.ProductControllerTest" time="0.006"/>
  <testcase name="getAllProductsByName_NotFound()" classname="com.example.individualproject.controller.ProductControllerTest" time="0.007"/>
  <testcase name="deleteProductAdmin()" classname="com.example.individualproject.controller.ProductControllerTest" time="0.007"/>
  <testcase name="getUsersProductsNormal()" classname="com.example.individualproject.controller.ProductControllerTest" time="0.012"/>
  <testcase name="deleteProductNormalUser()" classname="com.example.individualproject.controller.ProductControllerTest" time="0.016"/>
  <testcase name="updateProduct_NotFound()" classname="com.example.individualproject.controller.ProductControllerTest" time="0.011"/>
  <testcase name="getProduct()" classname="com.example.individualproject.controller.ProductControllerTest" time="0.013"/>
  <testcase name="getUsersProductsAdmin()" classname="com.example.individualproject.controller.ProductControllerTest" time="0.011"/>
  <testcase name="createProduct()" classname="com.example.individualproject.controller.ProductControllerTest" time="0.01"/>
  <system-out><![CDATA[2022-06-16 10:33:59.748  INFO 24716 --- [    Test worker] .b.t.c.SpringBootTestContextBootstrapper : Neither @ContextConfiguration nor @ContextHierarchy found for test class [com.example.individualproject.controller.ProductControllerTest], using SpringBootContextLoader
2022-06-16 10:33:59.749  INFO 24716 --- [    Test worker] o.s.t.c.support.AbstractContextLoader    : Could not detect default resource locations for test class [com.example.individualproject.controller.ProductControllerTest]: no resource found for suffixes {-context.xml, Context.groovy}.
2022-06-16 10:33:59.749  INFO 24716 --- [    Test worker] t.c.s.AnnotationConfigContextLoaderUtils : Could not detect default configuration classes for test class [com.example.individualproject.controller.ProductControllerTest]: ProductControllerTest does not declare any static, non-private, non-final, nested classes annotated with @Configuration.
2022-06-16 10:33:59.751  INFO 24716 --- [    Test worker] .b.t.c.SpringBootTestContextBootstrapper : Found @SpringBootConfiguration com.example.individualproject.IndividualProjectApplication for test class com.example.individualproject.controller.ProductControllerTest
2022-06-16 10:33:59.752  INFO 24716 --- [    Test worker] .b.t.c.SpringBootTestContextBootstrapper : Loaded default TestExecutionListener class names from location [META-INF/spring.factories]: [org.springframework.security.test.context.support.WithSecurityContextTestExecutionListener, org.springframework.security.test.context.support.ReactorContextTestExecutionListener, org.springframework.boot.test.autoconfigure.restdocs.RestDocsTestExecutionListener, org.springframework.boot.test.autoconfigure.web.client.MockRestServiceServerResetTestExecutionListener, org.springframework.boot.test.autoconfigure.web.servlet.MockMvcPrintOnlyOnFailureTestExecutionListener, org.springframework.boot.test.autoconfigure.web.servlet.WebDriverTestExecutionListener, org.springframework.boot.test.autoconfigure.webservices.client.MockWebServiceServerTestExecutionListener, org.springframework.boot.test.mock.mockito.MockitoTestExecutionListener, org.springframework.boot.test.mock.mockito.ResetMocksTestExecutionListener, org.springframework.test.context.web.ServletTestExecutionListener, org.springframework.test.context.support.DirtiesContextBeforeModesTestExecutionListener, org.springframework.test.context.event.ApplicationEventsTestExecutionListener, org.springframework.test.context.support.DependencyInjectionTestExecutionListener, org.springframework.test.context.support.DirtiesContextTestExecutionListener, org.springframework.test.context.transaction.TransactionalTestExecutionListener, org.springframework.test.context.jdbc.SqlScriptsTestExecutionListener, org.springframework.test.context.event.EventPublishingTestExecutionListener]
2022-06-16 10:33:59.753  INFO 24716 --- [    Test worker] .b.t.c.SpringBootTestContextBootstrapper : Using TestExecutionListeners: [org.springframework.test.context.web.ServletTestExecutionListener@4f14a906, org.springframework.test.context.support.DirtiesContextBeforeModesTestExecutionListener@5c14a0fd, org.springframework.test.context.event.ApplicationEventsTestExecutionListener@496d179, org.springframework.boot.test.mock.mockito.MockitoTestExecutionListener@299ae9fb, org.springframework.boot.test.autoconfigure.SpringBootDependencyInjectionTestExecutionListener@432c3957, org.springframework.test.context.support.DirtiesContextTestExecutionListener@3ac66a87, org.springframework.test.context.transaction.TransactionalTestExecutionListener@86979bf, org.springframework.test.context.jdbc.SqlScriptsTestExecutionListener@76c29c78, org.springframework.security.test.context.support.WithSecurityContextTestExecutionListener@5406f576, org.springframework.test.context.event.EventPublishingTestExecutionListener@5d1d3f23, org.springframework.security.test.context.support.ReactorContextTestExecutionListener@1efa01be, org.springframework.boot.test.autoconfigure.restdocs.RestDocsTestExecutionListener@7cb96f45, org.springframework.boot.test.autoconfigure.web.client.MockRestServiceServerResetTestExecutionListener@1f7798e1, org.springframework.boot.test.autoconfigure.web.servlet.MockMvcPrintOnlyOnFailureTestExecutionListener@2ba7480b, org.springframework.boot.test.autoconfigure.web.servlet.WebDriverTestExecutionListener@651e5b30, org.springframework.boot.test.autoconfigure.webservices.client.MockWebServiceServerTestExecutionListener@52eac391, org.springframework.boot.test.mock.mockito.ResetMocksTestExecutionListener@7179f9bd]

  .   ____          _            __ _ _
 /\\ / ___'_ __ _ _(_)_ __  __ _ \ \ \ \
( ( )\___ | '_ | '_| | '_ \/ _` | \ \ \ \
 \\/  ___)| |_)| | | | | || (_| |  ) ) ) )
  '  |____| .__|_| |_|_| |_\__, | / / / /
 =========|_|==============|___/=/_/_/_/
 :: Spring Boot ::                (v2.6.3)

2022-06-16 10:33:59.771  INFO 24716 --- [    Test worker] c.e.i.controller.ProductControllerTest   : Starting ProductControllerTest using Java 17.0.2 on MSILars with PID 24716 (started by lars in C:\Users\lars\Desktop\ict\sem3\IndividualTask\s3_idividual_project\Idividual_project)
2022-06-16 10:33:59.771  INFO 24716 --- [    Test worker] c.e.i.controller.ProductControllerTest   : No active profile set, falling back to default profiles: default
2022-06-16 10:33:59.956  INFO 24716 --- [    Test worker] .s.d.r.c.RepositoryConfigurationDelegate : Bootstrapping Spring Data JPA repositories in DEFAULT mode.
2022-06-16 10:33:59.980  INFO 24716 --- [    Test worker] .s.d.r.c.RepositoryConfigurationDelegate : Finished Spring Data repository scanning in 24 ms. Found 5 JPA repository interfaces.
2022-06-16 10:34:00.082  INFO 24716 --- [    Test worker] trationDelegate$BeanPostProcessorChecker : Bean 'methodSecurityConfig' of type [com.example.individualproject.configuration.security.MethodSecurityConfig$$EnhancerBySpringCGLIB$$1741a637] is not eligible for getting processed by all BeanPostProcessors (for example: not eligible for auto-proxying)
2022-06-16 10:34:00.132  INFO 24716 --- [    Test worker] o.f.c.internal.license.VersionPrinter    : Flyway Community Edition 8.5.12 by Redgate
2022-06-16 10:34:00.132  INFO 24716 --- [    Test worker] o.f.c.internal.license.VersionPrinter    : See what's new here: https://flywaydb.org/documentation/learnmore/releaseNotes#8.5.12
2022-06-16 10:34:00.132  INFO 24716 --- [    Test worker] o.f.c.internal.license.VersionPrinter    : 
2022-06-16 10:34:00.133  INFO 24716 --- [    Test worker] com.zaxxer.hikari.HikariDataSource       : HikariPool-3 - Starting...
2022-06-16 10:34:00.149  INFO 24716 --- [    Test worker] com.zaxxer.hikari.HikariDataSource       : HikariPool-3 - Start completed.
2022-06-16 10:34:00.150  INFO 24716 --- [    Test worker] o.f.c.i.database.base.BaseDatabaseType   : Database: jdbc:mysql://localhost:3306/game_marked (MySQL 8.0)
2022-06-16 10:34:00.163  INFO 24716 --- [    Test worker] o.f.core.internal.command.DbValidate     : Successfully validated 3 migrations (execution time 00:00.006s)
2022-06-16 10:34:00.170  INFO 24716 --- [    Test worker] o.f.core.internal.command.DbMigrate      : Current version of schema `game_marked`: 3
2022-06-16 10:34:00.170  INFO 24716 --- [    Test worker] o.f.core.internal.command.DbMigrate      : Schema `game_marked` is up to date. No migration necessary.
2022-06-16 10:34:00.211  INFO 24716 --- [    Test worker] o.hibernate.jpa.internal.util.LogHelper  : HHH000204: Processing PersistenceUnitInfo [name: default]
2022-06-16 10:34:00.216  INFO 24716 --- [    Test worker] org.hibernate.dialect.Dialect            : HHH000400: Using dialect: org.hibernate.dialect.MySQL8Dialect
2022-06-16 10:34:00.283  INFO 24716 --- [    Test worker] o.h.e.t.j.p.i.JtaPlatformInitiator       : HHH000490: Using JtaPlatform implementation: [org.hibernate.engine.transaction.jta.platform.internal.NoJtaPlatform]
2022-06-16 10:34:00.284  INFO 24716 --- [    Test worker] j.LocalContainerEntityManagerFactoryBean : Initialized JPA EntityManagerFactory for persistence unit 'default'
2022-06-16 10:34:00.538  INFO 24716 --- [    Test worker] .s.s.UserDetailsServiceAutoConfiguration : 

Using generated security password: c773d87c-006b-4f0c-a75f-6bd81a1df195

2022-06-16 10:34:00.583  INFO 24716 --- [    Test worker] o.s.s.web.DefaultSecurityFilterChain     : Will secure any request with [org.springframework.security.web.context.request.async.WebAsyncManagerIntegrationFilter@77d64f3e, org.springframework.security.web.context.SecurityContextPersistenceFilter@4795a246, org.springframework.security.web.header.HeaderWriterFilter@4f0d2ec3, org.springframework.security.web.authentication.logout.LogoutFilter@1c5bcfd6, org.springframework.security.web.savedrequest.RequestCacheAwareFilter@54d5bf3f, org.springframework.security.web.servletapi.SecurityContextHolderAwareRequestFilter@6954f50c, org.springframework.security.web.authentication.AnonymousAuthenticationFilter@35b11b6d, org.springframework.security.web.session.SessionManagementFilter@3bd3eca2, org.springframework.security.web.access.ExceptionTranslationFilter@69070e03]
2022-06-16 10:34:01.398  INFO 24716 --- [    Test worker] o.s.b.t.m.w.SpringBootMockServletContext : Initializing Spring TestDispatcherServlet ''
2022-06-16 10:34:01.398  INFO 24716 --- [    Test worker] o.s.t.web.servlet.TestDispatcherServlet  : Initializing Servlet ''
2022-06-16 10:34:01.399  INFO 24716 --- [    Test worker] o.s.t.web.servlet.TestDispatcherServlet  : Completed initialization in 1 ms
2022-06-16 10:34:01.408  INFO 24716 --- [    Test worker] o.s.m.s.b.SimpleBrokerMessageHandler     : Starting...
2022-06-16 10:34:01.408  INFO 24716 --- [    Test worker] o.s.m.s.b.SimpleBrokerMessageHandler     : BrokerAvailabilityEvent[available=true, SimpleBrokerMessageHandler [org.springframework.messaging.simp.broker.DefaultSubscriptionRegistry@70ebd55d]]
2022-06-16 10:34:01.408  INFO 24716 --- [    Test worker] o.s.m.s.b.SimpleBrokerMessageHandler     : Started.
2022-06-16 10:34:01.411  INFO 24716 --- [    Test worker] c.e.i.controller.ProductControllerTest   : Started ProductControllerTest in 1.655 seconds (JVM running for 17.787)

MockHttpServletRequest:
      HTTP Method = GET
      Request URI = /products/normal/Lars
       Parameters = {}
          Headers = []
             Body = null
    Session Attrs = {}

Handler:
             Type = com.example.individualproject.controller.ProductController
           Method = com.example.individualproject.controller.ProductController#getUsersProductsNormal(String)

Async:
    Async started = false
     Async result = null

Resolved Exception:
             Type = null

ModelAndView:
        View name = null
             View = null
            Model = null

FlashMap:
       Attributes = null

MockHttpServletResponse:
           Status = 404
    Error message = null
          Headers = [Vary:"Origin", "Access-Control-Request-Method", "Access-Control-Request-Headers", X-Content-Type-Options:"nosniff", X-XSS-Protection:"1; mode=block", Cache-Control:"no-cache, no-store, max-age=0, must-revalidate", Pragma:"no-cache", Expires:"0", X-Frame-Options:"DENY"]
     Content type = null
             Body = 
    Forwarded URL = null
   Redirected URL = null
          Cookies = []

MockHttpServletRequest:
      HTTP Method = GET
      Request URI = /products/admin/Lars
       Parameters = {}
          Headers = []
             Body = null
    Session Attrs = {}

Handler:
             Type = com.example.individualproject.controller.ProductController
           Method = com.example.individualproject.controller.ProductController#getUsersProductsAdmin(String)

Async:
    Async started = false
     Async result = null

Resolved Exception:
             Type = null

ModelAndView:
        View name = null
             View = null
            Model = null

FlashMap:
       Attributes = null

MockHttpServletResponse:
           Status = 404
    Error message = null
          Headers = [Vary:"Origin", "Access-Control-Request-Method", "Access-Control-Request-Headers", X-Content-Type-Options:"nosniff", X-XSS-Protection:"1; mode=block", Cache-Control:"no-cache, no-store, max-age=0, must-revalidate", Pragma:"no-cache", Expires:"0", X-Frame-Options:"DENY"]
     Content type = null
             Body = 
    Forwarded URL = null
   Redirected URL = null
          Cookies = []

MockHttpServletRequest:
      HTTP Method = GET
      Request URI = /products/search/Pokemon
       Parameters = {}
          Headers = []
             Body = null
    Session Attrs = {}

Handler:
             Type = com.example.individualproject.controller.ProductController
           Method = com.example.individualproject.controller.ProductController#getAllProductsByName(String)

Async:
    Async started = false
     Async result = null

Resolved Exception:
             Type = null

ModelAndView:
        View name = null
             View = null
            Model = null

FlashMap:
       Attributes = null

MockHttpServletResponse:
           Status = 200
    Error message = null
          Headers = [Vary:"Origin", "Access-Control-Request-Method", "Access-Control-Request-Headers", Content-Type:"application/json", X-Content-Type-Options:"nosniff", X-XSS-Protection:"1; mode=block", Cache-Control:"no-cache, no-store, max-age=0, must-revalidate", Pragma:"no-cache", Expires:"0", X-Frame-Options:"DENY"]
     Content type = application/json
             Body = [{"id":1,"title":"Pokemon","subTitle":"diamond","series":"Pokemon","year":2022,"price":10.01,"condition":"TRASH","description":"Pokemon game","genre":"genre","productType":"GAME","images":[],"seller":null},{"id":2,"title":"Pokemon","subTitle":"Pearl","series":"Pokemon","year":2022,"price":10.01,"condition":"TRASH","description":"Pokemon game","genre":"genre","productType":"GAME","images":[],"seller":null}]
    Forwarded URL = null
   Redirected URL = null
          Cookies = []

MockHttpServletRequest:
      HTTP Method = PUT
      Request URI = /products
       Parameters = {}
          Headers = [Content-Type:"application/json;charset=UTF-8", Content-Length:"265"]
             Body = {
  "productId" : null,
  "title" : "Pokemon",
  "subTitle" : "diamond",
  "series" : "Pokemon",
  "year" : 2022,
  "price" : 10.01,
  "condition" : "TRASH",
  "description" : "Pokemon game",
  "genreId" : 1,
  "productType" : "GAME",
  "images" : [ ]
}
    Session Attrs = {}

Handler:
             Type = com.example.individualproject.controller.ProductController
           Method = com.example.individualproject.controller.ProductController#updateProduct(UpdateProductRequestDTO)

Async:
    Async started = false
     Async result = null

Resolved Exception:
             Type = null

ModelAndView:
        View name = null
             View = null
            Model = null

FlashMap:
       Attributes = null

MockHttpServletResponse:
           Status = 204
    Error message = null
          Headers = [Vary:"Origin", "Access-Control-Request-Method", "Access-Control-Request-Headers", X-Content-Type-Options:"nosniff", X-XSS-Protection:"1; mode=block", Cache-Control:"no-cache, no-store, max-age=0, must-revalidate", Pragma:"no-cache", Expires:"0", X-Frame-Options:"DENY"]
     Content type = null
             Body = 
    Forwarded URL = null
   Redirected URL = null
          Cookies = []

MockHttpServletRequest:
      HTTP Method = POST
      Request URI = /products
       Parameters = {}
          Headers = [Content-Type:"application/json;charset=UTF-8", Content-Length:"264"]
             Body = {
  "title" : "Pokemon",
  "subTitle" : "diamond",
  "series" : "Pokemon",
  "year" : 2022,
  "price" : 10.01,
  "condition" : "TRASH",
  "description" : "Pokemon game",
  "genreId" : 1,
  "productType" : "GAME",
  "images" : [ ],
  "seller" : "user"
}
    Session Attrs = {}

Handler:
             Type = com.example.individualproject.controller.ProductController
           Method = com.example.individualproject.controller.ProductController#createProduct(CreateProductRequestDTO)

Async:
    Async started = false
     Async result = null

Resolved Exception:
             Type = null

ModelAndView:
        View name = null
             View = null
            Model = null

FlashMap:
       Attributes = null

MockHttpServletResponse:
           Status = 409
    Error message = null
          Headers = [Vary:"Origin", "Access-Control-Request-Method", "Access-Control-Request-Headers", X-Content-Type-Options:"nosniff", X-XSS-Protection:"1; mode=block", Cache-Control:"no-cache, no-store, max-age=0, must-revalidate", Pragma:"no-cache", Expires:"0", X-Frame-Options:"DENY"]
     Content type = null
             Body = 
    Forwarded URL = null
   Redirected URL = null
          Cookies = []

MockHttpServletRequest:
      HTTP Method = GET
      Request URI = /products/1
       Parameters = {}
          Headers = []
             Body = null
    Session Attrs = {}

Handler:
             Type = com.example.individualproject.controller.ProductController
           Method = com.example.individualproject.controller.ProductController#getProduct(Long)

Async:
    Async started = false
     Async result = null

Resolved Exception:
             Type = null

ModelAndView:
        View name = null
             View = null
            Model = null

FlashMap:
       Attributes = null

MockHttpServletResponse:
           Status = 404
    Error message = null
          Headers = [Vary:"Origin", "Access-Control-Request-Method", "Access-Control-Request-Headers", X-Content-Type-Options:"nosniff", X-XSS-Protection:"1; mode=block", Cache-Control:"no-cache, no-store, max-age=0, must-revalidate", Pragma:"no-cache", Expires:"0", X-Frame-Options:"DENY"]
     Content type = null
             Body = 
    Forwarded URL = null
   Redirected URL = null
          Cookies = []

MockHttpServletRequest:
      HTTP Method = GET
      Request URI = /products
       Parameters = {}
          Headers = []
             Body = null
    Session Attrs = {}

Handler:
             Type = com.example.individualproject.controller.ProductController
           Method = com.example.individualproject.controller.ProductController#getAllProducts()

Async:
    Async started = false
     Async result = null

Resolved Exception:
             Type = null

ModelAndView:
        View name = null
             View = null
            Model = null

FlashMap:
       Attributes = null

MockHttpServletResponse:
           Status = 200
    Error message = null
          Headers = [Vary:"Origin", "Access-Control-Request-Method", "Access-Control-Request-Headers", Content-Type:"application/json", X-Content-Type-Options:"nosniff", X-XSS-Protection:"1; mode=block", Cache-Control:"no-cache, no-store, max-age=0, must-revalidate", Pragma:"no-cache", Expires:"0", X-Frame-Options:"DENY"]
     Content type = application/json
             Body = [{"id":1,"title":"Pokemon","subTitle":"diamond","series":"Pokemon","year":2022,"price":10.01,"condition":"TRASH","description":"Pokemon game","genre":"genre","productType":"GAME","images":[],"seller":null},{"id":2,"title":"Pokemon","subTitle":"Pearl","series":"Pokemon","year":2022,"price":10.01,"condition":"TRASH","description":"Pokemon game","genre":"genre","productType":"GAME","images":[],"seller":null}]
    Forwarded URL = null
   Redirected URL = null
          Cookies = []

MockHttpServletRequest:
      HTTP Method = GET
      Request URI = /products
       Parameters = {}
          Headers = []
             Body = null
    Session Attrs = {}

Handler:
             Type = com.example.individualproject.controller.ProductController
           Method = com.example.individualproject.controller.ProductController#getAllProducts()

Async:
    Async started = false
     Async result = null

Resolved Exception:
             Type = null

ModelAndView:
        View name = null
             View = null
            Model = null

FlashMap:
       Attributes = null

MockHttpServletResponse:
           Status = 404
    Error message = null
          Headers = [Vary:"Origin", "Access-Control-Request-Method", "Access-Control-Request-Headers", X-Content-Type-Options:"nosniff", X-XSS-Protection:"1; mode=block", Cache-Control:"no-cache, no-store, max-age=0, must-revalidate", Pragma:"no-cache", Expires:"0", X-Frame-Options:"DENY"]
     Content type = null
             Body = 
    Forwarded URL = null
   Redirected URL = null
          Cookies = []

MockHttpServletRequest:
      HTTP Method = PUT
      Request URI = /products/buy/1
       Parameters = {}
          Headers = []
             Body = null
    Session Attrs = {}

Handler:
             Type = com.example.individualproject.controller.ProductController
           Method = com.example.individualproject.controller.ProductController#buyProduct(Long)

Async:
    Async started = false
     Async result = null

Resolved Exception:
             Type = null

ModelAndView:
        View name = null
             View = null
            Model = null

FlashMap:
       Attributes = null

MockHttpServletResponse:
           Status = 200
    Error message = null
          Headers = [Vary:"Origin", "Access-Control-Request-Method", "Access-Control-Request-Headers", X-Content-Type-Options:"nosniff", X-XSS-Protection:"1; mode=block", Cache-Control:"no-cache, no-store, max-age=0, must-revalidate", Pragma:"no-cache", Expires:"0", X-Frame-Options:"DENY"]
     Content type = null
             Body = 
    Forwarded URL = null
   Redirected URL = null
          Cookies = []

MockHttpServletRequest:
      HTTP Method = GET
      Request URI = /products/search/Product
       Parameters = {}
          Headers = []
             Body = null
    Session Attrs = {}

Handler:
             Type = com.example.individualproject.controller.ProductController
           Method = com.example.individualproject.controller.ProductController#getAllProductsByName(String)

Async:
    Async started = false
     Async result = null

Resolved Exception:
             Type = null

ModelAndView:
        View name = null
             View = null
            Model = null

FlashMap:
       Attributes = null

MockHttpServletResponse:
           Status = 404
    Error message = null
          Headers = [Vary:"Origin", "Access-Control-Request-Method", "Access-Control-Request-Headers", X-Content-Type-Options:"nosniff", X-XSS-Protection:"1; mode=block", Cache-Control:"no-cache, no-store, max-age=0, must-revalidate", Pragma:"no-cache", Expires:"0", X-Frame-Options:"DENY"]
     Content type = null
             Body = 
    Forwarded URL = null
   Redirected URL = null
          Cookies = []

MockHttpServletRequest:
      HTTP Method = DELETE
      Request URI = /products/admin/1
       Parameters = {}
          Headers = []
             Body = null
    Session Attrs = {}

Handler:
             Type = com.example.individualproject.controller.ProductController
           Method = com.example.individualproject.controller.ProductController#deleteProductAdmin(Long)

Async:
    Async started = false
     Async result = null

Resolved Exception:
             Type = null

ModelAndView:
        View name = null
             View = null
            Model = null

FlashMap:
       Attributes = null

MockHttpServletResponse:
           Status = 204
    Error message = null
          Headers = [Vary:"Origin", "Access-Control-Request-Method", "Access-Control-Request-Headers", X-Content-Type-Options:"nosniff", X-XSS-Protection:"1; mode=block", Cache-Control:"no-cache, no-store, max-age=0, must-revalidate", Pragma:"no-cache", Expires:"0", X-Frame-Options:"DENY"]
     Content type = null
             Body = 
    Forwarded URL = null
   Redirected URL = null
          Cookies = []

MockHttpServletRequest:
      HTTP Method = GET
      Request URI = /products/normal/Lars
       Parameters = {}
          Headers = []
             Body = null
    Session Attrs = {}

Handler:
             Type = com.example.individualproject.controller.ProductController
           Method = com.example.individualproject.controller.ProductController#getUsersProductsNormal(String)

Async:
    Async started = false
     Async result = null

Resolved Exception:
             Type = null

ModelAndView:
        View name = null
             View = null
            Model = null

FlashMap:
       Attributes = null

MockHttpServletResponse:
           Status = 200
    Error message = null
          Headers = [Vary:"Origin", "Access-Control-Request-Method", "Access-Control-Request-Headers", Content-Type:"application/json", X-Content-Type-Options:"nosniff", X-XSS-Protection:"1; mode=block", Cache-Control:"no-cache, no-store, max-age=0, must-revalidate", Pragma:"no-cache", Expires:"0", X-Frame-Options:"DENY"]
     Content type = application/json
             Body = [{"id":1,"title":"Pokemon","subTitle":"diamond","series":"Pokemon","year":2022,"price":10.01,"condition":"TRASH","description":"Pokemon game","genre":"genre","productType":"GAME","images":[],"seller":null},{"id":2,"title":"Pokemon","subTitle":"Pearl","series":"Pokemon","year":2022,"price":10.01,"condition":"TRASH","description":"Pokemon game","genre":"genre","productType":"GAME","images":[],"seller":null}]
    Forwarded URL = null
   Redirected URL = null
          Cookies = []

MockHttpServletRequest:
      HTTP Method = DELETE
      Request URI = /products/normal/1
       Parameters = {}
          Headers = []
             Body = null
    Session Attrs = {}

Handler:
             Type = com.example.individualproject.controller.ProductController
           Method = com.example.individualproject.controller.ProductController#deleteProductNormalUser(Long)

Async:
    Async started = false
     Async result = null

Resolved Exception:
             Type = null

ModelAndView:
        View name = null
             View = null
            Model = null

FlashMap:
       Attributes = null

MockHttpServletResponse:
           Status = 204
    Error message = null
          Headers = [Vary:"Origin", "Access-Control-Request-Method", "Access-Control-Request-Headers", X-Content-Type-Options:"nosniff", X-XSS-Protection:"1; mode=block", Cache-Control:"no-cache, no-store, max-age=0, must-revalidate", Pragma:"no-cache", Expires:"0", X-Frame-Options:"DENY"]
     Content type = null
             Body = 
    Forwarded URL = null
   Redirected URL = null
          Cookies = []

MockHttpServletRequest:
      HTTP Method = PUT
      Request URI = /products
       Parameters = {}
          Headers = [Content-Type:"application/json;charset=UTF-8", Content-Length:"265"]
             Body = {
  "productId" : null,
  "title" : "Pokemon",
  "subTitle" : "diamond",
  "series" : "Pokemon",
  "year" : 2022,
  "price" : 10.01,
  "condition" : "TRASH",
  "description" : "Pokemon game",
  "genreId" : 1,
  "productType" : "GAME",
  "images" : [ ]
}
    Session Attrs = {}

Handler:
             Type = com.example.individualproject.controller.ProductController
           Method = com.example.individualproject.controller.ProductController#updateProduct(UpdateProductRequestDTO)

Async:
    Async started = false
     Async result = null

Resolved Exception:
             Type = null

ModelAndView:
        View name = null
             View = null
            Model = null

FlashMap:
       Attributes = null

MockHttpServletResponse:
           Status = 400
    Error message = null
          Headers = [Vary:"Origin", "Access-Control-Request-Method", "Access-Control-Request-Headers", X-Content-Type-Options:"nosniff", X-XSS-Protection:"1; mode=block", Cache-Control:"no-cache, no-store, max-age=0, must-revalidate", Pragma:"no-cache", Expires:"0", X-Frame-Options:"DENY"]
     Content type = null
             Body = 
    Forwarded URL = null
   Redirected URL = null
          Cookies = []

MockHttpServletRequest:
      HTTP Method = GET
      Request URI = /products/1
       Parameters = {}
          Headers = []
             Body = null
    Session Attrs = {}

Handler:
             Type = com.example.individualproject.controller.ProductController
           Method = com.example.individualproject.controller.ProductController#getProduct(Long)

Async:
    Async started = false
     Async result = null

Resolved Exception:
             Type = null

ModelAndView:
        View name = null
             View = null
            Model = null

FlashMap:
       Attributes = null

MockHttpServletResponse:
           Status = 200
    Error message = null
          Headers = [Vary:"Origin", "Access-Control-Request-Method", "Access-Control-Request-Headers", Content-Type:"application/json", X-Content-Type-Options:"nosniff", X-XSS-Protection:"1; mode=block", Cache-Control:"no-cache, no-store, max-age=0, must-revalidate", Pragma:"no-cache", Expires:"0", X-Frame-Options:"DENY"]
     Content type = application/json
             Body = {"id":1,"title":"Pokemon","subTitle":"diamond","series":"Pokemon","year":2022,"price":10.01,"condition":"TRASH","description":"Pokemon game","genre":"genre","productType":"GAME","images":[],"seller":null}
    Forwarded URL = null
   Redirected URL = null
          Cookies = []

MockHttpServletRequest:
      HTTP Method = GET
      Request URI = /products/admin/Lars
       Parameters = {}
          Headers = []
             Body = null
    Session Attrs = {}

Handler:
             Type = com.example.individualproject.controller.ProductController
           Method = com.example.individualproject.controller.ProductController#getUsersProductsAdmin(String)

Async:
    Async started = false
     Async result = null

Resolved Exception:
             Type = null

ModelAndView:
        View name = null
             View = null
            Model = null

FlashMap:
       Attributes = null

MockHttpServletResponse:
           Status = 200
    Error message = null
          Headers = [Vary:"Origin", "Access-Control-Request-Method", "Access-Control-Request-Headers", Content-Type:"application/json", X-Content-Type-Options:"nosniff", X-XSS-Protection:"1; mode=block", Cache-Control:"no-cache, no-store, max-age=0, must-revalidate", Pragma:"no-cache", Expires:"0", X-Frame-Options:"DENY"]
     Content type = application/json
             Body = [{"id":1,"title":"Pokemon","subTitle":"diamond","series":"Pokemon","year":2022,"price":10.01,"condition":"TRASH","description":"Pokemon game","genre":"genre","productType":"GAME","images":[],"seller":null},{"id":2,"title":"Pokemon","subTitle":"Pearl","series":"Pokemon","year":2022,"price":10.01,"condition":"TRASH","description":"Pokemon game","genre":"genre","productType":"GAME","images":[],"seller":null}]
    Forwarded URL = null
   Redirected URL = null
          Cookies = []

MockHttpServletRequest:
      HTTP Method = POST
      Request URI = /products
       Parameters = {}
          Headers = [Content-Type:"application/json;charset=UTF-8", Content-Length:"264"]
             Body = {
  "title" : "Pokemon",
  "subTitle" : "diamond",
  "series" : "Pokemon",
  "year" : 2022,
  "price" : 10.01,
  "condition" : "TRASH",
  "description" : "Pokemon game",
  "genreId" : 1,
  "productType" : "GAME",
  "images" : [ ],
  "seller" : "user"
}
    Session Attrs = {}

Handler:
             Type = com.example.individualproject.controller.ProductController
           Method = com.example.individualproject.controller.ProductController#createProduct(CreateProductRequestDTO)

Async:
    Async started = false
     Async result = null

Resolved Exception:
             Type = null

ModelAndView:
        View name = null
             View = null
            Model = null

FlashMap:
       Attributes = null

MockHttpServletResponse:
           Status = 201
    Error message = null
          Headers = [Vary:"Origin", "Access-Control-Request-Method", "Access-Control-Request-Headers", Location:"products/1", Content-Type:"application/json", X-Content-Type-Options:"nosniff", X-XSS-Protection:"1; mode=block", Cache-Control:"no-cache, no-store, max-age=0, must-revalidate", Pragma:"no-cache", Expires:"0", X-Frame-Options:"DENY"]
     Content type = application/json
             Body = {"productId":1}
    Forwarded URL = null
   Redirected URL = products/1
          Cookies = []
]]></system-out>
  <system-err><![CDATA[]]></system-err>
</testsuite>
