<?xml version="1.0" encoding="UTF-8"?>
<testsuite name="com.example.individualproject.Entity.AdminTests" tests="1" skipped="0" failures="0" errors="0" timestamp="2022-04-24T09:25:20" hostname="MSILARS" time="0.007">
  <properties/>
  <testcase name="test_NormalUserConstructors()" classname="com.example.individualproject.Entity.AdminTests" time="0.007"/>
  <system-out><![CDATA[]]></system-out>
  <system-err><![CDATA[]]></system-err>
</testsuite>
