<?xml version="1.0" encoding="UTF-8"?>
<testsuite name="com.example.individualproject.BusinessImpl.ProductServiceImpl.ProductServiceImplTests" tests="1" skipped="0" failures="0" errors="0" timestamp="2022-04-13T11:28:34" hostname="MSILARS" time="0.926">
  <properties/>
  <testcase name="getAllProducts()" classname="com.example.individualproject.BusinessImpl.ProductServiceImpl.ProductServiceImplTests" time="0.926"/>
  <system-out><![CDATA[]]></system-out>
  <system-err><![CDATA[]]></system-err>
</testsuite>
