<?xml version="1.0" encoding="UTF-8"?>
<testsuite name="com.example.individualproject.controller.LoginControllerTest" tests="1" skipped="0" failures="0" errors="0" timestamp="2022-06-13T07:00:43" hostname="MSILARS" time="0.094">
  <properties/>
  <testcase name="login()" classname="com.example.individualproject.controller.LoginControllerTest" time="0.094"/>
  <system-out><![CDATA[2022-06-13 09:00:41.590  INFO 22512 --- [    Test worker] .b.t.c.SpringBootTestContextBootstrapper : Neither @ContextConfiguration nor @ContextHierarchy found for test class [com.example.individualproject.controller.LoginControllerTest], using SpringBootContextLoader
2022-06-13 09:00:41.591  INFO 22512 --- [    Test worker] o.s.t.c.support.AbstractContextLoader    : Could not detect default resource locations for test class [com.example.individualproject.controller.LoginControllerTest]: no resource found for suffixes {-context.xml, Context.groovy}.
2022-06-13 09:00:41.592  INFO 22512 --- [    Test worker] t.c.s.AnnotationConfigContextLoaderUtils : Could not detect default configuration classes for test class [com.example.individualproject.controller.LoginControllerTest]: LoginControllerTest does not declare any static, non-private, non-final, nested classes annotated with @Configuration.
2022-06-13 09:00:41.594  INFO 22512 --- [    Test worker] .b.t.c.SpringBootTestContextBootstrapper : Found @SpringBootConfiguration com.example.individualproject.IndividualProjectApplication for test class com.example.individualproject.controller.LoginControllerTest
2022-06-13 09:00:41.597  INFO 22512 --- [    Test worker] .b.t.c.SpringBootTestContextBootstrapper : Loaded default TestExecutionListener class names from location [META-INF/spring.factories]: [org.springframework.security.test.context.support.WithSecurityContextTestExecutionListener, org.springframework.security.test.context.support.ReactorContextTestExecutionListener, org.springframework.boot.test.autoconfigure.restdocs.RestDocsTestExecutionListener, org.springframework.boot.test.autoconfigure.web.client.MockRestServiceServerResetTestExecutionListener, org.springframework.boot.test.autoconfigure.web.servlet.MockMvcPrintOnlyOnFailureTestExecutionListener, org.springframework.boot.test.autoconfigure.web.servlet.WebDriverTestExecutionListener, org.springframework.boot.test.autoconfigure.webservices.client.MockWebServiceServerTestExecutionListener, org.springframework.boot.test.mock.mockito.MockitoTestExecutionListener, org.springframework.boot.test.mock.mockito.ResetMocksTestExecutionListener, org.springframework.test.context.web.ServletTestExecutionListener, org.springframework.test.context.support.DirtiesContextBeforeModesTestExecutionListener, org.springframework.test.context.event.ApplicationEventsTestExecutionListener, org.springframework.test.context.support.DependencyInjectionTestExecutionListener, org.springframework.test.context.support.DirtiesContextTestExecutionListener, org.springframework.test.context.transaction.TransactionalTestExecutionListener, org.springframework.test.context.jdbc.SqlScriptsTestExecutionListener, org.springframework.test.context.event.EventPublishingTestExecutionListener]
2022-06-13 09:00:41.598  INFO 22512 --- [    Test worker] .b.t.c.SpringBootTestContextBootstrapper : Using TestExecutionListeners: [org.springframework.test.context.web.ServletTestExecutionListener@13b52b4f, org.springframework.test.context.support.DirtiesContextBeforeModesTestExecutionListener@3f160ea8, org.springframework.test.context.event.ApplicationEventsTestExecutionListener@5371b902, org.springframework.boot.test.mock.mockito.MockitoTestExecutionListener@42b53321, org.springframework.boot.test.autoconfigure.SpringBootDependencyInjectionTestExecutionListener@78e0876b, org.springframework.test.context.support.DirtiesContextTestExecutionListener@778cb591, org.springframework.test.context.transaction.TransactionalTestExecutionListener@29ebbbcb, org.springframework.test.context.jdbc.SqlScriptsTestExecutionListener@422ca9ec, org.springframework.security.test.context.support.WithSecurityContextTestExecutionListener@3e0bb51d, org.springframework.test.context.event.EventPublishingTestExecutionListener@2cb9af70, org.springframework.security.test.context.support.ReactorContextTestExecutionListener@58f86ccf, org.springframework.boot.test.autoconfigure.restdocs.RestDocsTestExecutionListener@7f3cddf5, org.springframework.boot.test.autoconfigure.web.client.MockRestServiceServerResetTestExecutionListener@1cfc2c52, org.springframework.boot.test.autoconfigure.web.servlet.MockMvcPrintOnlyOnFailureTestExecutionListener@7d5fc292, org.springframework.boot.test.autoconfigure.web.servlet.WebDriverTestExecutionListener@66da47e2, org.springframework.boot.test.autoconfigure.webservices.client.MockWebServiceServerTestExecutionListener@7f90edb9, org.springframework.boot.test.mock.mockito.ResetMocksTestExecutionListener@2f3d0a5]

  .   ____          _            __ _ _
 /\\ / ___'_ __ _ _(_)_ __  __ _ \ \ \ \
( ( )\___ | '_ | '_| | '_ \/ _` | \ \ \ \
 \\/  ___)| |_)| | | | | || (_| |  ) ) ) )
  '  |____| .__|_| |_|_| |_\__, | / / / /
 =========|_|==============|___/=/_/_/_/
 :: Spring Boot ::                (v2.6.3)

2022-06-13 09:00:41.629  INFO 22512 --- [    Test worker] c.e.i.controller.LoginControllerTest     : Starting LoginControllerTest using Java 17.0.2 on MSILars with PID 22512 (started by lars in C:\Users\lars\Desktop\ict\sem3\IndividualTask\s3_idividual_project\Idividual_project)
2022-06-13 09:00:41.629  INFO 22512 --- [    Test worker] c.e.i.controller.LoginControllerTest     : No active profile set, falling back to default profiles: default
2022-06-13 09:00:41.852  INFO 22512 --- [    Test worker] .s.d.r.c.RepositoryConfigurationDelegate : Bootstrapping Spring Data JPA repositories in DEFAULT mode.
2022-06-13 09:00:41.885  INFO 22512 --- [    Test worker] .s.d.r.c.RepositoryConfigurationDelegate : Finished Spring Data repository scanning in 32 ms. Found 5 JPA repository interfaces.
2022-06-13 09:00:42.010  INFO 22512 --- [    Test worker] trationDelegate$BeanPostProcessorChecker : Bean 'methodSecurityConfig' of type [com.example.individualproject.configuration.security.MethodSecurityConfig$$EnhancerBySpringCGLIB$$4e2d9be0] is not eligible for getting processed by all BeanPostProcessors (for example: not eligible for auto-proxying)
2022-06-13 09:00:42.087  INFO 22512 --- [    Test worker] o.f.c.internal.license.VersionPrinter    : Flyway Community Edition 8.5.11 by Redgate
2022-06-13 09:00:42.087  INFO 22512 --- [    Test worker] o.f.c.internal.license.VersionPrinter    : See what's new here: https://flywaydb.org/documentation/learnmore/releaseNotes#8.5.11
2022-06-13 09:00:42.087  INFO 22512 --- [    Test worker] o.f.c.internal.license.VersionPrinter    : 
2022-06-13 09:00:42.088  INFO 22512 --- [    Test worker] com.zaxxer.hikari.HikariDataSource       : HikariPool-2 - Starting...
2022-06-13 09:00:42.107  INFO 22512 --- [    Test worker] com.zaxxer.hikari.HikariDataSource       : HikariPool-2 - Start completed.
2022-06-13 09:00:42.108  INFO 22512 --- [    Test worker] o.f.c.i.database.base.BaseDatabaseType   : Database: jdbc:mysql://localhost:3306/game_marked (MySQL 8.0)
2022-06-13 09:00:42.126  INFO 22512 --- [    Test worker] o.f.core.internal.command.DbValidate     : Successfully validated 3 migrations (execution time 00:00.007s)
2022-06-13 09:00:42.136  INFO 22512 --- [    Test worker] o.f.core.internal.command.DbMigrate      : Current version of schema `game_marked`: 3
2022-06-13 09:00:42.138  INFO 22512 --- [    Test worker] o.f.core.internal.command.DbMigrate      : Schema `game_marked` is up to date. No migration necessary.
2022-06-13 09:00:42.198  INFO 22512 --- [    Test worker] o.hibernate.jpa.internal.util.LogHelper  : HHH000204: Processing PersistenceUnitInfo [name: default]
2022-06-13 09:00:42.203  INFO 22512 --- [    Test worker] org.hibernate.dialect.Dialect            : HHH000400: Using dialect: org.hibernate.dialect.MySQL8Dialect
2022-06-13 09:00:42.293  INFO 22512 --- [    Test worker] o.h.e.t.j.p.i.JtaPlatformInitiator       : HHH000490: Using JtaPlatform implementation: [org.hibernate.engine.transaction.jta.platform.internal.NoJtaPlatform]
2022-06-13 09:00:42.293  INFO 22512 --- [    Test worker] j.LocalContainerEntityManagerFactoryBean : Initialized JPA EntityManagerFactory for persistence unit 'default'
2022-06-13 09:00:42.656  INFO 22512 --- [    Test worker] .s.s.UserDetailsServiceAutoConfiguration : 

Using generated security password: 947613d6-8bfa-4b71-9e9e-d69c5a7f6524

2022-06-13 09:00:42.718  INFO 22512 --- [    Test worker] o.s.s.web.DefaultSecurityFilterChain     : Will secure any request with [org.springframework.security.web.context.request.async.WebAsyncManagerIntegrationFilter@384cd246, org.springframework.security.web.context.SecurityContextPersistenceFilter@30be1f09, org.springframework.security.web.header.HeaderWriterFilter@16046818, org.springframework.security.web.authentication.logout.LogoutFilter@42ce0fdd, org.springframework.security.web.savedrequest.RequestCacheAwareFilter@47ade0, org.springframework.security.web.servletapi.SecurityContextHolderAwareRequestFilter@7f8792f6, org.springframework.security.web.authentication.AnonymousAuthenticationFilter@a4e9275, org.springframework.security.web.session.SessionManagementFilter@5ce92b99, org.springframework.security.web.access.ExceptionTranslationFilter@1de02dc2]
2022-06-13 09:00:43.630  INFO 22512 --- [    Test worker] o.s.b.t.m.w.SpringBootMockServletContext : Initializing Spring TestDispatcherServlet ''
2022-06-13 09:00:43.630  INFO 22512 --- [    Test worker] o.s.t.web.servlet.TestDispatcherServlet  : Initializing Servlet ''
2022-06-13 09:00:43.631  INFO 22512 --- [    Test worker] o.s.t.web.servlet.TestDispatcherServlet  : Completed initialization in 0 ms
2022-06-13 09:00:43.645  INFO 22512 --- [    Test worker] o.s.m.s.b.SimpleBrokerMessageHandler     : Starting...
2022-06-13 09:00:43.645  INFO 22512 --- [    Test worker] o.s.m.s.b.SimpleBrokerMessageHandler     : BrokerAvailabilityEvent[available=true, SimpleBrokerMessageHandler [org.springframework.messaging.simp.broker.DefaultSubscriptionRegistry@b868353]]
2022-06-13 09:00:43.645  INFO 22512 --- [    Test worker] o.s.m.s.b.SimpleBrokerMessageHandler     : Started.
2022-06-13 09:00:43.650  INFO 22512 --- [    Test worker] c.e.i.controller.LoginControllerTest     : Started LoginControllerTest in 2.049 seconds (JVM running for 14.108)

MockHttpServletRequest:
      HTTP Method = POST
      Request URI = /login
       Parameters = {}
          Headers = [Content-Type:"application/json;charset=UTF-8", Content-Length:"55"]
             Body = {
  "username" : "worker",
  "password" : "worker"
}
    Session Attrs = {}

Handler:
             Type = com.example.individualproject.controller.LoginController
           Method = com.example.individualproject.controller.LoginController#login(LoginRequestDTO)

Async:
    Async started = false
     Async result = null

Resolved Exception:
             Type = null

ModelAndView:
        View name = null
             View = null
            Model = null

FlashMap:
       Attributes = null

MockHttpServletResponse:
           Status = 200
    Error message = null
          Headers = [Vary:"Origin", "Access-Control-Request-Method", "Access-Control-Request-Headers", Content-Type:"application/json", X-Content-Type-Options:"nosniff", X-XSS-Protection:"1; mode=block", Cache-Control:"no-cache, no-store, max-age=0, must-revalidate", Pragma:"no-cache", Expires:"0", X-Frame-Options:"DENY"]
     Content type = application/json
             Body = {"accessToken":"token","authorizationLevel":"NormalUser"}
    Forwarded URL = null
   Redirected URL = null
          Cookies = []
]]></system-out>
  <system-err><![CDATA[]]></system-err>
</testsuite>
